
--------------------------------------------------------------------------------------
 Mapping parameters
--------------------------------------------------------------------------------------
 ANTSPATH is /home/trinkle/bin/ants/bin/

 Dimensionality:           2
 Output name prefix:       slice960
 Fixed images:             ../Al/Al_960.tif
 Moving images:            ../No/No_960.tif
 Mask images:              
 Initial transforms:       
 Number of threads:        2
 Spline distance:          26
 Transform type:           s
 CC radius:                4
 Precision:                d
 Use histogram matching    0
======================================================================================
 antsRegistration call:
--------------------------------------------------------------------------------------
/home/trinkle/bin/ants/bin//antsRegistration --verbose 1 --dimensionality 2 --float 0 --collapse-output-transforms 1 --output [slice960,slice960Warped.nii.gz,slice960InverseWarped.nii.gz] --interpolation Linear --use-histogram-matching 0 --winsorize-image-intensities [0.005,0.995] --initial-moving-transform [../Al/Al_960.tif,../No/No_960.tif,1] --transform Rigid[0.1] --metric MI[../Al/Al_960.tif,../No/No_960.tif,1,32,Regular,0.25] --convergence [1000x500x250x100,1e-6,10] --shrink-factors 12x8x4x2 --smoothing-sigmas 4x3x2x1vox --transform Affine[0.1] --metric MI[../Al/Al_960.tif,../No/No_960.tif,1,32,Regular,0.25] --convergence [1000x500x250x100,1e-6,10] --shrink-factors 12x8x4x2 --smoothing-sigmas 4x3x2x1vox --transform SyN[0.1,3,0] --metric CC[../Al/Al_960.tif,../No/No_960.tif,1,4] --convergence [100x100x70x50x20,1e-6,10] --shrink-factors 10x6x4x2x1 --smoothing-sigmas 5x3x2x1x0vox
--------------------------------------------------------------------------------------
All_Command_lines_OK
Using double precision for computations.
=============================================================================
The composite transform comprises the following transforms (in order): 
  1. Center of mass alignment using fixed image: ../Al/Al_960.tif and moving image: ../No/No_960.tif (type = Euler2DTransform)
=============================================================================
  number of levels = 4
  number of levels = 4
  number of levels = 5
  fixed image: ../Al/Al_960.tif
  moving image: ../No/No_960.tif
  fixed image: ../Al/Al_960.tif
  moving image: ../No/No_960.tif
  fixed image: ../Al/Al_960.tif
  moving image: ../No/No_960.tif
Dimension = 2
Number of stages = 3
Use Histogram Matching false
Winsorize image intensities true
Lower quantile = 0.005
Upper quantile = 0.995
Stage 1 State
   Image metric = Mattes
     Fixed image = Image (0x3f814c0)
  RTTI typeinfo:   itk::Image<double, 2u>
  Reference Count: 2
  Modified Time: 1576
  Debug: Off
  Object Name: 
  Observers: 
    none
  Source: (none)
  Source output name: (none)
  Release Data: Off
  Data Released: False
  Global Release Data: Off
  PipelineMTime: 0
  UpdateMTime: 1411
  RealTimeStamp: 0 seconds 
  LargestPossibleRegion: 
    Dimension: 2
    Index: [0, 0]
    Size: [1920, 1920]
  BufferedRegion: 
    Dimension: 2
    Index: [0, 0]
    Size: [1920, 1920]
  RequestedRegion: 
    Dimension: 2
    Index: [0, 0]
    Size: [1920, 1920]
  Spacing: [1, 1]
  Origin: [0, 0]
  Direction: 
1 0
0 1

  IndexToPointMatrix: 
1 0
0 1

  PointToIndexMatrix: 
1 0
0 1

  Inverse Direction: 
1 0
0 1

  PixelContainer: 
    ImportImageContainer (0x3f63a50)
      RTTI typeinfo:   itk::ImportImageContainer<unsigned long, double>
      Reference Count: 1
      Modified Time: 1408
      Debug: Off
      Object Name: 
      Observers: 
        none
      Pointer: 0x3f98630
      Container manages memory: true
      Size: 3686400
      Capacity: 3686400

     Moving image = Image (0x3f77f80)
  RTTI typeinfo:   itk::Image<double, 2u>
  Reference Count: 2
  Modified Time: 1577
  Debug: Off
  Object Name: 
  Observers: 
    none
  Source: (none)
  Source output name: (none)
  Release Data: Off
  Data Released: False
  Global Release Data: Off
  PipelineMTime: 0
  UpdateMTime: 1574
  RealTimeStamp: 0 seconds 
  LargestPossibleRegion: 
    Dimension: 2
    Index: [0, 0]
    Size: [1920, 1920]
  BufferedRegion: 
    Dimension: 2
    Index: [0, 0]
    Size: [1920, 1920]
  RequestedRegion: 
    Dimension: 2
    Index: [0, 0]
    Size: [1920, 1920]
  Spacing: [1, 1]
  Origin: [0, 0]
  Direction: 
1 0
0 1

  IndexToPointMatrix: 
1 0
0 1

  PointToIndexMatrix: 
1 0
0 1

  Inverse Direction: 
1 0
0 1

  PixelContainer: 
    ImportImageContainer (0x3f8cbe0)
      RTTI typeinfo:   itk::ImportImageContainer<unsigned long, double>
      Reference Count: 1
      Modified Time: 1571
      Debug: Off
      Object Name: 
      Observers: 
        none
      Pointer: 0x5bb8b00
      Container manages memory: true
      Size: 3686400
      Capacity: 3686400

     Weighting = 1
     Sampling strategy = regular
     Number of bins = 32
     Radius = 4
     Sampling percentage  = 0.25
   Transform = Rigid
     Gradient step = 0.1
     Update field sigma (voxel space) = 0
     Total field sigma (voxel space) = 0
     Update field time sigma = 0
     Total field time sigma  = 0
     Number of time indices = 0
     Number of time point samples = 0
Stage 2 State
   Image metric = Mattes
     Fixed image = Image (0x3f93170)
  RTTI typeinfo:   itk::Image<double, 2u>
  Reference Count: 2
  Modified Time: 1904
  Debug: Off
  Object Name: 
  Observers: 
    none
  Source: (none)
  Source output name: (none)
  Release Data: Off
  Data Released: False
  Global Release Data: Off
  PipelineMTime: 0
  UpdateMTime: 1739
  RealTimeStamp: 0 seconds 
  LargestPossibleRegion: 
    Dimension: 2
    Index: [0, 0]
    Size: [1920, 1920]
  BufferedRegion: 
    Dimension: 2
    Index: [0, 0]
    Size: [1920, 1920]
  RequestedRegion: 
    Dimension: 2
    Index: [0, 0]
    Size: [1920, 1920]
  Spacing: [1, 1]
  Origin: [0, 0]
  Direction: 
1 0
0 1

  IndexToPointMatrix: 
1 0
0 1

  PointToIndexMatrix: 
1 0
0 1

  Inverse Direction: 
1 0
0 1

  PixelContainer: 
    ImportImageContainer (0x3f8b5b0)
      RTTI typeinfo:   itk::ImportImageContainer<unsigned long, double>
      Reference Count: 1
      Modified Time: 1736
      Debug: Off
      Object Name: 
      Observers: 
        none
      Pointer: 0x77d8fd0
      Container manages memory: true
      Size: 3686400
      Capacity: 3686400

     Moving image = Image (0x3f93320)
  RTTI typeinfo:   itk::Image<double, 2u>
  Reference Count: 2
  Modified Time: 1905
  Debug: Off
  Object Name: 
  Observers: 
    none
  Source: (none)
  Source output name: (none)
  Release Data: Off
  Data Released: False
  Global Release Data: Off
  PipelineMTime: 0
  UpdateMTime: 1902
  RealTimeStamp: 0 seconds 
  LargestPossibleRegion: 
    Dimension: 2
    Index: [0, 0]
    Size: [1920, 1920]
  BufferedRegion: 
    Dimension: 2
    Index: [0, 0]
    Size: [1920, 1920]
  RequestedRegion: 
    Dimension: 2
    Index: [0, 0]
    Size: [1920, 1920]
  Spacing: [1, 1]
  Origin: [0, 0]
  Direction: 
1 0
0 1

  IndexToPointMatrix: 
1 0
0 1

  PointToIndexMatrix: 
1 0
0 1

  Inverse Direction: 
1 0
0 1

  PixelContainer: 
    ImportImageContainer (0x3f77a70)
      RTTI typeinfo:   itk::ImportImageContainer<unsigned long, double>
      Reference Count: 1
      Modified Time: 1899
      Debug: Off
      Object Name: 
      Observers: 
        none
      Pointer: 0x93f8fe0
      Container manages memory: true
      Size: 3686400
      Capacity: 3686400

     Weighting = 1
     Sampling strategy = regular
     Number of bins = 32
     Radius = 4
     Sampling percentage  = 0.25
   Transform = Affine
     Gradient step = 0.1
     Update field sigma (voxel space) = 0
     Total field sigma (voxel space) = 0
     Update field time sigma = 0
     Total field time sigma  = 0
     Number of time indices = 0
     Number of time point samples = 0
Stage 3 State
   Image metric = CC
     Fixed image = Image (0x77d8c50)
  RTTI typeinfo:   itk::Image<double, 2u>
  Reference Count: 2
  Modified Time: 2232
  Debug: Off
  Object Name: 
  Observers: 
    none
  Source: (none)
  Source output name: (none)
  Release Data: Off
  Data Released: False
  Global Release Data: Off
  PipelineMTime: 0
  UpdateMTime: 2067
  RealTimeStamp: 0 seconds 
  LargestPossibleRegion: 
    Dimension: 2
    Index: [0, 0]
    Size: [1920, 1920]
  BufferedRegion: 
    Dimension: 2
    Index: [0, 0]
    Size: [1920, 1920]
  RequestedRegion: 
    Dimension: 2
    Index: [0, 0]
    Size: [1920, 1920]
  Spacing: [1, 1]
  Origin: [0, 0]
  Direction: 
1 0
0 1

  IndexToPointMatrix: 
1 0
0 1

  PointToIndexMatrix: 
1 0
0 1

  Inverse Direction: 
1 0
0 1

  PixelContainer: 
    ImportImageContainer (0x3f672b0)
      RTTI typeinfo:   itk::ImportImageContainer<unsigned long, double>
      Reference Count: 1
      Modified Time: 2064
      Debug: Off
      Object Name: 
      Observers: 
        none
      Pointer: 0xb0194b0
      Container manages memory: true
      Size: 3686400
      Capacity: 3686400

     Moving image = Image (0x5bb8780)
  RTTI typeinfo:   itk::Image<double, 2u>
  Reference Count: 2
  Modified Time: 2233
  Debug: Off
  Object Name: 
  Observers: 
    none
  Source: (none)
  Source output name: (none)
  Release Data: Off
  Data Released: False
  Global Release Data: Off
  PipelineMTime: 0
  UpdateMTime: 2230
  RealTimeStamp: 0 seconds 
  LargestPossibleRegion: 
    Dimension: 2
    Index: [0, 0]
    Size: [1920, 1920]
  BufferedRegion: 
    Dimension: 2
    Index: [0, 0]
    Size: [1920, 1920]
  RequestedRegion: 
    Dimension: 2
    Index: [0, 0]
    Size: [1920, 1920]
  Spacing: [1, 1]
  Origin: [0, 0]
  Direction: 
1 0
0 1

  IndexToPointMatrix: 
1 0
0 1

  PointToIndexMatrix: 
1 0
0 1

  Inverse Direction: 
1 0
0 1

  PixelContainer: 
    ImportImageContainer (0x5bb8980)
      RTTI typeinfo:   itk::ImportImageContainer<unsigned long, double>
      Reference Count: 1
      Modified Time: 2227
      Debug: Off
      Object Name: 
      Observers: 
        none
      Pointer: 0xcc394c0
      Container manages memory: true
      Size: 3686400
      Capacity: 3686400

     Weighting = 1
     Sampling strategy = none
     Number of bins = 32
     Radius = 4
     Sampling percentage  = 1
   Transform = SyN
     Gradient step = 0.1
     Update field sigma (voxel space) = 3
     Total field sigma (voxel space) = 0
     Update field time sigma = 0
     Total field time sigma  = 0
     Number of time indices = 0
     Number of time point samples = 0
Registration using 3 total stages.

Stage 0
  iterations = 1000x500x250x100
  convergence threshold = 1e-06
  convergence window size = 10
  number of levels = 4
  using the Mattes MI metric (number of bins = 32, weight = 1)
  preprocessing:  winsorizing the image intensities
  Shrink factors (level 1 out of 4): [12, 12]
  Shrink factors (level 2 out of 4): [8, 8]
  Shrink factors (level 3 out of 4): [4, 4]
  Shrink factors (level 4 out of 4): [2, 2]
  smoothing sigmas per level: [4, 3, 2, 1]
  regular sampling (percentage = 0.25)

*** Running Euler2DTransform registration ***

DIAGNOSTIC,Iteration,metricValue,convergenceValue,ITERATION_TIME_INDEX,SINCE_LAST
 2DIAGNOSTIC,     1, -8.737886587651e-01, 1.797693134862e+308, 7.5136e-01, 7.5135e-01, 
 2DIAGNOSTIC,     2, -8.749226313802e-01, 1.797693134862e+308, 7.6602e-01, 1.4667e-02, 
 2DIAGNOSTIC,     3, -8.770247196846e-01, 1.797693134862e+308, 7.8019e-01, 1.4170e-02, 
 2DIAGNOSTIC,     4, -8.801505939408e-01, 1.797693134862e+308, 7.9320e-01, 1.3009e-02, 
 2DIAGNOSTIC,     5, -8.862206259030e-01, 1.797693134862e+308, 8.0635e-01, 1.3149e-02, 
 2DIAGNOSTIC,     6, -9.000757275331e-01, 1.797693134862e+308, 8.1909e-01, 1.2738e-02, 
 2DIAGNOSTIC,     7, -9.320755506885e-01, 1.797693134862e+308, 8.3173e-01, 1.2642e-02, 
 2DIAGNOSTIC,     8, -1.212054867795e+00, 1.797693134862e+308, 8.5837e-01, 2.6642e-02, 
 2DIAGNOSTIC,     9, -1.212470110918e+00, 1.797693134862e+308, 8.7279e-01, 1.4421e-02, 
 2DIAGNOSTIC,    10, -1.215760643583e+00, 2.589426244070e-02, 8.8614e-01, 1.3345e-02, 
 2DIAGNOSTIC,    11, -1.220329321172e+00, 2.646393957165e-02, 8.9744e-01, 1.1298e-02, 
 2DIAGNOSTIC,    12, -1.225724843914e+00, 2.469082890231e-02, 9.0863e-01, 1.1197e-02, 
 2DIAGNOSTIC,    13, -1.231113738380e+00, 2.109329365272e-02, 9.1972e-01, 1.1086e-02, 
 2DIAGNOSTIC,    14, -1.235001792114e+00, 1.632395915270e-02, 9.3100e-01, 1.1275e-02, 
 2DIAGNOSTIC,    15, -1.235873955023e+00, 1.101991906987e-02, 9.4417e-01, 1.3175e-02, 
 2DIAGNOSTIC,    16, -1.235891642142e+00, 5.744701372449e-03, 9.5530e-01, 1.1127e-02, 
 2DIAGNOSTIC,    17, -1.236125265488e+00, 1.022947962298e-03, 9.6559e-01, 1.0290e-02, 
 2DIAGNOSTIC,    18, -1.236221038821e+00, 8.356797462225e-04, 9.7705e-01, 1.1460e-02, 
 2DIAGNOSTIC,    19, -1.236528522640e+00, 6.030173027875e-04, 9.8730e-01, 1.0250e-02, 
 2DIAGNOSTIC,    20, -1.237265354094e+00, 3.921711827828e-04, 1.0019e+00, 1.4558e-02, 
 2DIAGNOSTIC,    21, -1.237349125631e+00, 2.232853202752e-04, 1.0269e+00, 2.5069e-02, 
 2DIAGNOSTIC,    22, -1.237349310778e+00, 1.119203985315e-04, 1.0387e+00, 1.1771e-02, 
 2DIAGNOSTIC,    23, -1.237349431359e+00, 5.903577874589e-05, 1.0498e+00, 1.1069e-02, 
 2DIAGNOSTIC,    24, -1.237349576918e+00, 4.602170543917e-05, 1.0614e+00, 1.1594e-02, 
 2DIAGNOSTIC,    25, -1.237349781616e+00, 3.860815400648e-05, 1.0720e+00, 1.0628e-02, 
 2DIAGNOSTIC,    26, -1.237350067468e+00, 2.845250498940e-05, 1.0833e+00, 1.1333e-02, 
 2DIAGNOSTIC,    27, -1.237350427636e+00, 1.883641294062e-05, 1.0943e+00, 1.1000e-02, 
 2DIAGNOSTIC,    28, -1.237350835872e+00, 9.174704852663e-06, 1.1062e+00, 1.1902e-02, 
 2DIAGNOSTIC,    29, -1.237351577238e+00, 1.938359822887e-06, 1.1165e+00, 1.0252e-02, 
 2DIAGNOSTIC,    30, -1.237352016101e+00, 1.190426160536e-06, 1.1290e+00, 1.2530e-02, 
 2DIAGNOSTIC,    31, -1.237352078653e+00, 1.154695030446e-06, 1.1477e+00, 1.8669e-02, 
 2DIAGNOSTIC,    32, -1.237352078940e+00, 1.117599312352e-06, 1.1810e+00, 3.3340e-02, 
 2DIAGNOSTIC,    33, -1.237352078940e+00, 1.078585590918e-06, 1.1976e+00, 1.6629e-02, 
 2DIAGNOSTIC,    34, -1.237352078940e+00, 1.038208029998e-06, 1.2115e+00, 1.3849e-02, 
DIAGNOSTIC,Iteration,metricValue,convergenceValue,ITERATION_TIME_INDEX,SINCE_LAST
 2DIAGNOSTIC,     1, -1.179371811346e+00, 1.797693134862e+308, 1.7333e+00, 5.2185e-01, 
 2DIAGNOSTIC,     2, -1.179410930211e+00, 1.797693134862e+308, 1.7584e+00, 2.5102e-02, 
 2DIAGNOSTIC,     3, -1.179421280737e+00, 1.797693134862e+308, 1.7850e+00, 2.6517e-02, 
 2DIAGNOSTIC,     4, -1.179424132706e+00, 1.797693134862e+308, 1.8084e+00, 2.3465e-02, 
 2DIAGNOSTIC,     5, -1.179432368587e+00, 1.797693134862e+308, 1.8383e+00, 2.9873e-02, 
 2DIAGNOSTIC,     6, -1.179432787980e+00, 1.797693134862e+308, 1.8631e+00, 2.4779e-02, 
 2DIAGNOSTIC,     7, -1.179436063049e+00, 1.797693134862e+308, 1.8899e+00, 2.6842e-02, 
 2DIAGNOSTIC,     8, -1.179436540831e+00, 1.797693134862e+308, 1.9142e+00, 2.4300e-02, 
 2DIAGNOSTIC,     9, -1.179443593217e+00, 1.797693134862e+308, 1.9374e+00, 2.3178e-02, 
 2DIAGNOSTIC,    10, -1.179475906967e+00, 6.771017274990e-06, 2.0103e+00, 7.2881e-02, 
 2DIAGNOSTIC,    11, -1.179475906781e+00, 5.714458621395e-06, 2.0784e+00, 6.8095e-02, 
 2DIAGNOSTIC,    12, -1.179475906781e+00, 5.372834413930e-06, 2.1101e+00, 3.1685e-02, 
 2DIAGNOSTIC,    13, -1.179475906781e+00, 5.039207604696e-06, 2.1356e+00, 2.5588e-02, 
 2DIAGNOSTIC,    14, -1.179475906781e+00, 4.559652062919e-06, 2.1601e+00, 2.4480e-02, 
 2DIAGNOSTIC,    15, -1.179475906781e+00, 4.058901285672e-06, 2.1856e+00, 2.5499e-02, 
 2DIAGNOSTIC,    16, -1.179475906781e+00, 3.447902063677e-06, 2.2100e+00, 2.4416e-02, 
 2DIAGNOSTIC,    17, -1.179475906781e+00, 2.829307190838e-06, 2.2366e+00, 2.6581e-02, 
 2DIAGNOSTIC,    18, -1.179475906781e+00, 2.199841869020e-06, 2.2636e+00, 2.7005e-02, 
 2DIAGNOSTIC,    19, -1.179475906781e+00, 1.674239493571e-06, 2.2910e+00, 2.7390e-02, 
 2DIAGNOSTIC,    20, -1.179475906781e+00, 1.590528081963e-06, 2.3155e+00, 2.4465e-02, 
 2DIAGNOSTIC,    21, -1.179475906781e+00, 1.514787201208e-06, 2.3416e+00, 2.6116e-02, 
 2DIAGNOSTIC,    22, -1.179475906781e+00, 1.445931980697e-06, 2.3693e+00, 2.7728e-02, 
 2DIAGNOSTIC,    23, -1.179475906781e+00, 1.383064275211e-06, 2.3956e+00, 2.6263e-02, 
 2DIAGNOSTIC,    24, -1.179475906781e+00, 1.325435632811e-06, 2.4212e+00, 2.5633e-02, 
 2DIAGNOSTIC,    25, -1.179475906781e+00, 1.272417355862e-06, 2.4467e+00, 2.5517e-02, 
 2DIAGNOSTIC,    26, -1.179475906781e+00, 1.223477470898e-06, 2.4725e+00, 2.5790e-02, 
 2DIAGNOSTIC,    27, -1.179475906781e+00, 1.178162816515e-06, 2.4990e+00, 2.6488e-02, 
 2DIAGNOSTIC,    28, -1.179475906781e+00, 1.136084969593e-06, 2.5261e+00, 2.7057e-02, 
 2DIAGNOSTIC,    29, -1.179475906781e+00, 1.096909083315e-06, 2.5545e+00, 2.8403e-02, 
 2DIAGNOSTIC,    30, -1.179475906781e+00, 1.060344957775e-06, 2.5815e+00, 2.6993e-02, 
 2DIAGNOSTIC,    31, -1.179475906781e+00, 1.026139838628e-06, 2.6094e+00, 2.7959e-02, 
DIAGNOSTIC,Iteration,metricValue,convergenceValue,ITERATION_TIME_INDEX,SINCE_LAST
 2DIAGNOSTIC,     1, -1.116599767625e+00, 1.797693134862e+308, 3.0815e+00, 4.7208e-01, 
 2DIAGNOSTIC,     2, -1.116715207744e+00, 1.797693134862e+308, 3.1909e+00, 1.0938e-01, 
 2DIAGNOSTIC,     3, -1.116718023766e+00, 1.797693134862e+308, 3.3010e+00, 1.1015e-01, 
 2DIAGNOSTIC,     4, -1.116718358255e+00, 1.797693134862e+308, 3.3979e+00, 9.6841e-02, 
 2DIAGNOSTIC,     5, -1.116718659137e+00, 1.797693134862e+308, 3.4928e+00, 9.4939e-02, 
 2DIAGNOSTIC,     6, -1.116719559140e+00, 1.797693134862e+308, 3.6060e+00, 1.1315e-01, 
 2DIAGNOSTIC,     7, -1.116720208023e+00, 1.797693134862e+308, 3.6986e+00, 9.2648e-02, 
 2DIAGNOSTIC,     8, -1.116720951832e+00, 1.797693134862e+308, 3.8066e+00, 1.0796e-01, 
 2DIAGNOSTIC,     9, -1.116723380752e+00, 1.797693134862e+308, 3.9456e+00, 1.3899e-01, 
 2DIAGNOSTIC,    10, -1.116723669488e+00, 6.594213503575e-06, 4.0393e+00, 9.3702e-02, 
 2DIAGNOSTIC,    11, -1.116724878255e+00, 3.338538844280e-06, 4.1329e+00, 9.3673e-02, 
 2DIAGNOSTIC,    12, -1.116725348774e+00, 3.042062525035e-06, 4.2333e+00, 1.0036e-01, 
 2DIAGNOSTIC,    13, -1.116725705880e+00, 2.817809584416e-06, 4.4966e+00, 2.6334e-01, 
 2DIAGNOSTIC,    14, -1.116725705830e+00, 2.597681121985e-06, 4.7810e+00, 2.8441e-01, 
 2DIAGNOSTIC,    15, -1.116725705830e+00, 2.382079507077e-06, 4.9177e+00, 1.3663e-01, 
 2DIAGNOSTIC,    16, -1.116725705830e+00, 2.183973656047e-06, 5.0327e+00, 1.1506e-01, 
 2DIAGNOSTIC,    17, -1.116725705830e+00, 2.000842898586e-06, 5.1642e+00, 1.3148e-01, 
 2DIAGNOSTIC,    18, -1.116725705830e+00, 1.835832420000e-06, 5.2999e+00, 1.3570e-01, 
 2DIAGNOSTIC,    19, -1.116725705830e+00, 1.714539390733e-06, 5.4091e+00, 1.0916e-01, 
 2DIAGNOSTIC,    20, -1.116725705830e+00, 1.605008573748e-06, 5.5243e+00, 1.1518e-01, 
 2DIAGNOSTIC,    21, -1.116725705830e+00, 1.519096644732e-06, 5.6320e+00, 1.0772e-01, 
 2DIAGNOSTIC,    22, -1.116725705830e+00, 1.445915635154e-06, 5.7464e+00, 1.1441e-01, 
 2DIAGNOSTIC,    23, -1.116725705830e+00, 1.383049844074e-06, 5.8536e+00, 1.0718e-01, 
 2DIAGNOSTIC,    24, -1.116725705830e+00, 1.325422379267e-06, 5.9711e+00, 1.1753e-01, 
 2DIAGNOSTIC,    25, -1.116725705830e+00, 1.272405141431e-06, 6.0777e+00, 1.0659e-01, 
 2DIAGNOSTIC,    26, -1.116725705830e+00, 1.223466177987e-06, 6.1913e+00, 1.1360e-01, 
 2DIAGNOSTIC,    27, -1.116725705830e+00, 1.178152344641e-06, 6.2980e+00, 1.0669e-01, 
 2DIAGNOSTIC,    28, -1.116725705830e+00, 1.136075232368e-06, 6.4062e+00, 1.0827e-01, 
 2DIAGNOSTIC,    29, -1.116725705830e+00, 1.096900006083e-06, 6.5144e+00, 1.0817e-01, 
 2DIAGNOSTIC,    30, -1.116725705830e+00, 1.060336475601e-06, 6.6161e+00, 1.0169e-01, 
 2DIAGNOSTIC,    31, -1.116725705830e+00, 1.026131894864e-06, 6.7304e+00, 1.1430e-01, 
DIAGNOSTIC,Iteration,metricValue,convergenceValue,ITERATION_TIME_INDEX,SINCE_LAST
 2DIAGNOSTIC,     1, -1.014073673765e+00, 1.797693134862e+308, 7.5740e+00, 8.4361e-01, 
 2DIAGNOSTIC,     2, -1.014256203291e+00, 1.797693134862e+308, 7.9744e+00, 4.0036e-01, 
 2DIAGNOSTIC,     3, -1.014275749837e+00, 1.797693134862e+308, 8.4251e+00, 4.5076e-01, 
 2DIAGNOSTIC,     4, -1.014286682389e+00, 1.797693134862e+308, 9.0015e+00, 5.7639e-01, 
 2DIAGNOSTIC,     5, -1.014300019795e+00, 1.797693134862e+308, 9.4653e+00, 4.6374e-01, 
 2DIAGNOSTIC,     6, -1.014301990646e+00, 1.797693134862e+308, 9.9821e+00, 5.1681e-01, 
 2DIAGNOSTIC,     7, -1.014337955204e+00, 1.797693134862e+308, 1.0458e+01, 4.7619e-01, 
 2DIAGNOSTIC,     8, -1.014343268007e+00, 1.797693134862e+308, 1.1013e+01, 5.5435e-01, 
 2DIAGNOSTIC,     9, -1.014349762296e+00, 1.797693134862e+308, 1.1576e+01, 5.6302e-01, 
 2DIAGNOSTIC,    10, -1.014354500360e+00, 1.534832528945e-05, 1.2092e+01, 5.1673e-01, 
 2DIAGNOSTIC,    11, -1.014356550978e+00, 8.994448485039e-06, 1.2569e+01, 4.7642e-01, 
 2DIAGNOSTIC,    12, -1.014345885522e+00, 7.148239155208e-06, 1.3069e+01, 5.0010e-01, 
 2DIAGNOSTIC,    13, -1.014347569399e+00, 5.638409940889e-06, 1.3531e+01, 4.6227e-01, 
 2DIAGNOSTIC,    14, -1.014341784444e+00, 4.156191076715e-06, 1.3958e+01, 4.2665e-01, 
 2DIAGNOSTIC,    15, -1.014343106320e+00, 2.980241727069e-06, 1.4428e+01, 4.7048e-01, 
 2DIAGNOSTIC,    16, -1.014343382622e+00, 1.895123969295e-06, 1.4898e+01, 4.6923e-01, 
 2DIAGNOSTIC,    17, -1.014343873331e+00, 1.548471376303e-06, 1.5408e+01, 5.1080e-01, 
 2DIAGNOSTIC,    18, -1.014342181602e+00, 1.325723968111e-06, 1.6095e+01, 6.8702e-01, 
 2DIAGNOSTIC,    19, -1.014343774484e+00, 1.284538005165e-06, 1.6653e+01, 5.5755e-01, 
 2DIAGNOSTIC,    20, -1.014343832728e+00, 1.347806170254e-06, 1.7264e+01, 6.1080e-01, 
 2DIAGNOSTIC,    21, -1.014343856770e+00, 1.458148683978e-06, 1.8670e+01, 1.4067e+00, 
 2DIAGNOSTIC,    22, -1.014343856770e+00, 1.426975126437e-06, 1.9381e+01, 7.1083e-01, 
 2DIAGNOSTIC,    23, -1.014343856770e+00, 1.423338123419e-06, 1.9980e+01, 5.9864e-01, 
 2DIAGNOSTIC,    24, -1.014343856770e+00, 1.348143312117e-06, 2.0481e+01, 5.0076e-01, 
 2DIAGNOSTIC,    25, -1.014343856770e+00, 1.291237131121e-06, 2.1111e+01, 6.2995e-01, 
 2DIAGNOSTIC,    26, -1.014343856770e+00, 1.239818446054e-06, 2.1608e+01, 4.9699e-01, 
 2DIAGNOSTIC,    27, -1.014343856770e+00, 1.196474223704e-06, 2.2159e+01, 5.5102e-01, 
 2DIAGNOSTIC,    28, -1.014343856770e+00, 1.137124077372e-06, 2.2729e+01, 5.7029e-01, 
 2DIAGNOSTIC,    29, -1.014343856770e+00, 1.097146514389e-06, 2.3270e+01, 5.4142e-01, 
 2DIAGNOSTIC,    30, -1.014343856770e+00, 1.060349765110e-06, 2.3802e+01, 5.3194e-01, 
 2DIAGNOSTIC,    31, -1.014343856770e+00, 1.026144343587e-06, 2.4330e+01, 5.2793e-01, 
  Elapsed time (stage 0): 2.4922e+01


Stage 1
  iterations = 1000x500x250x100
  convergence threshold = 1.0000e-06
  convergence window size = 10
  number of levels = 4
  using the Mattes MI metric (number of bins = 32, weight = 1.0000e+00)
  preprocessing:  winsorizing the image intensities
  Shrink factors (level 1 out of 4): [12, 12]
  Shrink factors (level 2 out of 4): [8, 8]
  Shrink factors (level 3 out of 4): [4, 4]
  Shrink factors (level 4 out of 4): [2, 2]
  smoothing sigmas per level: [4, 3, 2, 1]
  regular sampling (percentage = 2.5000e-01)

*** Running AffineTransform registration ***

DIAGNOSTIC,Iteration,metricValue,convergenceValue,ITERATION_TIME_INDEX,SINCE_LAST
 2DIAGNOSTIC,     1, -1.228368849941e+00, 1.797693134862e+308, 7.3611e-01, 7.3611e-01, 
 2DIAGNOSTIC,     2, -1.230051210499e+00, 1.797693134862e+308, 7.5535e-01, 1.9235e-02, 
 2DIAGNOSTIC,     3, -1.232536853477e+00, 1.797693134862e+308, 7.7293e-01, 1.7584e-02, 
 2DIAGNOSTIC,     4, -1.235846653519e+00, 1.797693134862e+308, 7.8982e-01, 1.6890e-02, 
 2DIAGNOSTIC,     5, -1.242404037638e+00, 1.797693134862e+308, 8.0813e-01, 1.8305e-02, 
 2DIAGNOSTIC,     6, -1.245484131897e+00, 1.797693134862e+308, 8.2470e-01, 1.6577e-02, 
 2DIAGNOSTIC,     7, -1.247428846932e+00, 1.797693134862e+308, 8.4136e-01, 1.6660e-02, 
 2DIAGNOSTIC,     8, -1.248341847991e+00, 1.797693134862e+308, 8.5623e-01, 1.4871e-02, 
 2DIAGNOSTIC,     9, -1.249459626754e+00, 1.797693134862e+308, 8.7431e-01, 1.8071e-02, 
 2DIAGNOSTIC,    10, -1.249988814231e+00, 1.276252780706e-03, 8.8980e-01, 1.5497e-02, 
 2DIAGNOSTIC,    11, -1.250292844139e+00, 1.004471875793e-03, 9.0830e-01, 1.8503e-02, 
 2DIAGNOSTIC,    12, -1.250381872212e+00, 7.231096826731e-04, 9.2411e-01, 1.5806e-02, 
 2DIAGNOSTIC,    13, -1.250416388570e+00, 4.648893910826e-04, 9.4037e-01, 1.6258e-02, 
 2DIAGNOSTIC,    14, -1.250432940393e+00, 2.538102671161e-04, 9.5634e-01, 1.5975e-02, 
 2DIAGNOSTIC,    15, -1.250440443784e+00, 1.470853608180e-04, 9.7405e-01, 1.7709e-02, 
 2DIAGNOSTIC,    16, -1.250445573096e+00, 8.403461450227e-05, 9.9078e-01, 1.6732e-02, 
 2DIAGNOSTIC,    17, -1.250447618191e+00, 4.693985888120e-05, 1.0057e+00, 1.4914e-02, 
 2DIAGNOSTIC,    18, -1.250449882907e+00, 2.115496965469e-05, 1.0218e+00, 1.6144e-02, 
 2DIAGNOSTIC,    19, -1.250459225776e+00, 9.711297116348e-06, 1.0390e+00, 1.7149e-02, 
 2DIAGNOSTIC,    20, -1.250484459529e+00, 4.909354652118e-06, 1.0564e+00, 1.7369e-02, 
 2DIAGNOSTIC,    21, -1.250485129372e+00, 3.539795274489e-06, 1.0712e+00, 1.4854e-02, 
 2DIAGNOSTIC,    22, -1.250494726131e+00, 3.126036235132e-06, 1.0893e+00, 1.8117e-02, 
 2DIAGNOSTIC,    23, -1.250499595543e+00, 2.979821837383e-06, 1.1050e+00, 1.5639e-02, 
 2DIAGNOSTIC,    24, -1.250500020026e+00, 2.854139455097e-06, 1.1207e+00, 1.5771e-02, 
 2DIAGNOSTIC,    25, -1.250501033492e+00, 2.669920053856e-06, 1.1370e+00, 1.6247e-02, 
 2DIAGNOSTIC,    26, -1.250501457698e+00, 2.417844205314e-06, 1.1537e+00, 1.6734e-02, 
 2DIAGNOSTIC,    27, -1.250502056071e+00, 2.097053690475e-06, 1.1700e+00, 1.6285e-02, 
 2DIAGNOSTIC,    28, -1.250502522188e+00, 1.734564988219e-06, 1.1918e+00, 2.1793e-02, 
 2DIAGNOSTIC,    29, -1.250502601014e+00, 1.410336021121e-06, 1.2186e+00, 2.6783e-02, 
 2DIAGNOSTIC,    30, -1.250502601022e+00, 1.271358267281e-06, 1.2395e+00, 2.0905e-02, 
 2DIAGNOSTIC,    31, -1.250502601023e+00, 1.125000442317e-06, 1.2628e+00, 2.3336e-02, 
 2DIAGNOSTIC,    32, -1.250502601023e+00, 1.046081889243e-06, 1.2815e+00, 1.8661e-02, 
 2DIAGNOSTIC,    33, -1.250502601023e+00, 1.000840905679e-06, 1.2984e+00, 1.6937e-02, 
DIAGNOSTIC,Iteration,metricValue,convergenceValue,ITERATION_TIME_INDEX,SINCE_LAST
 2DIAGNOSTIC,     1, -1.206559482918e+00, 1.797693134862e+308, 2.2499e+00, 9.5149e-01, 
 2DIAGNOSTIC,     2, -1.206997266944e+00, 1.797693134862e+308, 2.3072e+00, 5.7246e-02, 
 2DIAGNOSTIC,     3, -1.207231614355e+00, 1.797693134862e+308, 2.3653e+00, 5.8175e-02, 
 2DIAGNOSTIC,     4, -1.207327098220e+00, 1.797693134862e+308, 2.4070e+00, 4.1702e-02, 
 2DIAGNOSTIC,     5, -1.207909621544e+00, 1.797693134862e+308, 2.4510e+00, 4.3983e-02, 
 2DIAGNOSTIC,     6, -1.208039724346e+00, 1.797693134862e+308, 2.4920e+00, 4.1010e-02, 
 2DIAGNOSTIC,     7, -1.208055008002e+00, 1.797693134862e+308, 2.5343e+00, 4.2242e-02, 
 2DIAGNOSTIC,     8, -1.208077066141e+00, 1.797693134862e+308, 2.5838e+00, 4.9543e-02, 
 2DIAGNOSTIC,     9, -1.208080248086e+00, 1.797693134862e+308, 2.6244e+00, 4.0564e-02, 
 2DIAGNOSTIC,    10, -1.208088574479e+00, 8.390617820690e-05, 2.6659e+00, 4.1499e-02, 
 2DIAGNOSTIC,    11, -1.208115141967e+00, 5.586558529345e-05, 2.7187e+00, 5.2857e-02, 
 2DIAGNOSTIC,    12, -1.208118759007e+00, 3.645545798520e-05, 2.7607e+00, 4.1929e-02, 
 2DIAGNOSTIC,    13, -1.208121906814e+00, 2.139377448421e-05, 2.8017e+00, 4.1003e-02, 
 2DIAGNOSTIC,    14, -1.208134706056e+00, 8.337034486855e-06, 2.8499e+00, 4.8252e-02, 
 2DIAGNOSTIC,    15, -1.208147162461e+00, 5.743612545336e-06, 2.8911e+00, 4.1179e-02, 
 2DIAGNOSTIC,    16, -1.208147973100e+00, 5.056358843430e-06, 2.9344e+00, 4.3320e-02, 
 2DIAGNOSTIC,    17, -1.208140471059e+00, 4.271186388780e-06, 2.9801e+00, 4.5666e-02, 
 2DIAGNOSTIC,    18, -1.208151611367e+00, 3.795446015649e-06, 3.0189e+00, 3.8791e-02, 
 2DIAGNOSTIC,    19, -1.208153061357e+00, 3.232687332579e-06, 3.0557e+00, 3.6837e-02, 
 2DIAGNOSTIC,    20, -1.208144047153e+00, 2.562078022440e-06, 3.0901e+00, 3.4423e-02, 
DIAGNOSTIC,Iteration,metricValue,convergenceValue,ITERATION_TIME_INDEX,SINCE_LAST
 2DIAGNOSTIC,     1, -1.139729059012e+00, 1.797693134862e+308, 3.6795e+00, 5.8934e-01, 
 2DIAGNOSTIC,     2, -1.139773613144e+00, 1.797693134862e+308, 3.8656e+00, 1.8614e-01, 
 2DIAGNOSTIC,     3, -1.139784137596e+00, 1.797693134862e+308, 3.9895e+00, 1.2393e-01, 
 2DIAGNOSTIC,     4, -1.139811489742e+00, 1.797693134862e+308, 4.1250e+00, 1.3544e-01, 
 2DIAGNOSTIC,     5, -1.139819103791e+00, 1.797693134862e+308, 4.2478e+00, 1.2284e-01, 
 2DIAGNOSTIC,     6, -1.139822179270e+00, 1.797693134862e+308, 4.3782e+00, 1.3041e-01, 
 2DIAGNOSTIC,     7, -1.139824138741e+00, 1.797693134862e+308, 4.5734e+00, 1.9516e-01, 
 2DIAGNOSTIC,     8, -1.139822858500e+00, 1.797693134862e+308, 4.7009e+00, 1.2754e-01, 
 2DIAGNOSTIC,     9, -1.139822907789e+00, 1.797693134862e+308, 4.8512e+00, 1.5029e-01, 
 2DIAGNOSTIC,    10, -1.139823142513e+00, 7.438649333558e-06, 4.9909e+00, 1.3964e-01, 
 2DIAGNOSTIC,    11, -1.139822959972e+00, 5.011624279891e-06, 5.1349e+00, 1.4404e-01, 
 2DIAGNOSTIC,    12, -1.139823449600e+00, 3.737532224504e-06, 5.2655e+00, 1.3064e-01, 
 2DIAGNOSTIC,    13, -1.139823205873e+00, 2.746241236404e-06, 5.3849e+00, 1.1933e-01, 
 2DIAGNOSTIC,    14, -1.139824265665e+00, 2.372987050969e-06, 5.5247e+00, 1.3979e-01, 
 2DIAGNOSTIC,    15, -1.139825044041e+00, 2.177907252862e-06, 5.6538e+00, 1.2918e-01, 
 2DIAGNOSTIC,    16, -1.139827002467e+00, 2.079105684311e-06, 5.7855e+00, 1.3165e-01, 
 2DIAGNOSTIC,    17, -1.139829476512e+00, 2.048656365730e-06, 5.9284e+00, 1.4293e-01, 
 2DIAGNOSTIC,    18, -1.139808112849e+00, 1.691009013927e-06, 6.0968e+00, 1.6834e-01, 
 2DIAGNOSTIC,    19, -1.139808882718e+00, 1.397375587298e-06, 6.4434e+00, 3.4666e-01, 
 2DIAGNOSTIC,    20, -1.139808882714e+00, 1.158561005465e-06, 6.7632e+00, 3.1981e-01, 
DIAGNOSTIC,Iteration,metricValue,convergenceValue,ITERATION_TIME_INDEX,SINCE_LAST
 2DIAGNOSTIC,     1, -1.040333605506e+00, 1.797693134862e+308, 7.8584e+00, 1.0951e+00, 
 2DIAGNOSTIC,     2, -1.040339368706e+00, 1.797693134862e+308, 8.4529e+00, 5.9453e-01, 
 2DIAGNOSTIC,     3, -1.040347164541e+00, 1.797693134862e+308, 9.0531e+00, 6.0022e-01, 
 2DIAGNOSTIC,     4, -1.040365998865e+00, 1.797693134862e+308, 9.6049e+00, 5.5177e-01, 
 2DIAGNOSTIC,     5, -1.040366273959e+00, 1.797693134862e+308, 1.0166e+01, 5.6086e-01, 
 2DIAGNOSTIC,     6, -1.040377626862e+00, 1.797693134862e+308, 1.0835e+01, 6.6919e-01, 
 2DIAGNOSTIC,     7, -1.040382277798e+00, 1.797693134862e+308, 1.1452e+01, 6.1719e-01, 
 2DIAGNOSTIC,     8, -1.040382633580e+00, 1.797693134862e+308, 1.2057e+01, 6.0480e-01, 
 2DIAGNOSTIC,     9, -1.040386554745e+00, 1.797693134862e+308, 1.2793e+01, 7.3650e-01, 
 2DIAGNOSTIC,    10, -1.040392614937e+00, 6.858346556005e-06, 1.3684e+01, 8.9020e-01, 
 2DIAGNOSTIC,    11, -1.040375626085e+00, 5.345507940457e-06, 1.4325e+01, 6.4130e-01, 
 2DIAGNOSTIC,    12, -1.040382956117e+00, 4.174437402124e-06, 1.4951e+01, 6.2611e-01, 
 2DIAGNOSTIC,    13, -1.040389349711e+00, 3.329314899977e-06, 1.5642e+01, 6.9145e-01, 
 2DIAGNOSTIC,    14, -1.040391712499e+00, 2.933386123852e-06, 1.6312e+01, 6.6972e-01, 
 2DIAGNOSTIC,    15, -1.040389057789e+00, 2.483129321690e-06, 1.6928e+01, 6.1558e-01, 
 2DIAGNOSTIC,    16, -1.040382205067e+00, 2.139240298751e-06, 1.7539e+01, 6.1156e-01, 
 2DIAGNOSTIC,    17, -1.040386918630e+00, 1.976469197008e-06, 1.8344e+01, 8.0460e-01, 
 2DIAGNOSTIC,    18, -1.040381625712e+00, 1.736184965968e-06, 1.9026e+01, 6.8190e-01, 
 2DIAGNOSTIC,    19, -1.040381727543e+00, 1.578799765804e-06, 1.9701e+01, 6.7474e-01, 
 2DIAGNOSTIC,    20, -1.040388158587e+00, 1.626902603448e-06, 2.0374e+01, 6.7297e-01, 
 2DIAGNOSTIC,    21, -1.040388163675e+00, 1.442772024310e-06, 2.0990e+01, 6.1639e-01, 
 2DIAGNOSTIC,    22, -1.040388188045e+00, 1.371525358410e-06, 2.1647e+01, 6.5699e-01, 
 2DIAGNOSTIC,    23, -1.040388218063e+00, 1.389300162538e-06, 2.2259e+01, 6.1255e-01, 
 2DIAGNOSTIC,    24, -1.040388244746e+00, 1.432933204253e-06, 2.2860e+01, 6.0086e-01, 
 2DIAGNOSTIC,    25, -1.040388333888e+00, 1.435581698635e-06, 2.4256e+01, 1.3956e+00, 
 2DIAGNOSTIC,    26, -1.040388333882e+00, 1.348330720324e-06, 2.5576e+01, 1.3197e+00, 
 2DIAGNOSTIC,    27, -1.040388333882e+00, 1.306092019732e-06, 2.6207e+01, 6.3128e-01, 
 2DIAGNOSTIC,    28, -1.040388333882e+00, 1.203899548018e-06, 2.7019e+01, 8.1252e-01, 
 2DIAGNOSTIC,    29, -1.040388333882e+00, 1.101567308565e-06, 2.7644e+01, 6.2431e-01, 
 2DIAGNOSTIC,    30, -1.040388333882e+00, 1.064168396042e-06, 2.8260e+01, 6.1652e-01, 
 2DIAGNOSTIC,    31, -1.040388333882e+00, 1.028862596411e-06, 2.8860e+01, 6.0021e-01, 
  Elapsed time (stage 1): 2.9516e+01


Stage 2
  iterations = 100x100x70x50x20
  convergence threshold = 1.0000e-06
  convergence window size = 10
  number of levels = 5
  using the CC metric (radius = 4, weight = 1.0000e+00)
  preprocessing:  winsorizing the image intensities
  Shrink factors (level 1 out of 5): [10, 10]
  Shrink factors (level 2 out of 5): [6, 6]
  Shrink factors (level 3 out of 5): [4, 4]
  Shrink factors (level 4 out of 5): [2, 2]
  Shrink factors (level 5 out of 5): [1, 1]
  smoothing sigmas per level: [5, 3, 2, 1, 0]
  Using default NONE metricSamplingStrategy 

*** Running SyN registration (varianceForUpdateField = 3.0000e+00, varianceForTotalField = 0.0000e+00) ***

XXDIAGNOSTIC,Iteration,metricValue,convergenceValue,ITERATION_TIME_INDEX,SINCE_LAST
 1DIAGNOSTIC,     1, -7.946899072159e-01, 1.797693134862e+308, 1.1173e+00, 1.1173e+00, 
 1DIAGNOSTIC,     2, -8.082394258312e-01, 1.797693134862e+308, 1.2289e+00, 1.1158e-01, 
 1DIAGNOSTIC,     3, -8.189266524378e-01, 1.797693134862e+308, 1.3332e+00, 1.0433e-01, 
 1DIAGNOSTIC,     4, -8.251857067473e-01, 1.797693134862e+308, 1.4372e+00, 1.0398e-01, 
 1DIAGNOSTIC,     5, -8.295874428504e-01, 1.797693134862e+308, 1.5398e+00, 1.0265e-01, 
 1DIAGNOSTIC,     6, -8.326642996159e-01, 1.797693134862e+308, 1.6432e+00, 1.0336e-01, 
 1DIAGNOSTIC,     7, -8.349610911184e-01, 1.797693134862e+308, 1.7491e+00, 1.0595e-01, 
 1DIAGNOSTIC,     8, -8.367982606710e-01, 1.797693134862e+308, 1.8545e+00, 1.0533e-01, 
 1DIAGNOSTIC,     9, -8.383257531673e-01, 1.797693134862e+308, 1.9554e+00, 1.0095e-01, 
 1DIAGNOSTIC,    10, -8.396602568127e-01, 3.061505008049e-03, 2.0516e+00, 9.6147e-02, 
 1DIAGNOSTIC,    11, -8.408183409343e-01, 1.991268013777e-03, 2.1500e+00, 9.8454e-02, 
 1DIAGNOSTIC,    12, -8.418524457986e-01, 1.334892088836e-03, 2.2602e+00, 1.1021e-01, 
 1DIAGNOSTIC,    13, -8.427812112979e-01, 9.638854248098e-04, 2.3578e+00, 9.7620e-02, 
 1DIAGNOSTIC,    14, -8.436159861810e-01, 7.307148507548e-04, 2.4568e+00, 9.8981e-02, 
 1DIAGNOSTIC,    15, -8.443688306954e-01, 5.787423353611e-04, 2.5529e+00, 9.6110e-02, 
 1DIAGNOSTIC,    16, -8.450500303361e-01, 4.724685246345e-04, 2.6490e+00, 9.6060e-02, 
 1DIAGNOSTIC,    17, -8.456677190467e-01, 3.933801515572e-04, 2.7466e+00, 9.7617e-02, 
 1DIAGNOSTIC,    18, -8.462296095770e-01, 3.319412423478e-04, 2.8448e+00, 9.8222e-02, 
 1DIAGNOSTIC,    19, -8.467425441261e-01, 2.826003353219e-04, 2.9829e+00, 1.3806e-01, 
 1DIAGNOSTIC,    20, -8.472122106304e-01, 2.424988206400e-04, 3.0806e+00, 9.7701e-02, 
 1DIAGNOSTIC,    21, -8.476419441118e-01, 2.092341689926e-04, 3.1823e+00, 1.0168e-01, 
 1DIAGNOSTIC,    22, -8.480366252170e-01, 1.814484540009e-04, 3.2896e+00, 1.0737e-01, 
 1DIAGNOSTIC,    23, -8.483975543750e-01, 1.580874361383e-04, 3.3863e+00, 9.6649e-02, 
 1DIAGNOSTIC,    24, -8.487279444404e-01, 1.382921758024e-04, 3.4827e+00, 9.6425e-02, 
 1DIAGNOSTIC,    25, -8.490316961545e-01, 1.214065301734e-04, 3.5784e+00, 9.5733e-02, 
 1DIAGNOSTIC,    26, -8.493119682708e-01, 1.069263752014e-04, 3.6758e+00, 9.7389e-02, 
 1DIAGNOSTIC,    27, -8.495690456029e-01, 9.442417292736e-05, 3.7725e+00, 9.6700e-02, 
 1DIAGNOSTIC,    28, -8.498053057552e-01, 8.357152670856e-05, 3.8687e+00, 9.6159e-02, 
 1DIAGNOSTIC,    29, -8.500219100253e-01, 7.410722461065e-05, 3.9655e+00, 9.6819e-02, 
 1DIAGNOSTIC,    30, -8.502198816923e-01, 6.582004647138e-05, 4.0629e+00, 9.7341e-02, 
 1DIAGNOSTIC,    31, -8.504016459289e-01, 5.853683697018e-05, 4.1596e+00, 9.6735e-02, 
 1DIAGNOSTIC,    32, -8.505690091653e-01, 5.213306639716e-05, 4.2553e+00, 9.5687e-02, 
 1DIAGNOSTIC,    33, -8.507234028772e-01, 4.648720167037e-05, 4.3536e+00, 9.8333e-02, 
 1DIAGNOSTIC,    34, -8.508653120050e-01, 4.149338519021e-05, 4.4517e+00, 9.8113e-02, 
 1DIAGNOSTIC,    35, -8.509953614518e-01, 3.707114605900e-05, 4.5491e+00, 9.7382e-02, 
 1DIAGNOSTIC,    36, -8.511138268989e-01, 3.315431895767e-05, 4.6488e+00, 9.9688e-02, 
 1DIAGNOSTIC,    37, -8.512218082818e-01, 2.967143600388e-05, 4.7487e+00, 9.9871e-02, 
 1DIAGNOSTIC,    38, -8.513198411063e-01, 2.656325664326e-05, 4.8488e+00, 1.0018e-01, 
 1DIAGNOSTIC,    39, -8.514092072703e-01, 2.377988536450e-05, 4.9449e+00, 9.6022e-02, 
 1DIAGNOSTIC,    40, -8.514901449807e-01, 2.127105760978e-05, 5.0457e+00, 1.0083e-01, 
 1DIAGNOSTIC,    41, -8.515636381119e-01, 1.900654348587e-05, 5.1421e+00, 9.6402e-02, 
 1DIAGNOSTIC,    42, -8.516300528046e-01, 1.696452104654e-05, 5.2394e+00, 9.7286e-02, 
 1DIAGNOSTIC,    43, -8.516898927981e-01, 1.512941690684e-05, 5.3373e+00, 9.7895e-02, 
 1DIAGNOSTIC,    44, -8.517434203245e-01, 1.348207908833e-05, 5.4347e+00, 9.7385e-02, 
 1DIAGNOSTIC,    45, -8.517907834027e-01, 1.200100108060e-05, 5.5341e+00, 9.9418e-02, 
 1DIAGNOSTIC,    46, -8.518321478211e-01, 1.066084201158e-05, 5.6301e+00, 9.6039e-02, 
 1DIAGNOSTIC,    47, -8.518690908267e-01, 9.450303197205e-06, 5.7267e+00, 9.6591e-02, 
 1DIAGNOSTIC,    48, -8.519016357826e-01, 8.355566486262e-06, 5.8225e+00, 9.5811e-02, 
 1DIAGNOSTIC,    49, -8.519306374107e-01, 7.372583176214e-06, 5.9089e+00, 8.6365e-02, 
 1DIAGNOSTIC,    50, -8.519561815299e-01, 6.493299133159e-06, 5.9917e+00, 8.2820e-02, 
 1DIAGNOSTIC,    51, -8.519787289488e-01, 5.713680737169e-06, 6.0728e+00, 8.1075e-02, 
 1DIAGNOSTIC,    52, -8.519981734811e-01, 5.025242239814e-06, 6.1610e+00, 8.8195e-02, 
 1DIAGNOSTIC,    53, -8.520148575685e-01, 4.419649844847e-06, 6.2432e+00, 8.2186e-02, 
 1DIAGNOSTIC,    54, -8.520293439767e-01, 3.888923992175e-06, 6.3237e+00, 8.0536e-02, 
 1DIAGNOSTIC,    55, -8.520421849844e-01, 3.424900744863e-06, 6.4086e+00, 8.4862e-02, 
 1DIAGNOSTIC,    56, -8.520530152608e-01, 3.014014357382e-06, 6.4949e+00, 8.6334e-02, 
 1DIAGNOSTIC,    57, -8.520619067687e-01, 2.650097736361e-06, 6.5807e+00, 8.5803e-02, 
 1DIAGNOSTIC,    58, -8.520693725847e-01, 2.327281907456e-06, 6.6664e+00, 8.5707e-02, 
 1DIAGNOSTIC,    59, -8.520752969139e-01, 2.041394293658e-06, 6.7525e+00, 8.6139e-02, 
 1DIAGNOSTIC,    60, -8.520812102708e-01, 1.795057581487e-06, 6.8397e+00, 8.7152e-02, 
 1DIAGNOSTIC,    61, -8.520867669569e-01, 1.588382515582e-06, 6.9252e+00, 8.5515e-02, 
 1DIAGNOSTIC,    62, -8.520926558636e-01, 1.421762518744e-06, 7.0109e+00, 8.5661e-02, 
 1DIAGNOSTIC,    63, -8.520978528954e-01, 1.288600432879e-06, 7.0970e+00, 8.6151e-02, 
 1DIAGNOSTIC,    64, -8.521026153941e-01, 1.184347693910e-06, 7.1844e+00, 8.7341e-02, 
 1DIAGNOSTIC,    65, -8.521073809781e-01, 1.107405769571e-06, 7.2732e+00, 8.8851e-02, 
 1DIAGNOSTIC,    66, -8.521115840547e-01, 1.049083085042e-06, 7.3632e+00, 8.9944e-02, 
 1DIAGNOSTIC,    67, -8.521146885551e-01, 9.974573209268e-07, 7.4504e+00, 8.7264e-02, 
XXDIAGNOSTIC,Iteration,metricValue,convergenceValue,ITERATION_TIME_INDEX,SINCE_LAST
 1DIAGNOSTIC,     1, -6.593171575294e-01, 1.797693134862e+308, 8.1367e+00, 6.8625e-01, 
 1DIAGNOSTIC,     2, -6.646357869444e-01, 1.797693134862e+308, 8.3948e+00, 2.5811e-01, 
 1DIAGNOSTIC,     3, -6.684571071050e-01, 1.797693134862e+308, 8.6588e+00, 2.6406e-01, 
 1DIAGNOSTIC,     4, -6.720006338421e-01, 1.797693134862e+308, 8.9208e+00, 2.6195e-01, 
 1DIAGNOSTIC,     5, -6.752483362443e-01, 1.797693134862e+308, 9.1774e+00, 2.5660e-01, 
 1DIAGNOSTIC,     6, -6.781171721143e-01, 1.797693134862e+308, 9.4360e+00, 2.5860e-01, 
 1DIAGNOSTIC,     7, -6.807339469640e-01, 1.797693134862e+308, 9.6940e+00, 2.5801e-01, 
 1DIAGNOSTIC,     8, -6.830410926020e-01, 1.797693134862e+308, 9.9417e+00, 2.4770e-01, 
 1DIAGNOSTIC,     9, -6.851060379195e-01, 1.797693134862e+308, 1.0166e+01, 2.2386e-01, 
 1DIAGNOSTIC,    10, -6.869339809778e-01, 2.540373916479e-03, 1.0383e+01, 2.1748e-01, 
 1DIAGNOSTIC,    11, -6.886048139258e-01, 2.041519439582e-03, 1.0603e+01, 2.1967e-01, 
 1DIAGNOSTIC,    12, -6.901406887729e-01, 1.681489436200e-03, 1.0821e+01, 2.1854e-01, 
 1DIAGNOSTIC,    13, -6.915597895472e-01, 1.392877870300e-03, 1.1044e+01, 2.2285e-01, 
 1DIAGNOSTIC,    14, -6.928753899154e-01, 1.163246419256e-03, 1.1263e+01, 2.1842e-01, 
 1DIAGNOSTIC,    15, -6.941002967864e-01, 9.818301131316e-04, 1.1513e+01, 2.5070e-01, 
 1DIAGNOSTIC,    16, -6.952438849073e-01, 8.369505653327e-04, 1.1738e+01, 2.2490e-01, 
 1DIAGNOSTIC,    17, -6.963144445932e-01, 7.218115055337e-04, 1.1957e+01, 2.1879e-01, 
 1DIAGNOSTIC,    18, -6.973192820093e-01, 6.288046794358e-04, 1.2174e+01, 2.1759e-01, 
 1DIAGNOSTIC,    19, -6.982635948021e-01, 5.527013949097e-04, 1.2401e+01, 2.2682e-01, 
 1DIAGNOSTIC,    20, -6.991537059392e-01, 4.888818319939e-04, 1.2622e+01, 2.2068e-01, 
 1DIAGNOSTIC,    21, -6.999937910578e-01, 4.348442274275e-04, 1.2847e+01, 2.2513e-01, 
 1DIAGNOSTIC,    22, -7.007874502989e-01, 3.886886258691e-04, 1.3070e+01, 2.2332e-01, 
 1DIAGNOSTIC,    23, -7.015383698128e-01, 3.489685198076e-04, 1.3292e+01, 2.2171e-01, 
 1DIAGNOSTIC,    24, -7.022499303983e-01, 3.145426995904e-04, 1.3512e+01, 2.2034e-01, 
 1DIAGNOSTIC,    25, -7.029241948375e-01, 2.845159565871e-04, 1.3733e+01, 2.2041e-01, 
 1DIAGNOSTIC,    26, -7.035627850664e-01, 2.581543870420e-04, 1.3961e+01, 2.2807e-01, 
 1DIAGNOSTIC,    27, -7.041678732973e-01, 2.348682702551e-04, 1.4184e+01, 2.2294e-01, 
 1DIAGNOSTIC,    28, -7.047412773172e-01, 2.141830646125e-04, 1.4402e+01, 2.1764e-01, 
 1DIAGNOSTIC,    29, -7.052849249799e-01, 1.957035809878e-04, 1.4630e+01, 2.2823e-01, 
 1DIAGNOSTIC,    30, -7.058005954626e-01, 1.791267560369e-04, 1.4854e+01, 2.2376e-01, 
 1DIAGNOSTIC,    31, -7.062899129109e-01, 1.642039101205e-04, 1.5073e+01, 2.1943e-01, 
 1DIAGNOSTIC,    32, -7.067549495632e-01, 1.507360291241e-04, 1.5293e+01, 2.2049e-01, 
 1DIAGNOSTIC,    33, -7.071966069922e-01, 1.385562922357e-04, 1.5514e+01, 2.2011e-01, 
 1DIAGNOSTIC,    34, -7.076164406180e-01, 1.275335401882e-04, 1.5733e+01, 2.1985e-01, 
 1DIAGNOSTIC,    35, -7.080149448659e-01, 1.175406617628e-04, 1.5956e+01, 2.2209e-01, 
 1DIAGNOSTIC,    36, -7.083943291220e-01, 1.084710954230e-04, 1.6175e+01, 2.1990e-01, 
 1DIAGNOSTIC,    37, -7.087566717599e-01, 1.002420282164e-04, 1.6406e+01, 2.3109e-01, 
 1DIAGNOSTIC,    38, -7.091026723042e-01, 9.277338695774e-05, 1.6629e+01, 2.2284e-01, 
 1DIAGNOSTIC,    39, -7.094331804362e-01, 8.599220395429e-05, 1.6866e+01, 2.3640e-01, 
 1DIAGNOSTIC,    40, -7.097491832205e-01, 7.983266853298e-05, 1.7098e+01, 2.3202e-01, 
 1DIAGNOSTIC,    41, -7.100515976974e-01, 7.423364125463e-05, 1.7333e+01, 2.3531e-01, 
 1DIAGNOSTIC,    42, -7.103410303230e-01, 6.914116699598e-05, 1.7551e+01, 2.1843e-01, 
 1DIAGNOSTIC,    43, -7.106186260820e-01, 6.450318432053e-05, 1.7770e+01, 2.1869e-01, 
 1DIAGNOSTIC,    44, -7.108844330023e-01, 6.026703954994e-05, 1.7996e+01, 2.2549e-01, 
 1DIAGNOSTIC,    45, -7.111394482148e-01, 5.638017958983e-05, 1.8243e+01, 2.4706e-01, 
 1DIAGNOSTIC,    46, -7.113847311643e-01, 5.280796479507e-05, 1.8544e+01, 3.0156e-01, 
 1DIAGNOSTIC,    47, -7.116205543854e-01, 4.952521342266e-05, 1.8841e+01, 2.9718e-01, 
 1DIAGNOSTIC,    48, -7.118477242213e-01, 4.650875281307e-05, 1.9144e+01, 3.0230e-01, 
 1DIAGNOSTIC,    49, -7.120664075572e-01, 4.373343760640e-05, 1.9435e+01, 2.9150e-01, 
 1DIAGNOSTIC,    50, -7.122764618680e-01, 4.117183246775e-05, 1.9728e+01, 2.9305e-01, 
 1DIAGNOSTIC,    51, -7.124789068208e-01, 3.880441961554e-05, 1.9997e+01, 2.6900e-01, 
 1DIAGNOSTIC,    52, -7.126741700982e-01, 3.661202867746e-05, 2.0220e+01, 2.2247e-01, 
 1DIAGNOSTIC,    53, -7.128623277001e-01, 3.457849372541e-05, 2.0447e+01, 2.2678e-01, 
 1DIAGNOSTIC,    54, -7.130436982126e-01, 3.268447227134e-05, 2.0680e+01, 2.3329e-01, 
 1DIAGNOSTIC,    55, -7.132182099750e-01, 3.091271640363e-05, 2.0902e+01, 2.2196e-01, 
 1DIAGNOSTIC,    56, -7.133865074462e-01, 2.925451900482e-05, 2.1123e+01, 2.2095e-01, 
 1DIAGNOSTIC,    57, -7.135488780205e-01, 2.770070225001e-05, 2.1347e+01, 2.2387e-01, 
 1DIAGNOSTIC,    58, -7.137055134108e-01, 2.624539661020e-05, 2.1573e+01, 2.2672e-01, 
 1DIAGNOSTIC,    59, -7.138566478200e-01, 2.488184087443e-05, 2.1793e+01, 2.2013e-01, 
 1DIAGNOSTIC,    60, -7.140025695128e-01, 2.360054642493e-05, 2.2025e+01, 2.3106e-01, 
 1DIAGNOSTIC,    61, -7.141434375065e-01, 2.239688677666e-05, 2.2258e+01, 2.3322e-01, 
 1DIAGNOSTIC,    62, -7.142793830165e-01, 2.126679842939e-05, 2.2477e+01, 2.1967e-01, 
 1DIAGNOSTIC,    63, -7.144107787012e-01, 2.020606971603e-05, 2.2695e+01, 2.1765e-01, 
 1DIAGNOSTIC,    64, -7.145381353557e-01, 1.921285122226e-05, 2.2913e+01, 2.1755e-01, 
 1DIAGNOSTIC,    65, -7.146615697752e-01, 1.828226920079e-05, 2.3136e+01, 2.2292e-01, 
 1DIAGNOSTIC,    66, -7.147810693108e-01, 1.741059814966e-05, 2.3363e+01, 2.2761e-01, 
 1DIAGNOSTIC,    67, -7.148968480814e-01, 1.659449981293e-05, 2.3589e+01, 2.2578e-01, 
 1DIAGNOSTIC,    68, -7.150091935710e-01, 1.583079663298e-05, 2.3817e+01, 2.2813e-01, 
 1DIAGNOSTIC,    69, -7.151182138287e-01, 1.511568408863e-05, 2.4044e+01, 2.2655e-01, 
 1DIAGNOSTIC,    70, -7.152238789757e-01, 1.444457243763e-05, 2.4265e+01, 2.2131e-01, 
 1DIAGNOSTIC,    71, -7.153262065745e-01, 1.381198299321e-05, 2.4488e+01, 2.2311e-01, 
 1DIAGNOSTIC,    72, -7.154253695779e-01, 1.321255435919e-05, 2.4717e+01, 2.2870e-01, 
 1DIAGNOSTIC,    73, -7.155214367791e-01, 1.264205279650e-05, 2.4937e+01, 2.2023e-01, 
 1DIAGNOSTIC,    74, -7.156146171689e-01, 1.209921121794e-05, 2.5161e+01, 2.2404e-01, 
 1DIAGNOSTIC,    75, -7.157049905447e-01, 1.158276007217e-05, 2.5380e+01, 2.1865e-01, 
 1DIAGNOSTIC,    76, -7.157927507455e-01, 1.109132952357e-05, 2.5598e+01, 2.1876e-01, 
 1DIAGNOSTIC,    77, -7.158781761691e-01, 1.062505850260e-05, 2.5821e+01, 2.2280e-01, 
 1DIAGNOSTIC,    78, -7.159612985932e-01, 1.018450028520e-05, 2.6045e+01, 2.2359e-01, 
 1DIAGNOSTIC,    79, -7.160421888407e-01, 9.769809804971e-06, 2.6263e+01, 2.1785e-01, 
 1DIAGNOSTIC,    80, -7.161208403546e-01, 9.379559168920e-06, 2.6497e+01, 2.3439e-01, 
 1DIAGNOSTIC,    81, -7.161972554848e-01, 9.011127999486e-06, 2.6716e+01, 2.1913e-01, 
 1DIAGNOSTIC,    82, -7.162716973475e-01, 8.662993712881e-06, 2.6936e+01, 2.1994e-01, 
 1DIAGNOSTIC,    83, -7.163442189692e-01, 8.333164881583e-06, 2.7156e+01, 2.1998e-01, 
 1DIAGNOSTIC,    84, -7.164146389622e-01, 8.018956413917e-06, 2.7385e+01, 2.2889e-01, 
 1DIAGNOSTIC,    85, -7.164831693295e-01, 7.718494578247e-06, 2.7625e+01, 2.3967e-01, 
 1DIAGNOSTIC,    86, -7.165498106707e-01, 7.430231870683e-06, 2.7846e+01, 2.2126e-01, 
 1DIAGNOSTIC,    87, -7.166147353070e-01, 7.154261838088e-06, 2.8072e+01, 2.2602e-01, 
 1DIAGNOSTIC,    88, -7.166779402530e-01, 6.890245152233e-06, 2.8294e+01, 2.2172e-01, 
 1DIAGNOSTIC,    89, -7.167394519956e-01, 6.637797095012e-06, 2.8517e+01, 2.2347e-01, 
 1DIAGNOSTIC,    90, -7.167994081002e-01, 6.396613320607e-06, 2.8743e+01, 2.2574e-01, 
 1DIAGNOSTIC,    91, -7.168579019963e-01, 6.166221215870e-06, 2.8975e+01, 2.3250e-01, 
 1DIAGNOSTIC,    92, -7.169149275367e-01, 5.946753047057e-06, 2.9201e+01, 2.2530e-01, 
 1DIAGNOSTIC,    93, -7.169704991409e-01, 5.738107563944e-06, 2.9422e+01, 2.2155e-01, 
 1DIAGNOSTIC,    94, -7.170247217057e-01, 5.539262624437e-06, 2.9649e+01, 2.2680e-01, 
 1DIAGNOSTIC,    95, -7.170775885796e-01, 5.349580951960e-06, 2.9875e+01, 2.2632e-01, 
 1DIAGNOSTIC,    96, -7.171291502069e-01, 5.168169320519e-06, 3.0095e+01, 2.1999e-01, 
 1DIAGNOSTIC,    97, -7.171795053617e-01, 4.994893689898e-06, 3.0313e+01, 2.1756e-01, 
 1DIAGNOSTIC,    98, -7.172286801540e-01, 4.829297751637e-06, 3.0542e+01, 2.2888e-01, 
 1DIAGNOSTIC,    99, -7.172766617400e-01, 4.670588785652e-06, 3.0766e+01, 2.2464e-01, 
 1DIAGNOSTIC,   100, -7.173235364782e-01, 4.518565085378e-06, 3.0992e+01, 2.2526e-01, 
XXDIAGNOSTIC,Iteration,metricValue,convergenceValue,ITERATION_TIME_INDEX,SINCE_LAST
 1DIAGNOSTIC,     1, -5.410820215547e-01, 1.797693134862e+308, 3.1837e+01, 8.4498e-01, 
 1DIAGNOSTIC,     2, -5.444088525616e-01, 1.797693134862e+308, 3.2320e+01, 4.8354e-01, 
 1DIAGNOSTIC,     3, -5.470816586023e-01, 1.797693134862e+308, 3.2789e+01, 4.6854e-01, 
 1DIAGNOSTIC,     4, -5.495630009051e-01, 1.797693134862e+308, 3.3295e+01, 5.0667e-01, 
 1DIAGNOSTIC,     5, -5.518965154311e-01, 1.797693134862e+308, 3.3775e+01, 4.7968e-01, 
 1DIAGNOSTIC,     6, -5.539683343372e-01, 1.797693134862e+308, 3.4250e+01, 4.7491e-01, 
 1DIAGNOSTIC,     7, -5.558740051904e-01, 1.797693134862e+308, 3.4733e+01, 4.8303e-01, 
 1DIAGNOSTIC,     8, -5.576341917864e-01, 1.797693134862e+308, 3.5218e+01, 4.8510e-01, 
 1DIAGNOSTIC,     9, -5.591806177656e-01, 1.797693134862e+308, 3.5708e+01, 4.9033e-01, 
 1DIAGNOSTIC,    10, -5.606103314830e-01, 2.223340987883e-03, 3.6217e+01, 5.0819e-01, 
 1DIAGNOSTIC,    11, -5.619394885640e-01, 1.829446400654e-03, 3.6702e+01, 4.8530e-01, 
 1DIAGNOSTIC,    12, -5.631783085820e-01, 1.531426050657e-03, 3.7191e+01, 4.8935e-01, 
 1DIAGNOSTIC,    13, -5.643373312250e-01, 1.291064766339e-03, 3.7672e+01, 4.8032e-01, 
 1DIAGNOSTIC,    14, -5.654237903402e-01, 1.097300135206e-03, 3.8155e+01, 4.8289e-01, 
 1DIAGNOSTIC,    15, -5.664451291106e-01, 9.427958781952e-04, 3.8643e+01, 4.8875e-01, 
 1DIAGNOSTIC,    16, -5.674070301443e-01, 8.172605735282e-04, 3.9128e+01, 4.8478e-01, 
 1DIAGNOSTIC,    17, -5.683158600621e-01, 7.150321672368e-04, 3.9612e+01, 4.8409e-01, 
 1DIAGNOSTIC,    18, -5.691766549045e-01, 6.317595447060e-04, 4.0109e+01, 4.9654e-01, 
 1DIAGNOSTIC,    19, -5.699939096893e-01, 5.615471463878e-04, 4.0591e+01, 4.8245e-01, 
 1DIAGNOSTIC,    20, -5.707706104467e-01, 5.018386977035e-04, 4.1089e+01, 4.9781e-01, 
 1DIAGNOSTIC,    21, -5.715105684475e-01, 4.507327627630e-04, 4.1584e+01, 4.9494e-01, 
 1DIAGNOSTIC,    22, -5.722170843833e-01, 4.067179249298e-04, 4.2068e+01, 4.8446e-01, 
 1DIAGNOSTIC,    23, -5.728891235701e-01, 3.685316832509e-04, 4.2553e+01, 4.8484e-01, 
 1DIAGNOSTIC,    24, -5.735259377838e-01, 3.350782493120e-04, 4.3039e+01, 4.8547e-01, 
 1DIAGNOSTIC,    25, -5.741290652246e-01, 3.054791720284e-04, 4.3518e+01, 4.7908e-01, 
 1DIAGNOSTIC,    26, -5.746999761939e-01, 2.790207229354e-04, 4.3997e+01, 4.7974e-01, 
 1DIAGNOSTIC,    27, -5.752410919067e-01, 2.551797447176e-04, 4.4478e+01, 4.8067e-01, 
 1DIAGNOSTIC,    28, -5.757542795693e-01, 2.335730267862e-04, 4.4959e+01, 4.8081e-01, 
 1DIAGNOSTIC,    29, -5.762418597613e-01, 2.139420468719e-04, 4.5447e+01, 4.8783e-01, 
 1DIAGNOSTIC,    30, -5.767058793700e-01, 1.961019106899e-04, 4.5938e+01, 4.9129e-01, 
 1DIAGNOSTIC,    31, -5.771484357618e-01, 1.799414872617e-04, 4.6438e+01, 4.9944e-01, 
 1DIAGNOSTIC,    32, -5.775707140517e-01, 1.653857000790e-04, 4.6930e+01, 4.9289e-01, 
 1DIAGNOSTIC,    33, -5.779742503382e-01, 1.523219989076e-04, 4.7411e+01, 4.8048e-01, 
 1DIAGNOSTIC,    34, -5.783600212057e-01, 1.405975363800e-04, 4.7893e+01, 4.8215e-01, 
 1DIAGNOSTIC,    35, -5.787288669967e-01, 1.300579376175e-04, 4.8373e+01, 4.8033e-01, 
 1DIAGNOSTIC,    36, -5.790819335131e-01, 1.205541920090e-04, 4.8863e+01, 4.8935e-01, 
 1DIAGNOSTIC,    37, -5.794201584966e-01, 1.119568127143e-04, 4.9348e+01, 4.8547e-01, 
 1DIAGNOSTIC,    38, -5.797445960558e-01, 1.041515768514e-04, 4.9838e+01, 4.9002e-01, 
 1DIAGNOSTIC,    39, -5.800561666210e-01, 9.704563887123e-05, 5.0330e+01, 4.9209e-01, 
 1DIAGNOSTIC,    40, -5.803552762646e-01, 9.055790212288e-05, 5.0816e+01, 4.8597e-01, 
 1DIAGNOSTIC,    41, -5.806425765555e-01, 8.462423474864e-05, 5.1303e+01, 4.8649e-01, 
 1DIAGNOSTIC,    42, -5.809189753718e-01, 7.918896574766e-05, 5.1800e+01, 4.9715e-01, 
 1DIAGNOSTIC,    43, -5.811847604774e-01, 7.420231612047e-05, 5.2291e+01, 4.9070e-01, 
 1DIAGNOSTIC,    44, -5.814406343346e-01, 6.961983471341e-05, 5.2782e+01, 4.9144e-01, 
 1DIAGNOSTIC,    45, -5.816872439754e-01, 6.540077630342e-05, 5.3264e+01, 4.8166e-01, 
 1DIAGNOSTIC,    46, -5.819252092113e-01, 6.151197862090e-05, 5.3753e+01, 4.8941e-01, 
 1DIAGNOSTIC,    47, -5.821543779523e-01, 5.791742095304e-05, 5.4239e+01, 4.8583e-01, 
 1DIAGNOSTIC,    48, -5.823753766023e-01, 5.458953719180e-05, 5.4805e+01, 5.6601e-01, 
 1DIAGNOSTIC,    49, -5.825886825194e-01, 5.150616917512e-05, 5.5387e+01, 5.8156e-01, 
 1DIAGNOSTIC,    50, -5.827946804313e-01, 4.864437297082e-05, 5.5977e+01, 5.9028e-01, 
 1DIAGNOSTIC,    51, -5.829937790172e-01, 4.598398973050e-05, 5.6573e+01, 5.9663e-01, 
 1DIAGNOSTIC,    52, -5.831865581248e-01, 4.351239511138e-05, 5.7164e+01, 5.9057e-01, 
 1DIAGNOSTIC,    53, -5.833730623371e-01, 4.121274387098e-05, 5.7749e+01, 5.8498e-01, 
 1DIAGNOSTIC,    54, -5.835536655777e-01, 3.907185343570e-05, 5.8328e+01, 5.7889e-01, 
 1DIAGNOSTIC,    55, -5.837284385579e-01, 3.707689775852e-05, 5.8932e+01, 6.0406e-01, 
 1DIAGNOSTIC,    56, -5.838975527929e-01, 3.521670243918e-05, 5.9533e+01, 6.0107e-01, 
 1DIAGNOSTIC,    57, -5.840612744288e-01, 3.347576626864e-05, 6.0122e+01, 5.8854e-01, 
 1DIAGNOSTIC,    58, -5.842198906090e-01, 3.184231942245e-05, 6.0733e+01, 6.1162e-01, 
 1DIAGNOSTIC,    59, -5.843737329672e-01, 3.030769820742e-05, 6.1342e+01, 6.0851e-01, 
 1DIAGNOSTIC,    60, -5.845231225161e-01, 2.886550009795e-05, 6.1928e+01, 5.8596e-01, 
 1DIAGNOSTIC,    61, -5.846681885421e-01, 2.751011835955e-05, 6.2474e+01, 5.4653e-01, 
 1DIAGNOSTIC,    62, -5.848092726460e-01, 2.623998570468e-05, 6.2983e+01, 5.0843e-01, 
 1DIAGNOSTIC,    63, -5.849463116373e-01, 2.504942937818e-05, 6.3468e+01, 4.8552e-01, 
 1DIAGNOSTIC,    64, -5.850793832549e-01, 2.393295572483e-05, 6.3966e+01, 4.9796e-01, 
 1DIAGNOSTIC,    65, -5.852089199118e-01, 2.288574588050e-05, 6.4479e+01, 5.1255e-01, 
 1DIAGNOSTIC,    66, -5.853349909173e-01, 2.190165896546e-05, 6.4986e+01, 5.0693e-01, 
 1DIAGNOSTIC,    67, -5.854577808764e-01, 2.097528088917e-05, 6.5547e+01, 5.6115e-01, 
 1DIAGNOSTIC,    68, -5.855773989668e-01, 2.010171254414e-05, 6.6086e+01, 5.3973e-01, 
 1DIAGNOSTIC,    69, -5.856939524390e-01, 1.927703790095e-05, 6.6593e+01, 5.0623e-01, 
 1DIAGNOSTIC,    70, -5.858072621616e-01, 1.849628851982e-05, 6.7079e+01, 4.8635e-01, 
XXDIAGNOSTIC,Iteration,metricValue,convergenceValue,ITERATION_TIME_INDEX,SINCE_LAST
 1DIAGNOSTIC,     1, -3.491600897494e-01, 1.797693134862e+308, 6.9441e+01, 2.3618e+00, 
 1DIAGNOSTIC,     2, -3.538203064292e-01, 1.797693134862e+308, 7.1388e+01, 1.9469e+00, 
 1DIAGNOSTIC,     3, -3.576547866494e-01, 1.797693134862e+308, 7.3250e+01, 1.8619e+00, 
 1DIAGNOSTIC,     4, -3.614773908380e-01, 1.797693134862e+308, 7.5287e+01, 2.0372e+00, 
 1DIAGNOSTIC,     5, -3.655693049784e-01, 1.797693134862e+308, 7.7210e+01, 1.9234e+00, 
 1DIAGNOSTIC,     6, -3.692138497436e-01, 1.797693134862e+308, 7.9235e+01, 2.0243e+00, 
 1DIAGNOSTIC,     7, -3.726225243161e-01, 1.797693134862e+308, 8.1526e+01, 2.2911e+00, 
 1DIAGNOSTIC,     8, -3.753319362314e-01, 1.797693134862e+308, 8.3895e+01, 2.3690e+00, 
 1DIAGNOSTIC,     9, -3.778755713294e-01, 1.797693134862e+308, 8.6303e+01, 2.4080e+00, 
 1DIAGNOSTIC,    10, -3.801479876806e-01, 5.451641669820e-03, 8.8254e+01, 1.9516e+00, 
 1DIAGNOSTIC,    11, -3.822733654519e-01, 4.551333349456e-03, 9.0196e+01, 1.9422e+00, 
 1DIAGNOSTIC,    12, -3.842706497495e-01, 3.821122575278e-03, 9.2211e+01, 2.0148e+00, 
 1DIAGNOSTIC,    13, -3.861516328566e-01, 3.196270314393e-03, 9.4295e+01, 2.0835e+00, 
 1DIAGNOSTIC,    14, -3.879262144985e-01, 2.675812641427e-03, 9.6360e+01, 2.0649e+00, 
 1DIAGNOSTIC,    15, -3.896051475695e-01, 2.273263198991e-03, 9.8374e+01, 2.0144e+00, 
 1DIAGNOSTIC,    16, -3.911967646394e-01, 1.960290039305e-03, 1.0038e+02, 2.0078e+00, 
 1DIAGNOSTIC,    17, -3.927076811401e-01, 1.722374727075e-03, 1.0235e+02, 1.9732e+00, 
 1DIAGNOSTIC,    18, -3.941431371333e-01, 1.524981960469e-03, 1.0431e+02, 1.9523e+00, 
 1DIAGNOSTIC,    19, -3.955090040483e-01, 1.361450210484e-03, 1.0638e+02, 2.0721e+00, 
 1DIAGNOSTIC,    20, -3.968107909395e-01, 1.221432614736e-03, 1.0830e+02, 1.9175e+00, 
 1DIAGNOSTIC,    21, -3.980538746617e-01, 1.100606865382e-03, 1.1028e+02, 1.9825e+00, 
 1DIAGNOSTIC,    22, -3.992417483196e-01, 9.957039424912e-04, 1.1223e+02, 1.9543e+00, 
 1DIAGNOSTIC,    23, -4.003786442586e-01, 9.041247519240e-04, 1.1429e+02, 2.0610e+00, 
 1DIAGNOSTIC,    24, -4.014684027156e-01, 8.237676156431e-04, 1.1623e+02, 1.9395e+00, 
 1DIAGNOSTIC,    25, -4.025136058127e-01, 7.529529409011e-04, 1.1857e+02, 2.3405e+00, 
 1DIAGNOSTIC,    26, -4.035167077714e-01, 6.902986536156e-04, 1.2093e+02, 2.3572e+00, 
 1DIAGNOSTIC,    27, -4.044806015043e-01, 6.346543080281e-04, 1.2330e+02, 2.3698e+00, 
 1DIAGNOSTIC,    28, -4.054074589573e-01, 5.850228321258e-04, 1.2567e+02, 2.3704e+00, 
 1DIAGNOSTIC,    29, -4.062994289256e-01, 5.405708274079e-04, 1.2804e+02, 2.3711e+00, 
 1DIAGNOSTIC,    30, -4.071586369557e-01, 5.006100163915e-04, 1.3033e+02, 2.2883e+00, 
 1DIAGNOSTIC,    31, -4.079876285758e-01, 4.645960222903e-04, 1.3243e+02, 2.0958e+00, 
 1DIAGNOSTIC,    32, -4.087876383840e-01, 4.320398761718e-04, 1.3435e+02, 1.9266e+00, 
 1DIAGNOSTIC,    33, -4.095603897765e-01, 4.025380779518e-04, 1.3638e+02, 2.0266e+00, 
 1DIAGNOSTIC,    34, -4.103074703779e-01, 3.757564026408e-04, 1.3831e+02, 1.9275e+00, 
 1DIAGNOSTIC,    35, -4.110310192686e-01, 3.514100501087e-04, 1.4032e+02, 2.0105e+00, 
 1DIAGNOSTIC,    36, -4.117322971776e-01, 3.292398494193e-04, 1.4244e+02, 2.1229e+00, 
 1DIAGNOSTIC,    37, -4.124119228457e-01, 3.090108788700e-04, 1.4444e+02, 1.9961e+00, 
 1DIAGNOSTIC,    38, -4.130705519873e-01, 2.905016097970e-04, 1.4652e+02, 2.0830e+00, 
 1DIAGNOSTIC,    39, -4.137093261472e-01, 2.735160886481e-04, 1.4847e+02, 1.9508e+00, 
 1DIAGNOSTIC,    40, -4.143292807954e-01, 2.578831022062e-04, 1.5048e+02, 2.0097e+00, 
 1DIAGNOSTIC,    41, -4.149312033836e-01, 2.434623580010e-04, 1.5246e+02, 1.9798e+00, 
 1DIAGNOSTIC,    42, -4.155156239207e-01, 2.301177196258e-04, 1.5445e+02, 1.9907e+00, 
 1DIAGNOSTIC,    43, -4.160840315823e-01, 2.177454595349e-04, 1.5640e+02, 1.9502e+00, 
 1DIAGNOSTIC,    44, -4.166372865970e-01, 2.062591267711e-04, 1.5848e+02, 2.0765e+00, 
 1DIAGNOSTIC,    45, -4.171759779334e-01, 1.955944685860e-04, 1.6058e+02, 2.1064e+00, 
 1DIAGNOSTIC,    46, -4.177004532469e-01, 1.856904989295e-04, 1.6275e+02, 2.1615e+00, 
 1DIAGNOSTIC,    47, -4.182115765464e-01, 1.764877394605e-04, 1.6470e+02, 1.9571e+00, 
 1DIAGNOSTIC,    48, -4.187098849593e-01, 1.679238296271e-04, 1.6678e+02, 2.0730e+00, 
 1DIAGNOSTIC,    49, -4.191959399860e-01, 1.599431642592e-04, 1.6908e+02, 2.3034e+00, 
 1DIAGNOSTIC,    50, -4.196704882008e-01, 1.524992243864e-04, 1.7134e+02, 2.2582e+00, 
XXDIAGNOSTIC,Iteration,metricValue,convergenceValue,ITERATION_TIME_INDEX,SINCE_LAST
 1DIAGNOSTIC,     1, -2.797701315378e-01, 1.797693134862e+308, 1.8188e+02, 1.0546e+01, 
 1DIAGNOSTIC,     2, -2.832226180128e-01, 1.797693134862e+308, 1.9135e+02, 9.4650e+00, 
 1DIAGNOSTIC,     3, -2.873137006873e-01, 1.797693134862e+308, 2.0095e+02, 9.6051e+00, 
 1DIAGNOSTIC,     4, -2.909157298741e-01, 1.797693134862e+308, 2.1006e+02, 9.1069e+00, 
 1DIAGNOSTIC,     5, -2.944292158978e-01, 1.797693134862e+308, 2.1924e+02, 9.1805e+00, 
 1DIAGNOSTIC,     6, -2.977853811967e-01, 1.797693134862e+308, 2.2909e+02, 9.8520e+00, 
 1DIAGNOSTIC,     7, -3.009939743746e-01, 1.797693134862e+308, 2.3797e+02, 8.8740e+00, 
 1DIAGNOSTIC,     8, -3.040728923804e-01, 1.797693134862e+308, 2.4714e+02, 9.1761e+00, 
 1DIAGNOSTIC,     9, -3.068680823386e-01, 1.797693134862e+308, 2.5674e+02, 9.5940e+00, 
 1DIAGNOSTIC,    10, -3.095418814661e-01, 6.491135034624e-03, 2.6605e+02, 9.3141e+00, 
 1DIAGNOSTIC,    11, -3.120989958892e-01, 5.616413815128e-03, 2.7575e+02, 9.6996e+00, 
 1DIAGNOSTIC,    12, -3.145630907062e-01, 4.852353202728e-03, 2.8496e+02, 9.2045e+00, 
 1DIAGNOSTIC,    13, -3.169278758873e-01, 4.238355702207e-03, 2.9450e+02, 9.5483e+00, 
 1DIAGNOSTIC,    14, -3.191929435254e-01, 3.722145546650e-03, 3.0419e+02, 9.6908e+00, 
 1DIAGNOSTIC,    15, -3.211807025105e-01, 3.279196234600e-03, 3.1363e+02, 9.4365e+00, 
 1DIAGNOSTIC,    16, -3.232752293027e-01, 2.909257574384e-03, 3.2357e+02, 9.9353e+00, 
 1DIAGNOSTIC,    17, -3.251240257370e-01, 2.591230946424e-03, 3.3337e+02, 9.8025e+00, 
 1DIAGNOSTIC,    18, -3.269013636352e-01, 2.318968543398e-03, 3.4269e+02, 9.3193e+00, 
 1DIAGNOSTIC,    19, -3.286173370319e-01, 2.079444694240e-03, 3.5183e+02, 9.1432e+00, 
 1DIAGNOSTIC,    20, -3.302878295131e-01, 1.870161842202e-03, 3.6144e+02, 9.6115e+00, 
  Elapsed time (stage 2): 362.2


Total elapsed time: 416.6
