Batch job for  started on bigmem2 on  11/29/17 19:00

--------------------------------------------------------------------------------------
 Mapping parameters
--------------------------------------------------------------------------------------
 ANTSPATH is /home/trinkle/bin/ants/bin/

 Dimensionality:           3
 Output name prefix:       deformablesyn
 Fixed images:             ../XRAY_MRI_DATA/MRI_structural.nii
 Moving images:            ../XRAY_MRI_DATA/xray_small.nii
 Mask images:              
 Initial transforms:       
 Number of threads:        8
 Spline distance:          26
 Transform type:           s
 CC radius:                4
 Precision:                d
 Use histogram matching    0
======================================================================================
 antsRegistration call:
--------------------------------------------------------------------------------------
/home/trinkle/bin/ants/bin//antsRegistration --verbose 1 --dimensionality 3 --float 0 --collapse-output-transforms 1 --output [deformablesyn,deformablesynWarped.nii.gz,deformablesynInverseWarped.nii.gz] --interpolation Linear --use-histogram-matching 0 --winsorize-image-intensities [0.005,0.995] --initial-moving-transform [../XRAY_MRI_DATA/MRI_structural.nii,../XRAY_MRI_DATA/xray_small.nii,1] --transform Rigid[0.1] --metric MI[../XRAY_MRI_DATA/MRI_structural.nii,../XRAY_MRI_DATA/xray_small.nii,1,32,Regular,0.25] --convergence [1000x500x250x100,1e-6,10] --shrink-factors 8x4x2x1 --smoothing-sigmas 3x2x1x0vox --transform Affine[0.1] --metric MI[../XRAY_MRI_DATA/MRI_structural.nii,../XRAY_MRI_DATA/xray_small.nii,1,32,Regular,0.25] --convergence [1000x500x250x100,1e-6,10] --shrink-factors 8x4x2x1 --smoothing-sigmas 3x2x1x0vox --transform SyN[0.1,3,0] --metric CC[../XRAY_MRI_DATA/MRI_structural.nii,../XRAY_MRI_DATA/xray_small.nii,1,4] --convergence [100x70x50x20,1e-6,10] --shrink-factors 8x4x2x1 --smoothing-sigmas 3x2x1x0vox
--------------------------------------------------------------------------------------
All_Command_lines_OK
Using double precision for computations.
=============================================================================
The composite transform comprises the following transforms (in order): 
  1. Center of mass alignment using fixed image: ../XRAY_MRI_DATA/MRI_structural.nii and moving image: ../XRAY_MRI_DATA/xray_small.nii (type = Euler3DTransform)
=============================================================================
  number of levels = 4
  number of levels = 4
  number of levels = 4
  fixed image: ../XRAY_MRI_DATA/MRI_structural.nii
  moving image: ../XRAY_MRI_DATA/xray_small.nii
  fixed image: ../XRAY_MRI_DATA/MRI_structural.nii
  moving image: ../XRAY_MRI_DATA/xray_small.nii
  fixed image: ../XRAY_MRI_DATA/MRI_structural.nii
  moving image: ../XRAY_MRI_DATA/xray_small.nii
Dimension = 3
Number of stages = 3
Use Histogram Matching false
Winsorize image intensities true
Lower quantile = 0.005
Upper quantile = 0.995
Stage 1 State
   Image metric = Mattes
     Fixed image = Image (0x478eb90)
  RTTI typeinfo:   itk::Image<double, 3u>
  Reference Count: 2
  Modified Time: 1618
  Debug: Off
  Object Name: 
  Observers: 
    none
  Source: (none)
  Source output name: (none)
  Release Data: Off
  Data Released: False
  Global Release Data: Off
  PipelineMTime: 0
  UpdateMTime: 1445
  RealTimeStamp: 0 seconds 
  LargestPossibleRegion: 
    Dimension: 3
    Index: [0, 0, 0]
    Size: [66, 46, 170]
  BufferedRegion: 
    Dimension: 3
    Index: [0, 0, 0]
    Size: [66, 46, 170]
  RequestedRegion: 
    Dimension: 3
    Index: [0, 0, 0]
    Size: [66, 46, 170]
  Spacing: [0.15, 0.15, 0.15]
  Origin: [-4.95, 3.375, -12.6]
  Direction: 
1 0 0
0 -1 0
0 0 1

  IndexToPointMatrix: 
0.15 0 0
0 -0.15 0
0 0 0.15

  PointToIndexMatrix: 
6.66667 0 0
0 -6.66667 0
0 0 6.66667

  Inverse Direction: 
1 0 0
0 -1 0
0 0 1

  PixelContainer: 
    ImportImageContainer (0x478ffe0)
      RTTI typeinfo:   itk::ImportImageContainer<unsigned long, double>
      Reference Count: 1
      Modified Time: 1442
      Debug: Off
      Object Name: 
      Observers: 
        none
      Pointer: 0x479b7b0
      Container manages memory: true
      Size: 516120
      Capacity: 516120

     Moving image = Image (0x4791e80)
  RTTI typeinfo:   itk::Image<double, 3u>
  Reference Count: 2
  Modified Time: 1619
  Debug: Off
  Object Name: 
  Observers: 
    none
  Source: (none)
  Source output name: (none)
  Release Data: Off
  Data Released: False
  Global Release Data: Off
  PipelineMTime: 0
  UpdateMTime: 1616
  RealTimeStamp: 0 seconds 
  LargestPossibleRegion: 
    Dimension: 3
    Index: [0, 0, 0]
    Size: [66, 46, 170]
  BufferedRegion: 
    Dimension: 3
    Index: [0, 0, 0]
    Size: [66, 46, 170]
  RequestedRegion: 
    Dimension: 3
    Index: [0, 0, 0]
    Size: [66, 46, 170]
  Spacing: [0.161164, 0.171339, 0.0937412]
  Origin: [0, 0, 0]
  Direction: 
1 0 0
0 1 0
0 0 1

  IndexToPointMatrix: 
0.161164 0 0
0 0.171339 0
0 0 0.0937412

  PointToIndexMatrix: 
6.20487 0 0
0 5.83638 0
0 0 10.6677

  Inverse Direction: 
1 0 0
0 1 0
0 0 1

  PixelContainer: 
    ImportImageContainer (0x4785f70)
      RTTI typeinfo:   itk::ImportImageContainer<unsigned long, double>
      Reference Count: 1
      Modified Time: 1613
      Debug: Off
      Object Name: 
      Observers: 
        none
      Pointer: 0x4b8f680
      Container manages memory: true
      Size: 516120
      Capacity: 516120

     Weighting = 1
     Sampling strategy = regular
     Number of bins = 32
     Radius = 4
     Sampling percentage  = 0.25
   Transform = Rigid
     Gradient step = 0.1
     Update field sigma (voxel space) = 0
     Total field sigma (voxel space) = 0
     Update field time sigma = 0
     Total field time sigma  = 0
     Number of time indices = 0
     Number of time point samples = 0
Stage 2 State
   Image metric = Mattes
     Fixed image = Image (0x4790990)
  RTTI typeinfo:   itk::Image<double, 3u>
  Reference Count: 2
  Modified Time: 1967
  Debug: Off
  Object Name: 
  Observers: 
    none
  Source: (none)
  Source output name: (none)
  Release Data: Off
  Data Released: False
  Global Release Data: Off
  PipelineMTime: 0
  UpdateMTime: 1794
  RealTimeStamp: 0 seconds 
  LargestPossibleRegion: 
    Dimension: 3
    Index: [0, 0, 0]
    Size: [66, 46, 170]
  BufferedRegion: 
    Dimension: 3
    Index: [0, 0, 0]
    Size: [66, 46, 170]
  RequestedRegion: 
    Dimension: 3
    Index: [0, 0, 0]
    Size: [66, 46, 170]
  Spacing: [0.15, 0.15, 0.15]
  Origin: [-4.95, 3.375, -12.6]
  Direction: 
1 0 0
0 -1 0
0 0 1

  IndexToPointMatrix: 
0.15 0 0
0 -0.15 0
0 0 0.15

  PointToIndexMatrix: 
6.66667 0 0
0 -6.66667 0
0 0 6.66667

  Inverse Direction: 
1 0 0
0 -1 0
0 0 1

  PixelContainer: 
    ImportImageContainer (0x478ccf0)
      RTTI typeinfo:   itk::ImportImageContainer<unsigned long, double>
      Reference Count: 1
      Modified Time: 1791
      Debug: Off
      Object Name: 
      Observers: 
        none
      Pointer: 0x4f826d0
      Container manages memory: true
      Size: 516120
      Capacity: 516120

     Moving image = Image (0x4f80e40)
  RTTI typeinfo:   itk::Image<double, 3u>
  Reference Count: 2
  Modified Time: 1968
  Debug: Off
  Object Name: 
  Observers: 
    none
  Source: (none)
  Source output name: (none)
  Release Data: Off
  Data Released: False
  Global Release Data: Off
  PipelineMTime: 0
  UpdateMTime: 1965
  RealTimeStamp: 0 seconds 
  LargestPossibleRegion: 
    Dimension: 3
    Index: [0, 0, 0]
    Size: [66, 46, 170]
  BufferedRegion: 
    Dimension: 3
    Index: [0, 0, 0]
    Size: [66, 46, 170]
  RequestedRegion: 
    Dimension: 3
    Index: [0, 0, 0]
    Size: [66, 46, 170]
  Spacing: [0.161164, 0.171339, 0.0937412]
  Origin: [0, 0, 0]
  Direction: 
1 0 0
0 1 0
0 0 1

  IndexToPointMatrix: 
0.161164 0 0
0 0.171339 0
0 0 0.0937412

  PointToIndexMatrix: 
6.20487 0 0
0 5.83638 0
0 0 10.6677

  Inverse Direction: 
1 0 0
0 1 0
0 0 1

  PixelContainer: 
    ImportImageContainer (0x4b8dd70)
      RTTI typeinfo:   itk::ImportImageContainer<unsigned long, double>
      Reference Count: 1
      Modified Time: 1962
      Debug: Off
      Object Name: 
      Observers: 
        none
      Pointer: 0x5374e40
      Container manages memory: true
      Size: 516120
      Capacity: 516120

     Weighting = 1
     Sampling strategy = regular
     Number of bins = 32
     Radius = 4
     Sampling percentage  = 0.25
   Transform = Affine
     Gradient step = 0.1
     Update field sigma (voxel space) = 0
     Total field sigma (voxel space) = 0
     Update field time sigma = 0
     Total field time sigma  = 0
     Number of time indices = 0
     Number of time point samples = 0
Stage 3 State
   Image metric = CC
     Fixed image = Image (0x4f81180)
  RTTI typeinfo:   itk::Image<double, 3u>
  Reference Count: 2
  Modified Time: 2316
  Debug: Off
  Object Name: 
  Observers: 
    none
  Source: (none)
  Source output name: (none)
  Release Data: Off
  Data Released: False
  Global Release Data: Off
  PipelineMTime: 0
  UpdateMTime: 2143
  RealTimeStamp: 0 seconds 
  LargestPossibleRegion: 
    Dimension: 3
    Index: [0, 0, 0]
    Size: [66, 46, 170]
  BufferedRegion: 
    Dimension: 3
    Index: [0, 0, 0]
    Size: [66, 46, 170]
  RequestedRegion: 
    Dimension: 3
    Index: [0, 0, 0]
    Size: [66, 46, 170]
  Spacing: [0.15, 0.15, 0.15]
  Origin: [-4.95, 3.375, -12.6]
  Direction: 
1 0 0
0 -1 0
0 0 1

  IndexToPointMatrix: 
0.15 0 0
0 -0.15 0
0 0 0.15

  PointToIndexMatrix: 
6.66667 0 0
0 -6.66667 0
0 0 6.66667

  Inverse Direction: 
1 0 0
0 -1 0
0 0 1

  PixelContainer: 
    ImportImageContainer (0x4b8ef20)
      RTTI typeinfo:   itk::ImportImageContainer<unsigned long, double>
      Reference Count: 1
      Modified Time: 2140
      Debug: Off
      Object Name: 
      Observers: 
        none
      Pointer: 0x5767ee0
      Container manages memory: true
      Size: 516120
      Capacity: 516120

     Moving image = Image (0x5764f10)
  RTTI typeinfo:   itk::Image<double, 3u>
  Reference Count: 2
  Modified Time: 2317
  Debug: Off
  Object Name: 
  Observers: 
    none
  Source: (none)
  Source output name: (none)
  Release Data: Off
  Data Released: False
  Global Release Data: Off
  PipelineMTime: 0
  UpdateMTime: 2314
  RealTimeStamp: 0 seconds 
  LargestPossibleRegion: 
    Dimension: 3
    Index: [0, 0, 0]
    Size: [66, 46, 170]
  BufferedRegion: 
    Dimension: 3
    Index: [0, 0, 0]
    Size: [66, 46, 170]
  RequestedRegion: 
    Dimension: 3
    Index: [0, 0, 0]
    Size: [66, 46, 170]
  Spacing: [0.161164, 0.171339, 0.0937412]
  Origin: [0, 0, 0]
  Direction: 
1 0 0
0 1 0
0 0 1

  IndexToPointMatrix: 
0.161164 0 0
0 0.171339 0
0 0 0.0937412

  PointToIndexMatrix: 
6.20487 0 0
0 5.83638 0
0 0 10.6677

  Inverse Direction: 
1 0 0
0 1 0
0 0 1

  PixelContainer: 
    ImportImageContainer (0x53730e0)
      RTTI typeinfo:   itk::ImportImageContainer<unsigned long, double>
      Reference Count: 1
      Modified Time: 2311
      Debug: Off
      Object Name: 
      Observers: 
        none
      Pointer: 0x5b5a640
      Container manages memory: true
      Size: 516120
      Capacity: 516120

     Weighting = 1
     Sampling strategy = none
     Number of bins = 32
     Radius = 4
     Sampling percentage  = 1
   Transform = SyN
     Gradient step = 0.1
     Update field sigma (voxel space) = 3
     Total field sigma (voxel space) = 0
     Update field time sigma = 0
     Total field time sigma  = 0
     Number of time indices = 0
     Number of time point samples = 0
Registration using 3 total stages.

Stage 0
  iterations = 1000x500x250x100
  convergence threshold = 1e-06
  convergence window size = 10
  number of levels = 4
  using the Mattes MI metric (number of bins = 32, weight = 1)
  preprocessing:  winsorizing the image intensities
  Shrink factors (level 1 out of 4): [8, 8, 8]
  Shrink factors (level 2 out of 4): [4, 4, 4]
  Shrink factors (level 3 out of 4): [2, 2, 2]
  Shrink factors (level 4 out of 4): [1, 1, 1]
  smoothing sigmas per level: [3, 2, 1, 0]
  regular sampling (percentage = 0.25)

*** Running Euler3DTransform registration ***

DIAGNOSTIC,Iteration,metricValue,convergenceValue,ITERATION_TIME_INDEX,SINCE_LAST
 2DIAGNOSTIC,     1, -1.202371482658e+00, 1.797693134862e+308, 1.7451e-01, 1.7451e-01, 
 2DIAGNOSTIC,     2, -1.234272528531e+00, 1.797693134862e+308, 1.7636e-01, 1.8480e-03, 
 2DIAGNOSTIC,     3, -1.255397725747e+00, 1.797693134862e+308, 1.7760e-01, 1.2400e-03, 
 2DIAGNOSTIC,     4, -1.260199020032e+00, 1.797693134862e+308, 1.7862e-01, 1.0169e-03, 
 2DIAGNOSTIC,     5, -1.268851049493e+00, 1.797693134862e+308, 1.7987e-01, 1.2500e-03, 
 2DIAGNOSTIC,     6, -1.276155621093e+00, 1.797693134862e+308, 1.8166e-01, 1.7941e-03, 
 2DIAGNOSTIC,     7, -1.278945356085e+00, 1.797693134862e+308, 1.8264e-01, 9.7203e-04, 
 2DIAGNOSTIC,     8, -1.290975997066e+00, 1.797693134862e+308, 1.8388e-01, 1.2400e-03, 
 2DIAGNOSTIC,     9, -1.293616771738e+00, 1.797693134862e+308, 1.8494e-01, 1.0638e-03, 
 2DIAGNOSTIC,    10, -1.294271560879e+00, 4.016060081322e-03, 1.8674e-01, 1.8032e-03, 
 2DIAGNOSTIC,    11, -1.295368101706e+00, 2.637300225393e-03, 1.8858e-01, 1.8349e-03, 
 2DIAGNOSTIC,    12, -1.298945413677e+00, 1.908527498544e-03, 1.9064e-01, 2.0599e-03, 
 2DIAGNOSTIC,    13, -1.300090085427e+00, 1.501039068409e-03, 1.9302e-01, 2.3839e-03, 
 2DIAGNOSTIC,    14, -1.301199813418e+00, 1.108211115831e-03, 1.9526e-01, 2.2440e-03, 
 2DIAGNOSTIC,    15, -1.304441318493e+00, 8.448188178009e-04, 1.9744e-01, 2.1710e-03, 
 2DIAGNOSTIC,    16, -1.307611695035e+00, 6.834270174011e-04, 1.9959e-01, 2.1510e-03, 
 2DIAGNOSTIC,    17, -1.308630202491e+00, 5.231810230026e-04, 2.0170e-01, 2.1122e-03, 
 2DIAGNOSTIC,    18, -1.309470782882e+00, 4.911811712927e-04, 2.0353e-01, 1.8260e-03, 
 2DIAGNOSTIC,    19, -1.310221222903e+00, 4.574899099444e-04, 2.0544e-01, 1.9131e-03, 
 2DIAGNOSTIC,    20, -1.310712344079e+00, 3.971987592860e-04, 2.0771e-01, 2.2700e-03, 
 2DIAGNOSTIC,    21, -1.310940593558e+00, 3.184946520795e-04, 2.0953e-01, 1.8239e-03, 
 2DIAGNOSTIC,    22, -1.311550052483e+00, 2.596420884503e-04, 2.1157e-01, 2.0368e-03, 
 2DIAGNOSTIC,    23, -1.312485115936e+00, 2.021028409853e-04, 2.1388e-01, 2.3141e-03, 
 2DIAGNOSTIC,    24, -1.312777643399e+00, 1.428642771564e-04, 2.1596e-01, 2.0809e-03, 
 2DIAGNOSTIC,    25, -1.314795487088e+00, 1.209260545436e-04, 2.1818e-01, 2.2171e-03, 
 2DIAGNOSTIC,    26, -1.315026511424e+00, 1.177951656578e-04, 2.1993e-01, 1.7450e-03, 
 2DIAGNOSTIC,    27, -1.315386602514e+00, 1.151626003974e-04, 2.2219e-01, 2.2600e-03, 
 2DIAGNOSTIC,    28, -1.315479434043e+00, 1.092600621557e-04, 2.2399e-01, 1.8032e-03, 
 2DIAGNOSTIC,    29, -1.315506915527e+00, 9.936834907312e-05, 2.2602e-01, 2.0311e-03, 
 2DIAGNOSTIC,    30, -1.315536596580e+00, 8.457147210341e-05, 2.2841e-01, 2.3851e-03, 
 2DIAGNOSTIC,    31, -1.315549790935e+00, 6.445922608895e-05, 2.3044e-01, 2.0330e-03, 
 2DIAGNOSTIC,    32, -1.315582094986e+00, 4.403320919263e-05, 2.3222e-01, 1.7769e-03, 
 2DIAGNOSTIC,    33, -1.315619679670e+00, 2.735357317958e-05, 2.3436e-01, 2.1439e-03, 
 2DIAGNOSTIC,    34, -1.315634800064e+00, 1.082226515269e-05, 2.3645e-01, 2.0931e-03, 
 2DIAGNOSTIC,    35, -1.315635363631e+00, 6.935347324329e-06, 2.4253e-01, 6.0811e-03, 
 2DIAGNOSTIC,    36, -1.315635363588e+00, 4.049005259504e-06, 2.4871e-01, 6.1810e-03, 
 2DIAGNOSTIC,    37, -1.315635363588e+00, 3.136607893726e-06, 2.5069e-01, 1.9732e-03, 
 2DIAGNOSTIC,    38, -1.315635363588e+00, 2.585534148666e-06, 2.5295e-01, 2.2659e-03, 
 2DIAGNOSTIC,    39, -1.315635363588e+00, 2.048267475612e-06, 2.5500e-01, 2.0440e-03, 
 2DIAGNOSTIC,    40, -1.315635363588e+00, 1.586736523965e-06, 2.5695e-01, 1.9510e-03, 
 2DIAGNOSTIC,    41, -1.315635363588e+00, 1.142337577559e-06, 2.5896e-01, 2.0070e-03, 
DIAGNOSTIC,Iteration,metricValue,convergenceValue,ITERATION_TIME_INDEX,SINCE_LAST
 2DIAGNOSTIC,     1, -6.950296144648e-01, 1.797693134862e+308, 3.5496e-01, 9.6001e-02, 
 2DIAGNOSTIC,     2, -7.277066183289e-01, 1.797693134862e+308, 3.5718e-01, 2.2211e-03, 
 2DIAGNOSTIC,     3, -7.515824705519e-01, 1.797693134862e+308, 3.5978e-01, 2.6019e-03, 
 2DIAGNOSTIC,     4, -8.569443318819e-01, 1.797693134862e+308, 3.6191e-01, 2.1329e-03, 
 2DIAGNOSTIC,     5, -8.710730385427e-01, 1.797693134862e+308, 3.6581e-01, 3.8970e-03, 
 2DIAGNOSTIC,     6, -8.813594044349e-01, 1.797693134862e+308, 3.6857e-01, 2.7640e-03, 
 2DIAGNOSTIC,     7, -8.834240667753e-01, 1.797693134862e+308, 3.7093e-01, 2.3558e-03, 
 2DIAGNOSTIC,     8, -8.856937122202e-01, 1.797693134862e+308, 3.7312e-01, 2.1911e-03, 
 2DIAGNOSTIC,     9, -8.905621366106e-01, 1.797693134862e+308, 3.7560e-01, 2.4810e-03, 
 2DIAGNOSTIC,    10, -8.925222658327e-01, 1.527755251621e-02, 3.7901e-01, 3.4049e-03, 
 2DIAGNOSTIC,    11, -9.002786273016e-01, 1.004861497438e-02, 3.8228e-01, 3.2780e-03, 
 2DIAGNOSTIC,    12, -9.104811890539e-01, 6.066576587307e-03, 3.8562e-01, 3.3319e-03, 
 2DIAGNOSTIC,    13, -9.187457909851e-01, 2.945047343329e-03, 3.8856e-01, 2.9399e-03, 
 2DIAGNOSTIC,    14, -9.293726164702e-01, 2.776755572895e-03, 3.9230e-01, 3.7410e-03, 
 2DIAGNOSTIC,    15, -9.638494508719e-01, 3.432752814614e-03, 3.9562e-01, 3.3250e-03, 
 2DIAGNOSTIC,    16, -9.870213419648e-01, 4.343961792048e-03, 3.9984e-01, 4.2200e-03, 
 2DIAGNOSTIC,    17, -9.922831840382e-01, 4.870467240073e-03, 4.0258e-01, 2.7361e-03, 
 2DIAGNOSTIC,    18, -1.000493809459e+00, 5.077817376059e-03, 4.0553e-01, 2.9550e-03, 
 2DIAGNOSTIC,    19, -1.013507713275e+00, 5.090793081082e-03, 4.0885e-01, 3.3128e-03, 
 2DIAGNOSTIC,    20, -1.025747960583e+00, 4.840336161869e-03, 4.1160e-01, 2.7521e-03, 
 2DIAGNOSTIC,    21, -1.033601994189e+00, 4.391562136807e-03, 4.1528e-01, 3.6838e-03, 
 2DIAGNOSTIC,    22, -1.035796496545e+00, 3.762587671656e-03, 4.1826e-01, 2.9821e-03, 
 2DIAGNOSTIC,    23, -1.037783783748e+00, 2.990444617962e-03, 4.2117e-01, 2.9051e-03, 
 2DIAGNOSTIC,    24, -1.041032768872e+00, 2.179476107549e-03, 4.2534e-01, 4.1699e-03, 
 2DIAGNOSTIC,    25, -1.040989499812e+00, 1.650721289199e-03, 4.2843e-01, 3.0880e-03, 
 2DIAGNOSTIC,    26, -1.042391428033e+00, 1.302027775449e-03, 4.3142e-01, 2.9979e-03, 
 2DIAGNOSTIC,    27, -1.044059531860e+00, 9.387527632144e-04, 4.3557e-01, 4.1499e-03, 
 2DIAGNOSTIC,    28, -1.044578502981e+00, 6.086223554921e-04, 4.3857e-01, 2.9991e-03, 
 2DIAGNOSTIC,    29, -1.045107402920e+00, 3.846930091437e-04, 4.4146e-01, 2.8882e-03, 
 2DIAGNOSTIC,    30, -1.046387943076e+00, 2.748236580914e-04, 4.4653e-01, 5.0721e-03, 
 2DIAGNOSTIC,    31, -1.046358532594e+00, 2.221361591788e-04, 4.4947e-01, 2.9371e-03, 
 2DIAGNOSTIC,    32, -1.046502348135e+00, 1.737207858119e-04, 4.5282e-01, 3.3519e-03, 
 2DIAGNOSTIC,    33, -1.046547202371e+00, 1.298679998146e-04, 4.5588e-01, 3.0620e-03, 
 2DIAGNOSTIC,    34, -1.046555833942e+00, 1.053179112340e-04, 4.5896e-01, 3.0770e-03, 
 2DIAGNOSTIC,    35, -1.046579920618e+00, 7.197513369931e-05, 4.6194e-01, 2.9829e-03, 
 2DIAGNOSTIC,    36, -1.046656188398e+00, 4.572064888703e-05, 4.6479e-01, 2.8450e-03, 
 2DIAGNOSTIC,    37, -1.046878610848e+00, 3.186357332656e-05, 4.6987e-01, 5.0840e-03, 
 2DIAGNOSTIC,    38, -1.046755377032e+00, 1.886474943421e-05, 4.7296e-01, 3.0890e-03, 
 2DIAGNOSTIC,    39, -1.046761690018e+00, 8.692469081670e-06, 4.7592e-01, 2.9531e-03, 
 2DIAGNOSTIC,    40, -1.046764245534e+00, 7.742986314025e-06, 4.7893e-01, 3.0141e-03, 
 2DIAGNOSTIC,    41, -1.046775152895e+00, 6.000865479940e-06, 4.8226e-01, 3.3259e-03, 
 2DIAGNOSTIC,    42, -1.046816918730e+00, 5.111699190073e-06, 4.8562e-01, 3.3689e-03, 
 2DIAGNOSTIC,    43, -1.047117619243e+00, 6.205163519998e-06, 4.8979e-01, 4.1671e-03, 
 2DIAGNOSTIC,    44, -1.047016689616e+00, 6.094830620411e-06, 5.0019e-01, 1.0402e-02, 
 2DIAGNOSTIC,    45, -1.047016689613e+00, 5.672583777948e-06, 5.1098e-01, 1.0786e-02, 
 2DIAGNOSTIC,    46, -1.047016689613e+00, 5.252287296160e-06, 5.1472e-01, 3.7410e-03, 
 2DIAGNOSTIC,    47, -1.047016689613e+00, 5.788855801780e-06, 5.1887e-01, 4.1468e-03, 
 2DIAGNOSTIC,    48, -1.047016689613e+00, 5.046219589175e-06, 5.2303e-01, 4.1640e-03, 
 2DIAGNOSTIC,    49, -1.047016689613e+00, 3.965108175651e-06, 5.2633e-01, 3.2949e-03, 
 2DIAGNOSTIC,    50, -1.047016689613e+00, 2.662447552759e-06, 5.2961e-01, 3.2790e-03, 
 2DIAGNOSTIC,    51, -1.047016689613e+00, 1.289404938386e-06, 5.3308e-01, 3.4719e-03, 
DIAGNOSTIC,Iteration,metricValue,convergenceValue,ITERATION_TIME_INDEX,SINCE_LAST
 2DIAGNOSTIC,     1, -6.970106249318e-01, 1.797693134862e+308, 6.1309e-01, 8.0017e-02, 
 2DIAGNOSTIC,     2, -7.021083370486e-01, 1.797693134862e+308, 6.2977e-01, 1.6679e-02, 
 2DIAGNOSTIC,     3, -7.078872886231e-01, 1.797693134862e+308, 6.4591e-01, 1.6132e-02, 
 2DIAGNOSTIC,     4, -7.133534832927e-01, 1.797693134862e+308, 6.6103e-01, 1.5126e-02, 
 2DIAGNOSTIC,     5, -7.257694286234e-01, 1.797693134862e+308, 6.7539e-01, 1.4358e-02, 
 2DIAGNOSTIC,     6, -7.267227681140e-01, 1.797693134862e+308, 6.8971e-01, 1.4325e-02, 
 2DIAGNOSTIC,     7, -7.268002441431e-01, 1.797693134862e+308, 7.0378e-01, 1.4064e-02, 
 2DIAGNOSTIC,     8, -7.285973254963e-01, 1.797693134862e+308, 7.1808e-01, 1.4297e-02, 
 2DIAGNOSTIC,     9, -7.288696464873e-01, 1.797693134862e+308, 7.3146e-01, 1.3386e-02, 
 2DIAGNOSTIC,    10, -7.287102821024e-01, 3.011235281876e-03, 7.4345e-01, 1.1985e-02, 
 2DIAGNOSTIC,    11, -7.287065624172e-01, 2.050388914497e-03, 7.5711e-01, 1.3664e-02, 
 2DIAGNOSTIC,    12, -7.287048908898e-01, 1.238820381662e-03, 7.6922e-01, 1.2106e-02, 
 2DIAGNOSTIC,    13, -7.287709659778e-01, 6.184144904051e-04, 7.8489e-01, 1.5678e-02, 
 2DIAGNOSTIC,    14, -7.288376993298e-01, 1.772939148318e-04, 8.0172e-01, 1.6821e-02, 
 2DIAGNOSTIC,    15, -7.289834264094e-01, 1.093349644054e-04, 8.1608e-01, 1.4361e-02, 
 2DIAGNOSTIC,    16, -7.289759877201e-01, 6.392926546214e-05, 8.2891e-01, 1.2834e-02, 
 2DIAGNOSTIC,    17, -7.289938804178e-01, 1.930823231999e-05, 8.4137e-01, 1.2463e-02, 
 2DIAGNOSTIC,    18, -7.289707504005e-01, 1.660409260194e-05, 8.5258e-01, 1.1205e-02, 
 2DIAGNOSTIC,    19, -7.289728205397e-01, 1.855565849020e-05, 8.6504e-01, 1.2466e-02, 
 2DIAGNOSTIC,    20, -7.289793720094e-01, 1.571222179850e-05, 8.7661e-01, 1.1568e-02, 
 2DIAGNOSTIC,    21, -7.289813456173e-01, 1.181135411347e-05, 8.8871e-01, 1.2096e-02, 
 2DIAGNOSTIC,    22, -7.289870733120e-01, 7.399988869401e-06, 8.9939e-01, 1.0683e-02, 
 2DIAGNOSTIC,    23, -7.289862414682e-01, 3.931268419063e-06, 9.1160e-01, 1.2209e-02, 
 2DIAGNOSTIC,    24, -7.289959413408e-01, 1.701674390883e-06, 9.2376e-01, 1.2158e-02, 
 2DIAGNOSTIC,    25, -7.290038815588e-01, 2.022722203107e-06, 9.3648e-01, 1.2724e-02, 
DIAGNOSTIC,Iteration,metricValue,convergenceValue,ITERATION_TIME_INDEX,SINCE_LAST
 2DIAGNOSTIC,     1, -5.052376052296e-01, 1.797693134862e+308, 1.1514e+00, 2.1490e-01, 
 2DIAGNOSTIC,     2, -5.089393232602e-01, 1.797693134862e+308, 1.2317e+00, 8.0344e-02, 
 2DIAGNOSTIC,     3, -5.099029722822e-01, 1.797693134862e+308, 1.3180e+00, 8.6254e-02, 
 2DIAGNOSTIC,     4, -5.099954591842e-01, 1.797693134862e+308, 1.3852e+00, 6.7241e-02, 
 2DIAGNOSTIC,     5, -5.100935009180e-01, 1.797693134862e+308, 1.4552e+00, 7.0003e-02, 
 2DIAGNOSTIC,     6, -5.103038969795e-01, 1.797693134862e+308, 1.5215e+00, 6.6265e-02, 
 2DIAGNOSTIC,     7, -5.105336266689e-01, 1.797693134862e+308, 1.5988e+00, 7.7306e-02, 
 2DIAGNOSTIC,     8, -5.107038949429e-01, 1.797693134862e+308, 1.7055e+00, 1.0670e-01, 
 2DIAGNOSTIC,     9, -5.107083007874e-01, 1.797693134862e+308, 1.7821e+00, 7.6618e-02, 
 2DIAGNOSTIC,    10, -5.107977022471e-01, 4.466621847379e-04, 1.8569e+00, 7.4798e-02, 
 2DIAGNOSTIC,    11, -5.107943027867e-01, 1.782400168493e-04, 1.9340e+00, 7.7114e-02, 
 2DIAGNOSTIC,    12, -5.107965208817e-01, 1.096099518590e-04, 2.0106e+00, 7.6610e-02, 
 2DIAGNOSTIC,    13, -5.108021057984e-01, 8.343134282161e-05, 2.0881e+00, 7.7447e-02, 
 2DIAGNOSTIC,    14, -5.108039370108e-01, 5.748621569146e-05, 2.1558e+00, 6.7710e-02, 
 2DIAGNOSTIC,    15, -5.108119043659e-01, 3.383038179208e-05, 2.2241e+00, 6.8310e-02, 
 2DIAGNOSTIC,    16, -5.108769448894e-01, 1.964905412769e-05, 2.2910e+00, 6.6938e-02, 
 2DIAGNOSTIC,    17, -5.108911166002e-01, 1.333620102566e-05, 2.3590e+00, 6.7948e-02, 
 2DIAGNOSTIC,    18, -5.108972258646e-01, 1.216482313256e-05, 2.4270e+00, 6.7992e-02, 
 2DIAGNOSTIC,    19, -5.110268795833e-01, 1.403626030955e-05, 2.5247e+00, 9.7702e-02, 
 2DIAGNOSTIC,    20, -5.111035506850e-01, 1.909644230329e-05, 2.6025e+00, 7.7804e-02, 
 2DIAGNOSTIC,    21, -5.111509773044e-01, 2.316607914732e-05, 2.6888e+00, 8.6306e-02, 
 2DIAGNOSTIC,    22, -5.111564653401e-01, 2.506819824879e-05, 2.7762e+00, 8.7411e-02, 
 2DIAGNOSTIC,    23, -5.111530881562e-01, 2.469942103916e-05, 2.8637e+00, 8.7455e-02, 
 2DIAGNOSTIC,    24, -5.111536154030e-01, 2.221249181971e-05, 2.9412e+00, 7.7570e-02, 
 2DIAGNOSTIC,    25, -5.111535932560e-01, 1.806197373283e-05, 3.0095e+00, 6.8272e-02, 
 2DIAGNOSTIC,    26, -5.111473646538e-01, 1.392471965683e-05, 3.0774e+00, 6.7908e-02, 
 2DIAGNOSTIC,    27, -5.111515230454e-01, 9.328751306541e-06, 3.1445e+00, 6.7086e-02, 
 2DIAGNOSTIC,    28, -5.111551285355e-01, 4.442386355087e-06, 3.2225e+00, 7.8023e-02, 
 2DIAGNOSTIC,    29, -5.111608626019e-01, 2.147416654483e-06, 3.3013e+00, 7.8783e-02, 
 2DIAGNOSTIC,    30, -5.111626925529e-01, 1.337119151928e-06, 3.3716e+00, 7.0320e-02, 
 2DIAGNOSTIC,    31, -5.111710686031e-01, 1.554350806281e-06, 3.4387e+00, 6.7057e-02, 
 2DIAGNOSTIC,    32, -5.111855031541e-01, 2.052922846926e-06, 3.5149e+00, 7.6214e-02, 
 2DIAGNOSTIC,    33, -5.112039085684e-01, 2.665769465275e-06, 3.5828e+00, 6.7894e-02, 
 2DIAGNOSTIC,    34, -5.112645521653e-01, 4.076564978066e-06, 3.6620e+00, 7.9257e-02, 
 2DIAGNOSTIC,    35, -5.112642074910e-01, 5.085195815539e-06, 3.7295e+00, 6.7410e-02, 
 2DIAGNOSTIC,    36, -5.113433030788e-01, 6.780064688166e-06, 3.8458e+00, 1.1639e-01, 
 2DIAGNOSTIC,    37, -5.113452118701e-01, 7.888749386890e-06, 3.9340e+00, 8.8124e-02, 
 2DIAGNOSTIC,    38, -5.113444563600e-01, 8.315527058458e-06, 4.0119e+00, 7.7941e-02, 
 2DIAGNOSTIC,    39, -5.113445321955e-01, 8.098000384156e-06, 4.0792e+00, 6.7266e-02, 
 2DIAGNOSTIC,    40, -5.113436295948e-01, 7.205975438764e-06, 4.1452e+00, 6.5993e-02, 
 2DIAGNOSTIC,    41, -5.113431276334e-01, 5.845367366995e-06, 4.2218e+00, 7.6628e-02, 
 2DIAGNOSTIC,    42, -5.113453887336e-01, 4.285015110142e-06, 4.2884e+00, 6.6641e-02, 
 2DIAGNOSTIC,    43, -5.113439358610e-01, 2.672664134208e-06, 4.3667e+00, 7.8304e-02, 
 2DIAGNOSTIC,    44, -5.113456003999e-01, 1.750134623037e-06, 4.4444e+00, 7.7640e-02, 
  Elapsed time (stage 0): 4.5140e+00


Stage 1
  iterations = 1000x500x250x100
  convergence threshold = 1.0000e-06
  convergence window size = 10
  number of levels = 4
  using the Mattes MI metric (number of bins = 32, weight = 1.0000e+00)
  preprocessing:  winsorizing the image intensities
  Shrink factors (level 1 out of 4): [8, 8, 8]
  Shrink factors (level 2 out of 4): [4, 4, 4]
  Shrink factors (level 3 out of 4): [2, 2, 2]
  Shrink factors (level 4 out of 4): [1, 1, 1]
  smoothing sigmas per level: [3, 2, 1, 0]
  regular sampling (percentage = 2.5000e-01)

*** Running AffineTransform registration ***

DIAGNOSTIC,Iteration,metricValue,convergenceValue,ITERATION_TIME_INDEX,SINCE_LAST
 2DIAGNOSTIC,     1, -1.474863701628e+00, 1.797693134862e+308, 1.8467e-01, 1.8467e-01, 
 2DIAGNOSTIC,     2, -1.536487940724e+00, 1.797693134862e+308, 1.8606e-01, 1.3900e-03, 
 2DIAGNOSTIC,     3, -1.585532493027e+00, 1.797693134862e+308, 1.8722e-01, 1.1599e-03, 
 2DIAGNOSTIC,     4, -1.598735938897e+00, 1.797693134862e+308, 1.8842e-01, 1.2021e-03, 
 2DIAGNOSTIC,     5, -1.602969977122e+00, 1.797693134862e+308, 1.8935e-01, 9.2697e-04, 
 2DIAGNOSTIC,     6, -1.604094011728e+00, 1.797693134862e+308, 1.9028e-01, 9.2816e-04, 
 2DIAGNOSTIC,     7, -1.603863120384e+00, 1.797693134862e+308, 1.9145e-01, 1.1680e-03, 
 2DIAGNOSTIC,     8, -1.606500673100e+00, 1.797693134862e+308, 1.9245e-01, 1.0090e-03, 
 2DIAGNOSTIC,     9, -1.606479112253e+00, 1.797693134862e+308, 1.9338e-01, 9.2793e-04, 
 2DIAGNOSTIC,    10, -1.613840098463e+00, 3.905895785627e-03, 1.9537e-01, 1.9870e-03, 
 2DIAGNOSTIC,    11, -1.609109442819e+00, 1.703969086790e-03, 1.9736e-01, 1.9951e-03, 
 2DIAGNOSTIC,    12, -1.616831794597e+00, 7.414669165002e-04, 1.9931e-01, 1.9469e-03, 
 2DIAGNOSTIC,    13, -1.613676860220e+00, 4.867302956863e-04, 2.0488e-01, 5.5690e-03, 
 2DIAGNOSTIC,    14, -1.613676321080e+00, 3.927685713158e-04, 2.0660e-01, 1.7240e-03, 
 2DIAGNOSTIC,    15, -1.613677839053e+00, 3.261236790694e-04, 2.0827e-01, 1.6639e-03, 
 2DIAGNOSTIC,    16, -1.613680405701e+00, 2.508795095872e-04, 2.1000e-01, 1.7271e-03, 
 2DIAGNOSTIC,    17, -1.613684745205e+00, 1.587266613384e-04, 2.1160e-01, 1.6031e-03, 
 2DIAGNOSTIC,    18, -1.613692081360e+00, 8.895492974863e-05, 2.1321e-01, 1.6110e-03, 
 2DIAGNOSTIC,    19, -1.613704481326e+00, 1.722068194771e-05, 2.1490e-01, 1.6909e-03, 
 2DIAGNOSTIC,    20, -1.613725434171e+00, 1.848740736077e-05, 2.1650e-01, 1.5950e-03, 
DIAGNOSTIC,Iteration,metricValue,convergenceValue,ITERATION_TIME_INDEX,SINCE_LAST
 2DIAGNOSTIC,     1, -1.005646065908e+00, 1.797693134862e+308, 3.3247e-01, 1.1598e-01, 
 2DIAGNOSTIC,     2, -1.039355807174e+00, 1.797693134862e+308, 3.3486e-01, 2.3890e-03, 
 2DIAGNOSTIC,     3, -1.076213382464e+00, 1.797693134862e+308, 3.3814e-01, 3.2809e-03, 
 2DIAGNOSTIC,     4, -1.083018750627e+00, 1.797693134862e+308, 3.4144e-01, 3.3011e-03, 
 2DIAGNOSTIC,     5, -1.086568874586e+00, 1.797693134862e+308, 3.4381e-01, 2.3642e-03, 
 2DIAGNOSTIC,     6, -1.099869487350e+00, 1.797693134862e+308, 3.4607e-01, 2.2650e-03, 
 2DIAGNOSTIC,     7, -1.107582115025e+00, 1.797693134862e+308, 3.4966e-01, 3.5880e-03, 
 2DIAGNOSTIC,     8, -1.110392799996e+00, 1.797693134862e+308, 3.5239e-01, 2.7342e-03, 
 2DIAGNOSTIC,     9, -1.113786604967e+00, 1.797693134862e+308, 3.5509e-01, 2.6910e-03, 
 2DIAGNOSTIC,    10, -1.115591151585e+00, 5.579042652087e-03, 3.5842e-01, 3.3350e-03, 
 2DIAGNOSTIC,    11, -1.116641401103e+00, 3.466427808105e-03, 3.6156e-01, 3.1431e-03, 
 2DIAGNOSTIC,    12, -1.118767679754e+00, 2.160689486588e-03, 3.6517e-01, 3.6099e-03, 
 2DIAGNOSTIC,    13, -1.120021439469e+00, 1.628567217516e-03, 3.6825e-01, 3.0770e-03, 
 2DIAGNOSTIC,    14, -1.121299137274e+00, 1.178945401414e-03, 3.7140e-01, 3.1531e-03, 
 2DIAGNOSTIC,    15, -1.124283403843e+00, 7.914955257861e-04, 3.7581e-01, 4.4110e-03, 
 2DIAGNOSTIC,    16, -1.124552728479e+00, 5.975007112663e-04, 3.7889e-01, 3.0789e-03, 
 2DIAGNOSTIC,    17, -1.123698177040e+00, 4.763452522672e-04, 3.8234e-01, 3.4468e-03, 
 2DIAGNOSTIC,    18, -1.124828093979e+00, 3.814381609911e-04, 3.8728e-01, 4.9419e-03, 
 2DIAGNOSTIC,    19, -1.126564898598e+00, 3.301192811283e-04, 3.9124e-01, 3.9558e-03, 
 2DIAGNOSTIC,    20, -1.126591829102e+00, 2.759855050971e-04, 3.9448e-01, 3.2439e-03, 
 2DIAGNOSTIC,    21, -1.126780232264e+00, 2.167672404499e-04, 3.9787e-01, 3.3929e-03, 
 2DIAGNOSTIC,    22, -1.126959688692e+00, 1.706122289554e-04, 4.0111e-01, 3.2392e-03, 
 2DIAGNOSTIC,    23, -1.127104789410e+00, 1.281214760385e-04, 4.0449e-01, 3.3741e-03, 
 2DIAGNOSTIC,    24, -1.127162204592e+00, 9.026753211699e-05, 4.0765e-01, 3.1610e-03, 
 2DIAGNOSTIC,    25, -1.126982511508e+00, 7.588243361088e-05, 4.1098e-01, 3.3319e-03, 
 2DIAGNOSTIC,    26, -1.127007733627e+00, 5.921214981000e-05, 4.1526e-01, 4.2820e-03, 
 2DIAGNOSTIC,    27, -1.127245556803e+00, 3.232346451310e-05, 4.1931e-01, 4.0431e-03, 
 2DIAGNOSTIC,    28, -1.127248542514e+00, 1.426873608187e-05, 4.2521e-01, 5.9071e-03, 
 2DIAGNOSTIC,    29, -1.127248651801e+00, 1.162580805150e-05, 4.3539e-01, 1.0173e-02, 
 2DIAGNOSTIC,    30, -1.127248651799e+00, 8.446530497537e-06, 4.4480e-01, 9.4140e-03, 
 2DIAGNOSTIC,    31, -1.127248651799e+00, 6.306097414963e-06, 4.4861e-01, 3.8059e-03, 
 2DIAGNOSTIC,    32, -1.127248651799e+00, 5.151364316613e-06, 4.5198e-01, 3.3739e-03, 
 2DIAGNOSTIC,    33, -1.127248651799e+00, 4.763909722101e-06, 4.5544e-01, 3.4618e-03, 
 2DIAGNOSTIC,    34, -1.127248651799e+00, 4.541099658056e-06, 4.5895e-01, 3.5040e-03, 
 2DIAGNOSTIC,    35, -1.127248651799e+00, 2.695194341869e-06, 4.6268e-01, 3.7391e-03, 
DIAGNOSTIC,Iteration,metricValue,convergenceValue,ITERATION_TIME_INDEX,SINCE_LAST
 2DIAGNOSTIC,     1, -7.813202859865e-01, 1.797693134862e+308, 5.4883e-01, 8.6144e-02, 
 2DIAGNOSTIC,     2, -7.958281612011e-01, 1.797693134862e+308, 5.6232e-01, 1.3489e-02, 
 2DIAGNOSTIC,     3, -8.020749147292e-01, 1.797693134862e+308, 5.7678e-01, 1.4464e-02, 
 2DIAGNOSTIC,     4, -8.072471513518e-01, 1.797693134862e+308, 5.9556e-01, 1.8775e-02, 
 2DIAGNOSTIC,     5, -8.123626843421e-01, 1.797693134862e+308, 6.0999e-01, 1.4433e-02, 
 2DIAGNOSTIC,     6, -8.131892442795e-01, 1.797693134862e+308, 6.2856e-01, 1.8570e-02, 
 2DIAGNOSTIC,     7, -8.153495634598e-01, 1.797693134862e+308, 6.4347e-01, 1.4908e-02, 
 2DIAGNOSTIC,     8, -8.154246869708e-01, 1.797693134862e+308, 6.5659e-01, 1.3124e-02, 
 2DIAGNOSTIC,     9, -8.169044102744e-01, 1.797693134862e+308, 6.6978e-01, 1.3193e-02, 
 2DIAGNOSTIC,    10, -8.182686882876e-01, 2.418608911994e-03, 6.8338e-01, 1.3598e-02, 
 2DIAGNOSTIC,    11, -8.192277104778e-01, 1.475943584268e-03, 6.9901e-01, 1.5628e-02, 
 2DIAGNOSTIC,    12, -8.213109584872e-01, 1.043617512216e-03, 7.1582e-01, 1.6805e-02, 
 2DIAGNOSTIC,    13, -8.215497179354e-01, 7.565783592840e-04, 7.3240e-01, 1.6580e-02, 
 2DIAGNOSTIC,    14, -8.217866692418e-01, 5.754680983487e-04, 7.4544e-01, 1.3047e-02, 
 2DIAGNOSTIC,    15, -8.228074420751e-01, 5.096389719959e-04, 7.5839e-01, 1.2952e-02, 
 2DIAGNOSTIC,    16, -8.239755461350e-01, 4.472448955550e-04, 7.7365e-01, 1.5258e-02, 
 2DIAGNOSTIC,    17, -8.242223671416e-01, 4.003889278242e-04, 7.8874e-01, 1.5088e-02, 
 2DIAGNOSTIC,    18, -8.238959510113e-01, 3.171605970789e-04, 8.0148e-01, 1.2743e-02, 
 2DIAGNOSTIC,    19, -8.239268280027e-01, 2.418499519947e-04, 8.1487e-01, 1.3389e-02, 
 2DIAGNOSTIC,    20, -8.239754299416e-01, 1.760944134679e-04, 8.3617e-01, 2.1298e-02, 
 2DIAGNOSTIC,    21, -8.240060770504e-01, 1.154488978783e-04, 8.5420e-01, 1.8030e-02, 
 2DIAGNOSTIC,    22, -8.239492816092e-01, 8.190773780864e-05, 8.6924e-01, 1.5037e-02, 
 2DIAGNOSTIC,    23, -8.239556154428e-01, 4.797758533896e-05, 8.8378e-01, 1.4546e-02, 
 2DIAGNOSTIC,    24, -8.239528031676e-01, 1.577040544258e-05, 8.9696e-01, 1.3174e-02, 
DIAGNOSTIC,Iteration,metricValue,convergenceValue,ITERATION_TIME_INDEX,SINCE_LAST
 2DIAGNOSTIC,     1, -6.070541604295e-01, 1.797693134862e+308, 1.1222e+00, 2.2521e-01, 
 2DIAGNOSTIC,     2, -6.362674697514e-01, 1.797693134862e+308, 1.2250e+00, 1.0287e-01, 
 2DIAGNOSTIC,     3, -6.485251435837e-01, 1.797693134862e+308, 1.3753e+00, 1.5026e-01, 
 2DIAGNOSTIC,     4, -6.487564819778e-01, 1.797693134862e+308, 1.4605e+00, 8.5204e-02, 
 2DIAGNOSTIC,     5, -6.493973881796e-01, 1.797693134862e+308, 1.5545e+00, 9.3998e-02, 
 2DIAGNOSTIC,     6, -6.500317172957e-01, 1.797693134862e+308, 1.6489e+00, 9.4371e-02, 
 2DIAGNOSTIC,     7, -6.503609815504e-01, 1.797693134862e+308, 1.7373e+00, 8.8426e-02, 
 2DIAGNOSTIC,     8, -6.509171034980e-01, 1.797693134862e+308, 1.8350e+00, 9.7738e-02, 
 2DIAGNOSTIC,     9, -6.512045000666e-01, 1.797693134862e+308, 1.9282e+00, 9.3164e-02, 
 2DIAGNOSTIC,    10, -6.516933493728e-01, 2.659111722640e-03, 2.0324e+00, 1.0417e-01, 
 2DIAGNOSTIC,    11, -6.527859311429e-01, 8.746748748240e-04, 2.1351e+00, 1.0268e-01, 
 2DIAGNOSTIC,    12, -6.542605681826e-01, 4.245796538088e-04, 2.2862e+00, 1.5116e-01, 
 2DIAGNOSTIC,    13, -6.542809252795e-01, 4.209241917013e-04, 2.3805e+00, 9.4248e-02, 
 2DIAGNOSTIC,    14, -6.545400485114e-01, 3.958494857028e-04, 2.4656e+00, 8.5151e-02, 
 2DIAGNOSTIC,    15, -6.547807342017e-01, 3.639835364668e-04, 2.5595e+00, 9.3925e-02, 
 2DIAGNOSTIC,    16, -6.549247752741e-01, 3.235634319609e-04, 2.6568e+00, 9.7218e-02, 
 2DIAGNOSTIC,    17, -6.551817033041e-01, 2.726779356508e-04, 2.7469e+00, 9.0171e-02, 
 2DIAGNOSTIC,    18, -6.553955357791e-01, 2.213984931763e-04, 2.8357e+00, 8.8743e-02, 
 2DIAGNOSTIC,    19, -6.558259836187e-01, 1.721555311266e-04, 2.9356e+00, 9.9880e-02, 
 2DIAGNOSTIC,    20, -6.561653721497e-01, 1.296333813742e-04, 3.0800e+00, 1.4447e-01, 
 2DIAGNOSTIC,    21, -6.561913003242e-01, 1.016708618829e-04, 3.1774e+00, 9.7360e-02, 
 2DIAGNOSTIC,    22, -6.561909145531e-01, 9.643970333990e-05, 3.2814e+00, 1.0397e-01, 
 2DIAGNOSTIC,    23, -6.561790571077e-01, 8.289772718235e-05, 3.3759e+00, 9.4533e-02, 
 2DIAGNOSTIC,    24, -6.561967165086e-01, 6.771921059148e-05, 3.4847e+00, 1.0886e-01, 
 2DIAGNOSTIC,    25, -6.561872364224e-01, 5.147262582188e-05, 3.5922e+00, 1.0743e-01, 
 2DIAGNOSTIC,    26, -6.561803821519e-01, 3.408282837161e-05, 3.7130e+00, 1.2078e-01, 
 2DIAGNOSTIC,    27, -6.561748321791e-01, 1.903930820014e-05, 3.8288e+00, 1.1581e-01, 
 2DIAGNOSTIC,    28, -6.561739490710e-01, 6.591044677866e-06, 3.9389e+00, 1.1016e-01, 
  Elapsed time (stage 1): 4.0182e+00


Stage 2
  iterations = 100x70x50x20
  convergence threshold = 1.0000e-06
  convergence window size = 10
  number of levels = 4
  using the CC metric (radius = 4, weight = 1.0000e+00)
  preprocessing:  winsorizing the image intensities
  Shrink factors (level 1 out of 4): [8, 8, 8]
  Shrink factors (level 2 out of 4): [4, 4, 4]
  Shrink factors (level 3 out of 4): [2, 2, 2]
  Shrink factors (level 4 out of 4): [1, 1, 1]
  smoothing sigmas per level: [3, 2, 1, 0]
  Using default NONE metricSamplingStrategy 

*** Running SyN registration (varianceForUpdateField = 3.0000e+00, varianceForTotalField = 0.0000e+00) ***

XXDIAGNOSTIC,Iteration,metricValue,convergenceValue,ITERATION_TIME_INDEX,SINCE_LAST
 1DIAGNOSTIC,     1, -8.708950197659e-01, 1.797693134862e+308, 1.5971e-01, 1.5971e-01, 
 1DIAGNOSTIC,     2, -8.767830195026e-01, 1.797693134862e+308, 1.7037e-01, 1.0658e-02, 
 1DIAGNOSTIC,     3, -8.804540511050e-01, 1.797693134862e+308, 1.8095e-01, 1.0580e-02, 
 1DIAGNOSTIC,     4, -8.829883239458e-01, 1.797693134862e+308, 1.9111e-01, 1.0162e-02, 
 1DIAGNOSTIC,     5, -8.846210678698e-01, 1.797693134862e+308, 2.0163e-01, 1.0519e-02, 
 1DIAGNOSTIC,     6, -8.857104257239e-01, 1.797693134862e+308, 2.1243e-01, 1.0800e-02, 
 1DIAGNOSTIC,     7, -8.865244564321e-01, 1.797693134862e+308, 2.2304e-01, 1.0612e-02, 
 1DIAGNOSTIC,     8, -8.870821573856e-01, 1.797693134862e+308, 2.3341e-01, 1.0365e-02, 
 1DIAGNOSTIC,     9, -8.875222780391e-01, 1.797693134862e+308, 2.4372e-01, 1.0316e-02, 
 1DIAGNOSTIC,    10, -8.882280120018e-01, 1.071660796424e-03, 2.5496e-01, 1.1239e-02, 
 1DIAGNOSTIC,    11, -8.885004702836e-01, 6.747373460183e-04, 2.6629e-01, 1.1326e-02, 
 1DIAGNOSTIC,    12, -8.887165617226e-01, 4.460177987742e-04, 2.7732e-01, 1.1032e-02, 
 1DIAGNOSTIC,    13, -8.888829855120e-01, 3.064976845710e-04, 2.8838e-01, 1.1060e-02, 
 1DIAGNOSTIC,    14, -8.890161045284e-01, 2.199067367535e-04, 2.9937e-01, 1.0995e-02, 
 1DIAGNOSTIC,    15, -8.884787734620e-01, 1.479712398124e-04, 3.1036e-01, 1.0982e-02, 
 1DIAGNOSTIC,    16, -8.885072800643e-01, 9.416607351112e-05, 3.2182e-01, 1.1463e-02, 
 1DIAGNOSTIC,    17, -8.885278187744e-01, 5.380715380998e-05, 3.3265e-01, 1.0835e-02, 
 1DIAGNOSTIC,    18, -8.885431231688e-01, 2.313950923900e-05, 3.4367e-01, 1.1016e-02, 
 1DIAGNOSTIC,    19, -8.885531003898e-01, 1.095425349359e-06, 3.5458e-01, 1.0909e-02, 
 1DIAGNOSTIC,    20, -8.885576014165e-01, -7.190961618740e-06, 3.6565e-01, 1.1073e-02, 
XXDIAGNOSTIC,Iteration,metricValue,convergenceValue,ITERATION_TIME_INDEX,SINCE_LAST
 1DIAGNOSTIC,     1, -7.728126052679e-01, 1.797693134862e+308, 4.9670e-01, 1.3105e-01, 
 1DIAGNOSTIC,     2, -7.785847326900e-01, 1.797693134862e+308, 5.5879e-01, 6.2087e-02, 
 1DIAGNOSTIC,     3, -7.837887956785e-01, 1.797693134862e+308, 6.2360e-01, 6.4810e-02, 
 1DIAGNOSTIC,     4, -7.878373412446e-01, 1.797693134862e+308, 6.8475e-01, 6.1147e-02, 
 1DIAGNOSTIC,     5, -7.914226529598e-01, 1.797693134862e+308, 7.4561e-01, 6.0859e-02, 
 1DIAGNOSTIC,     6, -7.951606541276e-01, 1.797693134862e+308, 8.0954e-01, 6.3929e-02, 
 1DIAGNOSTIC,     7, -7.974679948096e-01, 1.797693134862e+308, 8.9281e-01, 8.3279e-02, 
 1DIAGNOSTIC,     8, -7.990569971185e-01, 1.797693134862e+308, 9.5819e-01, 6.5377e-02, 
 1DIAGNOSTIC,     9, -8.006414969931e-01, 1.797693134862e+308, 1.0205e+00, 6.2333e-02, 
 1DIAGNOSTIC,    10, -8.017376837936e-01, 2.304151800899e-03, 1.0831e+00, 6.2589e-02, 
 1DIAGNOSTIC,    11, -8.027952061018e-01, 1.726364898962e-03, 1.1457e+00, 6.2571e-02, 
 1DIAGNOSTIC,    12, -8.035405973837e-01, 1.283571584684e-03, 1.2089e+00, 6.3173e-02, 
 1DIAGNOSTIC,    13, -8.041835084209e-01, 9.539844899415e-04, 1.2724e+00, 6.3565e-02, 
 1DIAGNOSTIC,    14, -8.047427051544e-01, 7.021526380735e-04, 1.3355e+00, 6.3066e-02, 
 1DIAGNOSTIC,    15, -8.052452491665e-01, 5.159786081227e-04, 1.3976e+00, 6.2153e-02, 
 1DIAGNOSTIC,    16, -8.056748322344e-01, 3.983057999876e-04, 1.4608e+00, 6.3181e-02, 
 1DIAGNOSTIC,    17, -8.060476068813e-01, 3.139072514309e-04, 1.5231e+00, 6.2249e-02, 
 1DIAGNOSTIC,    18, -8.063724498292e-01, 2.475390687114e-04, 1.5860e+00, 6.2923e-02, 
 1DIAGNOSTIC,    19, -8.066575592339e-01, 2.001972512985e-04, 1.6508e+00, 6.4810e-02, 
 1DIAGNOSTIC,    20, -8.069085911571e-01, 1.628146751961e-04, 1.7144e+00, 6.3604e-02, 
 1DIAGNOSTIC,    21, -8.071382048982e-01, 1.356062123727e-04, 1.7780e+00, 6.3556e-02, 
 1DIAGNOSTIC,    22, -8.073470910548e-01, 1.136283532349e-04, 1.8461e+00, 6.8118e-02, 
 1DIAGNOSTIC,    23, -8.076138078305e-01, 9.699769955609e-05, 1.9105e+00, 6.4420e-02, 
 1DIAGNOSTIC,    24, -8.077871862504e-01, 8.348719303378e-05, 1.9729e+00, 6.2414e-02, 
 1DIAGNOSTIC,    25, -8.079437127842e-01, 7.262284889042e-05, 2.0380e+00, 6.5096e-02, 
 1DIAGNOSTIC,    26, -8.080506172187e-01, 6.314410074656e-05, 2.1016e+00, 6.3567e-02, 
 1DIAGNOSTIC,    27, -8.081783716363e-01, 5.505301218252e-05, 2.1658e+00, 6.4220e-02, 
 1DIAGNOSTIC,    28, -8.082924605677e-01, 4.793856178949e-05, 2.2348e+00, 6.9025e-02, 
 1DIAGNOSTIC,    29, -8.083973120445e-01, 4.160416293419e-05, 2.2970e+00, 6.2186e-02, 
 1DIAGNOSTIC,    30, -8.084930841913e-01, 3.593247438589e-05, 2.3607e+00, 6.3722e-02, 
 1DIAGNOSTIC,    31, -8.085809593611e-01, 3.093382659942e-05, 2.4235e+00, 6.2723e-02, 
 1DIAGNOSTIC,    32, -8.086629975181e-01, 2.657764390913e-05, 2.4852e+00, 6.1771e-02, 
 1DIAGNOSTIC,    33, -8.087437069371e-01, 2.375153626938e-05, 2.5470e+00, 6.1773e-02, 
 1DIAGNOSTIC,    34, -8.091625764791e-01, 2.506441570707e-05, 2.6078e+00, 6.0800e-02, 
 1DIAGNOSTIC,    35, -8.092264067965e-01, 2.612177940584e-05, 2.6684e+00, 6.0558e-02, 
 1DIAGNOSTIC,    36, -8.092849125137e-01, 2.636803106440e-05, 2.7296e+00, 6.1289e-02, 
 1DIAGNOSTIC,    37, -8.093372449708e-01, 2.593269691937e-05, 2.7919e+00, 6.2286e-02, 
 1DIAGNOSTIC,    38, -8.093849939986e-01, 2.460902743072e-05, 2.8540e+00, 6.2098e-02, 
 1DIAGNOSTIC,    39, -8.094577548627e-01, 2.263039200888e-05, 2.9159e+00, 6.1897e-02, 
 1DIAGNOSTIC,    40, -8.094975529616e-01, 1.983786395989e-05, 2.9770e+00, 6.1069e-02, 
 1DIAGNOSTIC,    41, -8.095337491042e-01, 1.647577155627e-05, 3.0411e+00, 6.4145e-02, 
 1DIAGNOSTIC,    42, -8.095669860233e-01, 1.277351626873e-05, 3.1021e+00, 6.0987e-02, 
 1DIAGNOSTIC,    43, -8.095686897902e-01, 8.680985282315e-06, 3.1651e+00, 6.2933e-02, 
 1DIAGNOSTIC,    44, -8.095969596767e-01, 7.602995541818e-06, 3.2270e+00, 6.1905e-02, 
 1DIAGNOSTIC,    45, -8.096229630872e-01, 6.608827941772e-06, 3.2889e+00, 6.1968e-02, 
 1DIAGNOSTIC,    46, -8.096465799183e-01, 5.717153945192e-06, 3.3514e+00, 6.2418e-02, 
 1DIAGNOSTIC,    47, -8.096969853727e-01, 5.152039350441e-06, 3.4135e+00, 6.2172e-02, 
 1DIAGNOSTIC,    48, -8.097178593693e-01, 4.672709923274e-06, 3.4790e+00, 6.5467e-02, 
 1DIAGNOSTIC,    49, -8.080012890726e-01, -8.025330045278e-06, 3.5486e+00, 6.9655e-02, 
XXDIAGNOSTIC,Iteration,metricValue,convergenceValue,ITERATION_TIME_INDEX,SINCE_LAST
 1DIAGNOSTIC,     1, -6.935243869411e-01, 1.797693134862e+308, 4.1626e+00, 6.1396e-01, 
 1DIAGNOSTIC,     2, -6.971397273121e-01, 1.797693134862e+308, 4.7042e+00, 5.4161e-01, 
 1DIAGNOSTIC,     3, -7.010859207676e-01, 1.797693134862e+308, 5.2269e+00, 5.2273e-01, 
 1DIAGNOSTIC,     4, -7.041789625974e-01, 1.797693134862e+308, 5.7056e+00, 4.7867e-01, 
 1DIAGNOSTIC,     5, -7.067187996602e-01, 1.797693134862e+308, 6.1558e+00, 4.5018e-01, 
 1DIAGNOSTIC,     6, -7.090186616447e-01, 1.797693134862e+308, 6.6293e+00, 4.7348e-01, 
 1DIAGNOSTIC,     7, -7.115291335367e-01, 1.797693134862e+308, 7.0854e+00, 4.5616e-01, 
 1DIAGNOSTIC,     8, -7.131999795215e-01, 1.797693134862e+308, 7.5409e+00, 4.5550e-01, 
 1DIAGNOSTIC,     9, -7.149792803105e-01, 1.797693134862e+308, 8.0202e+00, 4.7929e-01, 
 1DIAGNOSTIC,    10, -7.164366561835e-01, 2.046490896238e-03, 8.4963e+00, 4.7608e-01, 
 1DIAGNOSTIC,    11, -7.177576908774e-01, 1.647503286810e-03, 8.9653e+00, 4.6903e-01, 
 1DIAGNOSTIC,    12, -7.188535495496e-01, 1.323104747921e-03, 9.4359e+00, 4.7055e-01, 
 1DIAGNOSTIC,    13, -7.199565112382e-01, 1.083894331180e-03, 9.9450e+00, 5.0909e-01, 
 1DIAGNOSTIC,    14, -7.208814401064e-01, 8.947275788217e-04, 1.0508e+01, 5.6351e-01, 
 1DIAGNOSTIC,    15, -7.217470229481e-01, 7.393518300018e-04, 1.1044e+01, 5.3575e-01, 
 1DIAGNOSTIC,    16, -7.224888746485e-01, 6.107391436090e-04, 1.1587e+01, 5.4297e-01, 
 1DIAGNOSTIC,    17, -7.234125134474e-01, 5.214101072243e-04, 1.2171e+01, 5.8339e-01, 
 1DIAGNOSTIC,    18, -7.240123817562e-01, 4.435330967140e-04, 1.2691e+01, 5.2060e-01, 
 1DIAGNOSTIC,    19, -7.246770726383e-01, 3.837484076587e-04, 1.3177e+01, 4.8542e-01, 
 1DIAGNOSTIC,    20, -7.251425654379e-01, 3.323129908093e-04, 1.3669e+01, 4.9191e-01, 
 1DIAGNOSTIC,    21, -7.256697702747e-01, 2.897050162600e-04, 1.4153e+01, 4.8469e-01, 
 1DIAGNOSTIC,    22, -7.259742927729e-01, 2.489597353194e-04, 1.4646e+01, 4.9260e-01, 
 1DIAGNOSTIC,    23, -7.263404535320e-01, 2.137649598591e-04, 1.5133e+01, 4.8684e-01, 
 1DIAGNOSTIC,    24, -7.267481611575e-01, 1.834409057882e-04, 1.5680e+01, 5.4717e-01, 
 1DIAGNOSTIC,    25, -7.271169981803e-01, 1.578257187997e-04, 1.6233e+01, 5.5272e-01, 
 1DIAGNOSTIC,    26, -7.275160140162e-01, 1.365773589743e-04, 1.6759e+01, 5.2668e-01, 
 1DIAGNOSTIC,    27, -7.282483903673e-01, 1.283192160352e-04, 1.7272e+01, 5.1245e-01, 
 1DIAGNOSTIC,    28, -7.285560151502e-01, 1.211660221273e-04, 1.7776e+01, 5.0420e-01, 
 1DIAGNOSTIC,    29, -7.288813848878e-01, 1.166198588834e-04, 1.8272e+01, 4.9625e-01, 
 1DIAGNOSTIC,    30, -7.291779203086e-01, 1.113970005871e-04, 1.8784e+01, 5.1200e-01, 
 1DIAGNOSTIC,    31, -7.294608121968e-01, 1.063019493851e-04, 1.9279e+01, 4.9520e-01, 
 1DIAGNOSTIC,    32, -7.296821798384e-01, 9.788110258041e-05, 1.9775e+01, 4.9614e-01, 
 1DIAGNOSTIC,    33, -7.299313566178e-01, 8.805985857269e-05, 2.0284e+01, 5.0887e-01, 
 1DIAGNOSTIC,    34, -7.301688015984e-01, 7.803275445931e-05, 2.0794e+01, 5.1013e-01, 
 1DIAGNOSTIC,    35, -7.303762685280e-01, 6.770385559098e-05, 2.1280e+01, 4.8509e-01, 
 1DIAGNOSTIC,    36, -7.306021273751e-01, 5.825935138448e-05, 2.1770e+01, 4.9066e-01, 
 1DIAGNOSTIC,    37, -7.308099121610e-01, 5.382966706073e-05, 2.2274e+01, 5.0410e-01, 
 1DIAGNOSTIC,    38, -7.309750547576e-01, 4.942537460702e-05, 2.2775e+01, 5.0061e-01, 
 1DIAGNOSTIC,    39, -7.313261457528e-01, 4.739650068948e-05, 2.3260e+01, 4.8486e-01, 
 1DIAGNOSTIC,    40, -7.314670545528e-01, 4.522606845761e-05, 2.3766e+01, 5.0632e-01, 
 1DIAGNOSTIC,    41, -7.317191826762e-01, 4.404350055370e-05, 2.4272e+01, 5.0550e-01, 
 1DIAGNOSTIC,    42, -7.318650398324e-01, 4.217653387572e-05, 2.4757e+01, 4.8589e-01, 
 1DIAGNOSTIC,    43, -7.320715569913e-01, 4.057180814072e-05, 2.5243e+01, 4.8555e-01, 
 1DIAGNOSTIC,    44, -7.322712764579e-01, 3.908076219863e-05, 2.5740e+01, 4.9723e-01, 
 1DIAGNOSTIC,    45, -7.323864633037e-01, 3.675008071154e-05, 2.6221e+01, 4.8047e-01, 
 1DIAGNOSTIC,    46, -7.325508370650e-01, 3.439998168901e-05, 2.6715e+01, 4.9448e-01, 
 1DIAGNOSTIC,    47, -7.326703276795e-01, 3.164156135622e-05, 2.7200e+01, 4.8438e-01, 
 1DIAGNOSTIC,    48, -7.327793491306e-01, 2.820877534635e-05, 2.7711e+01, 5.1168e-01, 
 1DIAGNOSTIC,    49, -7.329145299801e-01, 2.615981570212e-05, 2.8226e+01, 5.1452e-01, 
 1DIAGNOSTIC,    50, -7.330255311971e-01, 2.368062299934e-05, 2.8712e+01, 4.8649e-01, 
XXDIAGNOSTIC,Iteration,metricValue,convergenceValue,ITERATION_TIME_INDEX,SINCE_LAST
 1DIAGNOSTIC,     1, -6.461346239772e-01, 1.797693134862e+308, 3.2721e+01, 4.0090e+00, 
 1DIAGNOSTIC,     2, -6.483745187144e-01, 1.797693134862e+308, 3.6712e+01, 3.9907e+00, 
 1DIAGNOSTIC,     3, -6.507665670899e-01, 1.797693134862e+308, 4.0301e+01, 3.5890e+00, 
 1DIAGNOSTIC,     4, -6.528568598564e-01, 1.797693134862e+308, 4.3961e+01, 3.6604e+00, 
 1DIAGNOSTIC,     5, -6.548577906337e-01, 1.797693134862e+308, 4.7632e+01, 3.6705e+00, 
 1DIAGNOSTIC,     6, -6.565051557363e-01, 1.797693134862e+308, 5.1555e+01, 3.9231e+00, 
 1DIAGNOSTIC,     7, -6.580155829936e-01, 1.797693134862e+308, 5.5520e+01, 3.9652e+00, 
 1DIAGNOSTIC,     8, -6.591897141407e-01, 1.797693134862e+308, 5.9577e+01, 4.0572e+00, 
 1DIAGNOSTIC,     9, -6.601697927788e-01, 1.797693134862e+308, 6.3316e+01, 3.7386e+00, 
 1DIAGNOSTIC,    10, -6.610219154872e-01, 1.469658782873e-03, 6.7108e+01, 3.7916e+00, 
 1DIAGNOSTIC,    11, -6.617845526400e-01, 1.176662893954e-03, 7.1060e+01, 3.9519e+00, 
 1DIAGNOSTIC,    12, -6.624630690666e-01, 9.315355012860e-04, 7.4867e+01, 3.8074e+00, 
 1DIAGNOSTIC,    13, -6.630904371055e-01, 7.400038494112e-04, 7.8512e+01, 3.6449e+00, 
 1DIAGNOSTIC,    14, -6.636453221620e-01, 5.897767909915e-04, 8.2145e+01, 3.6336e+00, 
 1DIAGNOSTIC,    15, -6.641578686135e-01, 4.777658033376e-04, 8.5731e+01, 3.5851e+00, 
 1DIAGNOSTIC,    16, -6.646194710899e-01, 3.924215120287e-04, 8.9366e+01, 3.6351e+00, 
 1DIAGNOSTIC,    17, -6.650556843644e-01, 3.301361183230e-04, 9.3107e+01, 3.7416e+00, 
 1DIAGNOSTIC,    18, -6.654634087957e-01, 2.819748240022e-04, 9.6679e+01, 3.5717e+00, 
 1DIAGNOSTIC,    19, -6.658375038123e-01, 2.433255312555e-04, 1.0031e+02, 3.6267e+00, 
 1DIAGNOSTIC,    20, -6.662179637312e-01, 2.123736180850e-04, 1.0385e+02, 3.5427e+00, 
  Elapsed time (stage 2): 103.9


Total elapsed time: 112.5
