
--------------------------------------------------------------------------------------
 Mapping parameters
--------------------------------------------------------------------------------------
 ANTSPATH is /home/trinkle/bin/ants/bin/

 Dimensionality:           2
 Output name prefix:       slice720
 Fixed images:             ../Al/Al_720.tif
 Moving images:            ../No/No_720.tif
 Mask images:              
 Initial transforms:       
 Number of threads:        2
 Spline distance:          26
 Transform type:           s
 CC radius:                4
 Precision:                d
 Use histogram matching    0
======================================================================================
 antsRegistration call:
--------------------------------------------------------------------------------------
/home/trinkle/bin/ants/bin//antsRegistration --verbose 1 --dimensionality 2 --float 0 --collapse-output-transforms 1 --output [slice720,slice720Warped.nii.gz,slice720InverseWarped.nii.gz] --interpolation Linear --use-histogram-matching 0 --winsorize-image-intensities [0.005,0.995] --initial-moving-transform [../Al/Al_720.tif,../No/No_720.tif,1] --transform Rigid[0.1] --metric MI[../Al/Al_720.tif,../No/No_720.tif,1,32,Regular,0.25] --convergence [1000x500x250x100,1e-6,10] --shrink-factors 12x8x4x2 --smoothing-sigmas 4x3x2x1vox --transform Affine[0.1] --metric MI[../Al/Al_720.tif,../No/No_720.tif,1,32,Regular,0.25] --convergence [1000x500x250x100,1e-6,10] --shrink-factors 12x8x4x2 --smoothing-sigmas 4x3x2x1vox --transform SyN[0.1,3,0] --metric CC[../Al/Al_720.tif,../No/No_720.tif,1,4] --convergence [100x100x70x50x20,1e-6,10] --shrink-factors 10x6x4x2x1 --smoothing-sigmas 5x3x2x1x0vox
--------------------------------------------------------------------------------------
All_Command_lines_OK
Using double precision for computations.
=============================================================================
The composite transform comprises the following transforms (in order): 
  1. Center of mass alignment using fixed image: ../Al/Al_720.tif and moving image: ../No/No_720.tif (type = Euler2DTransform)
=============================================================================
  number of levels = 4
  number of levels = 4
  number of levels = 5
  fixed image: ../Al/Al_720.tif
  moving image: ../No/No_720.tif
  fixed image: ../Al/Al_720.tif
  moving image: ../No/No_720.tif
  fixed image: ../Al/Al_720.tif
  moving image: ../No/No_720.tif
Dimension = 2
Number of stages = 3
Use Histogram Matching false
Winsorize image intensities true
Lower quantile = 0.005
Upper quantile = 0.995
Stage 1 State
   Image metric = Mattes
     Fixed image = Image (0x42fb4c0)
  RTTI typeinfo:   itk::Image<double, 2u>
  Reference Count: 2
  Modified Time: 1576
  Debug: Off
  Object Name: 
  Observers: 
    none
  Source: (none)
  Source output name: (none)
  Release Data: Off
  Data Released: False
  Global Release Data: Off
  PipelineMTime: 0
  UpdateMTime: 1411
  RealTimeStamp: 0 seconds 
  LargestPossibleRegion: 
    Dimension: 2
    Index: [0, 0]
    Size: [1920, 1920]
  BufferedRegion: 
    Dimension: 2
    Index: [0, 0]
    Size: [1920, 1920]
  RequestedRegion: 
    Dimension: 2
    Index: [0, 0]
    Size: [1920, 1920]
  Spacing: [1, 1]
  Origin: [0, 0]
  Direction: 
1 0
0 1

  IndexToPointMatrix: 
1 0
0 1

  PointToIndexMatrix: 
1 0
0 1

  Inverse Direction: 
1 0
0 1

  PixelContainer: 
    ImportImageContainer (0x42dda50)
      RTTI typeinfo:   itk::ImportImageContainer<unsigned long, double>
      Reference Count: 1
      Modified Time: 1408
      Debug: Off
      Object Name: 
      Observers: 
        none
      Pointer: 0x4312630
      Container manages memory: true
      Size: 3686400
      Capacity: 3686400

     Moving image = Image (0x42f1f80)
  RTTI typeinfo:   itk::Image<double, 2u>
  Reference Count: 2
  Modified Time: 1577
  Debug: Off
  Object Name: 
  Observers: 
    none
  Source: (none)
  Source output name: (none)
  Release Data: Off
  Data Released: False
  Global Release Data: Off
  PipelineMTime: 0
  UpdateMTime: 1574
  RealTimeStamp: 0 seconds 
  LargestPossibleRegion: 
    Dimension: 2
    Index: [0, 0]
    Size: [1920, 1920]
  BufferedRegion: 
    Dimension: 2
    Index: [0, 0]
    Size: [1920, 1920]
  RequestedRegion: 
    Dimension: 2
    Index: [0, 0]
    Size: [1920, 1920]
  Spacing: [1, 1]
  Origin: [0, 0]
  Direction: 
1 0
0 1

  IndexToPointMatrix: 
1 0
0 1

  PointToIndexMatrix: 
1 0
0 1

  Inverse Direction: 
1 0
0 1

  PixelContainer: 
    ImportImageContainer (0x4306be0)
      RTTI typeinfo:   itk::ImportImageContainer<unsigned long, double>
      Reference Count: 1
      Modified Time: 1571
      Debug: Off
      Object Name: 
      Observers: 
        none
      Pointer: 0x5f32b00
      Container manages memory: true
      Size: 3686400
      Capacity: 3686400

     Weighting = 1
     Sampling strategy = regular
     Number of bins = 32
     Radius = 4
     Sampling percentage  = 0.25
   Transform = Rigid
     Gradient step = 0.1
     Update field sigma (voxel space) = 0
     Total field sigma (voxel space) = 0
     Update field time sigma = 0
     Total field time sigma  = 0
     Number of time indices = 0
     Number of time point samples = 0
Stage 2 State
   Image metric = Mattes
     Fixed image = Image (0x430d170)
  RTTI typeinfo:   itk::Image<double, 2u>
  Reference Count: 2
  Modified Time: 1904
  Debug: Off
  Object Name: 
  Observers: 
    none
  Source: (none)
  Source output name: (none)
  Release Data: Off
  Data Released: False
  Global Release Data: Off
  PipelineMTime: 0
  UpdateMTime: 1739
  RealTimeStamp: 0 seconds 
  LargestPossibleRegion: 
    Dimension: 2
    Index: [0, 0]
    Size: [1920, 1920]
  BufferedRegion: 
    Dimension: 2
    Index: [0, 0]
    Size: [1920, 1920]
  RequestedRegion: 
    Dimension: 2
    Index: [0, 0]
    Size: [1920, 1920]
  Spacing: [1, 1]
  Origin: [0, 0]
  Direction: 
1 0
0 1

  IndexToPointMatrix: 
1 0
0 1

  PointToIndexMatrix: 
1 0
0 1

  Inverse Direction: 
1 0
0 1

  PixelContainer: 
    ImportImageContainer (0x43055b0)
      RTTI typeinfo:   itk::ImportImageContainer<unsigned long, double>
      Reference Count: 1
      Modified Time: 1736
      Debug: Off
      Object Name: 
      Observers: 
        none
      Pointer: 0x7b52fd0
      Container manages memory: true
      Size: 3686400
      Capacity: 3686400

     Moving image = Image (0x430d320)
  RTTI typeinfo:   itk::Image<double, 2u>
  Reference Count: 2
  Modified Time: 1905
  Debug: Off
  Object Name: 
  Observers: 
    none
  Source: (none)
  Source output name: (none)
  Release Data: Off
  Data Released: False
  Global Release Data: Off
  PipelineMTime: 0
  UpdateMTime: 1902
  RealTimeStamp: 0 seconds 
  LargestPossibleRegion: 
    Dimension: 2
    Index: [0, 0]
    Size: [1920, 1920]
  BufferedRegion: 
    Dimension: 2
    Index: [0, 0]
    Size: [1920, 1920]
  RequestedRegion: 
    Dimension: 2
    Index: [0, 0]
    Size: [1920, 1920]
  Spacing: [1, 1]
  Origin: [0, 0]
  Direction: 
1 0
0 1

  IndexToPointMatrix: 
1 0
0 1

  PointToIndexMatrix: 
1 0
0 1

  Inverse Direction: 
1 0
0 1

  PixelContainer: 
    ImportImageContainer (0x42f1a70)
      RTTI typeinfo:   itk::ImportImageContainer<unsigned long, double>
      Reference Count: 1
      Modified Time: 1899
      Debug: Off
      Object Name: 
      Observers: 
        none
      Pointer: 0x9772fe0
      Container manages memory: true
      Size: 3686400
      Capacity: 3686400

     Weighting = 1
     Sampling strategy = regular
     Number of bins = 32
     Radius = 4
     Sampling percentage  = 0.25
   Transform = Affine
     Gradient step = 0.1
     Update field sigma (voxel space) = 0
     Total field sigma (voxel space) = 0
     Update field time sigma = 0
     Total field time sigma  = 0
     Number of time indices = 0
     Number of time point samples = 0
Stage 3 State
   Image metric = CC
     Fixed image = Image (0x7b52c50)
  RTTI typeinfo:   itk::Image<double, 2u>
  Reference Count: 2
  Modified Time: 2232
  Debug: Off
  Object Name: 
  Observers: 
    none
  Source: (none)
  Source output name: (none)
  Release Data: Off
  Data Released: False
  Global Release Data: Off
  PipelineMTime: 0
  UpdateMTime: 2067
  RealTimeStamp: 0 seconds 
  LargestPossibleRegion: 
    Dimension: 2
    Index: [0, 0]
    Size: [1920, 1920]
  BufferedRegion: 
    Dimension: 2
    Index: [0, 0]
    Size: [1920, 1920]
  RequestedRegion: 
    Dimension: 2
    Index: [0, 0]
    Size: [1920, 1920]
  Spacing: [1, 1]
  Origin: [0, 0]
  Direction: 
1 0
0 1

  IndexToPointMatrix: 
1 0
0 1

  PointToIndexMatrix: 
1 0
0 1

  Inverse Direction: 
1 0
0 1

  PixelContainer: 
    ImportImageContainer (0x42e12b0)
      RTTI typeinfo:   itk::ImportImageContainer<unsigned long, double>
      Reference Count: 1
      Modified Time: 2064
      Debug: Off
      Object Name: 
      Observers: 
        none
      Pointer: 0xb3934b0
      Container manages memory: true
      Size: 3686400
      Capacity: 3686400

     Moving image = Image (0x5f32780)
  RTTI typeinfo:   itk::Image<double, 2u>
  Reference Count: 2
  Modified Time: 2233
  Debug: Off
  Object Name: 
  Observers: 
    none
  Source: (none)
  Source output name: (none)
  Release Data: Off
  Data Released: False
  Global Release Data: Off
  PipelineMTime: 0
  UpdateMTime: 2230
  RealTimeStamp: 0 seconds 
  LargestPossibleRegion: 
    Dimension: 2
    Index: [0, 0]
    Size: [1920, 1920]
  BufferedRegion: 
    Dimension: 2
    Index: [0, 0]
    Size: [1920, 1920]
  RequestedRegion: 
    Dimension: 2
    Index: [0, 0]
    Size: [1920, 1920]
  Spacing: [1, 1]
  Origin: [0, 0]
  Direction: 
1 0
0 1

  IndexToPointMatrix: 
1 0
0 1

  PointToIndexMatrix: 
1 0
0 1

  Inverse Direction: 
1 0
0 1

  PixelContainer: 
    ImportImageContainer (0x5f32980)
      RTTI typeinfo:   itk::ImportImageContainer<unsigned long, double>
      Reference Count: 1
      Modified Time: 2227
      Debug: Off
      Object Name: 
      Observers: 
        none
      Pointer: 0xcfb34c0
      Container manages memory: true
      Size: 3686400
      Capacity: 3686400

     Weighting = 1
     Sampling strategy = none
     Number of bins = 32
     Radius = 4
     Sampling percentage  = 1
   Transform = SyN
     Gradient step = 0.1
     Update field sigma (voxel space) = 3
     Total field sigma (voxel space) = 0
     Update field time sigma = 0
     Total field time sigma  = 0
     Number of time indices = 0
     Number of time point samples = 0
Registration using 3 total stages.

Stage 0
  iterations = 1000x500x250x100
  convergence threshold = 1e-06
  convergence window size = 10
  number of levels = 4
  using the Mattes MI metric (number of bins = 32, weight = 1)
  preprocessing:  winsorizing the image intensities
  Shrink factors (level 1 out of 4): [12, 12]
  Shrink factors (level 2 out of 4): [8, 8]
  Shrink factors (level 3 out of 4): [4, 4]
  Shrink factors (level 4 out of 4): [2, 2]
  smoothing sigmas per level: [4, 3, 2, 1]
  regular sampling (percentage = 0.25)

*** Running Euler2DTransform registration ***

DIAGNOSTIC,Iteration,metricValue,convergenceValue,ITERATION_TIME_INDEX,SINCE_LAST
 2DIAGNOSTIC,     1, -9.861053622571e-01, 1.797693134862e+308, 8.1980e-01, 8.1980e-01, 
 2DIAGNOSTIC,     2, -9.882297504074e-01, 1.797693134862e+308, 8.3437e-01, 1.4575e-02, 
 2DIAGNOSTIC,     3, -9.917992719587e-01, 1.797693134862e+308, 8.4916e-01, 1.4786e-02, 
 2DIAGNOSTIC,     4, -9.985887460329e-01, 1.797693134862e+308, 8.6294e-01, 1.3786e-02, 
 2DIAGNOSTIC,     5, -1.013365934601e+00, 1.797693134862e+308, 8.7705e-01, 1.4106e-02, 
 2DIAGNOSTIC,     6, -1.050118010374e+00, 1.797693134862e+308, 8.9260e-01, 1.5555e-02, 
 2DIAGNOSTIC,     7, -1.193108565747e+00, 1.797693134862e+308, 9.1152e-01, 1.8916e-02, 
 2DIAGNOSTIC,     8, -1.256149276090e+00, 1.797693134862e+308, 9.3570e-01, 2.4184e-02, 
 2DIAGNOSTIC,     9, -1.256149816054e+00, 1.797693134862e+308, 9.4964e-01, 1.3940e-02, 
 2DIAGNOSTIC,    10, -1.256241015686e+00, 2.034762334751e-02, 9.6402e-01, 1.4371e-02, 
 2DIAGNOSTIC,    11, -1.256355812568e+00, 1.896274900814e-02, 9.7834e-01, 1.4324e-02, 
 2DIAGNOSTIC,    12, -1.256559134865e+00, 1.614829905530e-02, 9.9256e-01, 1.4220e-02, 
 2DIAGNOSTIC,    13, -1.256646716161e+00, 1.241895744546e-02, 1.0073e+00, 1.4779e-02, 
 2DIAGNOSTIC,    14, -1.256780890964e+00, 8.315972191855e-03, 1.0226e+00, 1.5293e-02, 
 2DIAGNOSTIC,    15, -1.257102538363e+00, 4.332313522348e-03, 1.0404e+00, 1.7802e-02, 
 2DIAGNOSTIC,    16, -1.257352035470e+00, 1.010467572536e-03, 1.0564e+00, 1.5967e-02, 
 2DIAGNOSTIC,    17, -1.257459481811e+00, 4.766861056647e-05, 1.0724e+00, 1.5967e-02, 
 2DIAGNOSTIC,    18, -1.257469516095e+00, 4.726793609090e-05, 1.0901e+00, 1.7762e-02, 
 2DIAGNOSTIC,    19, -1.257470655919e+00, 4.278916311276e-05, 1.1376e+00, 4.7510e-02, 
 2DIAGNOSTIC,    20, -1.257470655915e+00, 3.603904823161e-05, 1.1786e+00, 4.0967e-02, 
 2DIAGNOSTIC,    21, -1.257470655915e+00, 2.800441932244e-05, 1.1957e+00, 1.7134e-02, 
 2DIAGNOSTIC,    22, -1.257470655915e+00, 2.052098087183e-05, 1.2117e+00, 1.5918e-02, 
 2DIAGNOSTIC,    23, -1.257470655915e+00, 1.290163504338e-05, 1.2295e+00, 1.7836e-02, 
 2DIAGNOSTIC,    24, -1.257470655915e+00, 6.171758760970e-06, 1.2436e+00, 1.4122e-02, 
 2DIAGNOSTIC,    25, -1.257470655915e+00, 2.570193149254e-06, 1.2632e+00, 1.9551e-02, 
 2DIAGNOSTIC,    26, -1.257470655915e+00, 1.397149250133e-06, 1.2791e+00, 1.5913e-02, 
 2DIAGNOSTIC,    27, -1.257470655915e+00, 1.245997574797e-06, 1.2951e+00, 1.5971e-02, 
 2DIAGNOSTIC,    28, -1.257470655915e+00, 1.189759081484e-06, 1.3110e+00, 1.5952e-02, 
 2DIAGNOSTIC,    29, -1.257470655915e+00, 1.146863952209e-06, 1.3269e+00, 1.5920e-02, 
 2DIAGNOSTIC,    30, -1.257470655915e+00, 1.106954208317e-06, 1.3429e+00, 1.5958e-02, 
 2DIAGNOSTIC,    31, -1.257470655915e+00, 1.069728695909e-06, 1.3574e+00, 1.4551e-02, 
 2DIAGNOSTIC,    32, -1.257470655915e+00, 1.034925423180e-06, 1.3742e+00, 1.6787e-02, 
 2DIAGNOSTIC,    33, -1.257470655915e+00, 1.002315419302e-06, 1.3919e+00, 1.7723e-02, 
DIAGNOSTIC,Iteration,metricValue,convergenceValue,ITERATION_TIME_INDEX,SINCE_LAST
 2DIAGNOSTIC,     1, -1.209237566808e+00, 1.797693134862e+308, 2.0881e+00, 6.9614e-01, 
 2DIAGNOSTIC,     2, -1.209449159079e+00, 1.797693134862e+308, 2.1244e+00, 3.6335e-02, 
 2DIAGNOSTIC,     3, -1.209488621828e+00, 1.797693134862e+308, 2.1626e+00, 3.8219e-02, 
 2DIAGNOSTIC,     4, -1.209516406561e+00, 1.797693134862e+308, 2.2059e+00, 4.3291e-02, 
 2DIAGNOSTIC,     5, -1.209522753043e+00, 1.797693134862e+308, 2.2499e+00, 4.3962e-02, 
 2DIAGNOSTIC,     6, -1.209615307222e+00, 1.797693134862e+308, 2.3027e+00, 5.2827e-02, 
 2DIAGNOSTIC,     7, -1.209720698845e+00, 1.797693134862e+308, 2.3763e+00, 7.3572e-02, 
 2DIAGNOSTIC,     8, -1.209720750861e+00, 1.797693134862e+308, 2.4142e+00, 3.7926e-02, 
 2DIAGNOSTIC,     9, -1.209722653070e+00, 1.797693134862e+308, 2.4503e+00, 3.6100e-02, 
 2DIAGNOSTIC,    10, -1.209725003200e+00, 2.667797781718e-05, 2.4872e+00, 3.6871e-02, 
 2DIAGNOSTIC,    11, -1.209727635506e+00, 1.869084988813e-05, 2.5241e+00, 3.6918e-02, 
 2DIAGNOSTIC,    12, -1.209729917683e+00, 1.475069392269e-05, 2.5628e+00, 3.8663e-02, 
 2DIAGNOSTIC,    13, -1.209731283576e+00, 1.106927605410e-05, 2.5997e+00, 3.6939e-02, 
 2DIAGNOSTIC,    14, -1.209734376609e+00, 7.693270028544e-06, 2.6390e+00, 3.9252e-02, 
 2DIAGNOSTIC,    15, -1.209739547987e+00, 4.429859050248e-06, 2.6790e+00, 4.0004e-02, 
 2DIAGNOSTIC,    16, -1.209746988661e+00, 2.784937751396e-06, 2.7178e+00, 3.8805e-02, 
 2DIAGNOSTIC,    17, -1.209758022571e+00, 2.868010745657e-06, 2.7765e+00, 5.8719e-02, 
 2DIAGNOSTIC,    18, -1.209758418354e+00, 2.853428968913e-06, 2.8135e+00, 3.6964e-02, 
 2DIAGNOSTIC,    19, -1.209760950709e+00, 2.796649660970e-06, 2.8517e+00, 3.8284e-02, 
 2DIAGNOSTIC,    20, -1.209762090911e+00, 2.681787931016e-06, 2.8908e+00, 3.9028e-02, 
 2DIAGNOSTIC,    21, -1.209771424767e+00, 2.608068841413e-06, 3.0236e+00, 1.3285e-01, 
 2DIAGNOSTIC,    22, -1.209771424580e+00, 2.459669184926e-06, 3.1594e+00, 1.3582e-01, 
 2DIAGNOSTIC,    23, -1.209771424580e+00, 2.245008220554e-06, 3.2126e+00, 5.3159e-02, 
 2DIAGNOSTIC,    24, -1.209771424580e+00, 1.999929124405e-06, 3.2551e+00, 4.2493e-02, 
 2DIAGNOSTIC,    25, -1.209771424580e+00, 1.758433537807e-06, 3.2987e+00, 4.3565e-02, 
 2DIAGNOSTIC,    26, -1.209771424580e+00, 1.553144122417e-06, 3.3410e+00, 4.2329e-02, 
 2DIAGNOSTIC,    27, -1.209771424580e+00, 1.428053759106e-06, 3.4003e+00, 5.9358e-02, 
 2DIAGNOSTIC,    28, -1.209771424580e+00, 1.292439323050e-06, 3.4450e+00, 4.4687e-02, 
 2DIAGNOSTIC,    29, -1.209771424580e+00, 1.172580206904e-06, 3.4991e+00, 5.4115e-02, 
 2DIAGNOSTIC,    30, -1.209771424580e+00, 1.060395337045e-06, 3.5426e+00, 4.3476e-02, 
 2DIAGNOSTIC,    31, -1.209771424580e+00, 1.026188395106e-06, 3.5872e+00, 4.4554e-02, 
DIAGNOSTIC,Iteration,metricValue,convergenceValue,ITERATION_TIME_INDEX,SINCE_LAST
 2DIAGNOSTIC,     1, -1.130655077794e+00, 1.797693134862e+308, 4.2351e+00, 6.4792e-01, 
 2DIAGNOSTIC,     2, -1.131100932194e+00, 1.797693134862e+308, 4.4052e+00, 1.7016e-01, 
 2DIAGNOSTIC,     3, -1.131238020199e+00, 1.797693134862e+308, 4.5617e+00, 1.5648e-01, 
 2DIAGNOSTIC,     4, -1.131248020571e+00, 1.797693134862e+308, 5.2005e+00, 6.3879e-01, 
 2DIAGNOSTIC,     5, -1.131248020567e+00, 1.797693134862e+308, 5.3632e+00, 1.6268e-01, 
 2DIAGNOSTIC,     6, -1.131248020588e+00, 1.797693134862e+308, 5.5270e+00, 1.6385e-01, 
 2DIAGNOSTIC,     7, -1.131248020623e+00, 1.797693134862e+308, 5.6838e+00, 1.5679e-01, 
 2DIAGNOSTIC,     8, -1.131248020683e+00, 1.797693134862e+308, 5.8444e+00, 1.6058e-01, 
 2DIAGNOSTIC,     9, -1.131248020784e+00, 1.797693134862e+308, 6.0010e+00, 1.5662e-01, 
 2DIAGNOSTIC,    10, -1.131248020954e+00, 2.148369955417e-05, 6.1677e+00, 1.6670e-01, 
 2DIAGNOSTIC,    11, -1.131248021242e+00, 6.451189213857e-06, 6.3223e+00, 1.5460e-01, 
 2DIAGNOSTIC,    12, -1.131248021727e+00, 2.860400580312e-06, 6.4936e+00, 1.7130e-01, 
 2DIAGNOSTIC,    13, -1.131248022547e+00, 2.447111900020e-06, 6.6478e+00, 1.5415e-01, 
 2DIAGNOSTIC,    14, -1.131248023897e+00, 2.272354521882e-06, 6.8132e+00, 1.6538e-01, 
 2DIAGNOSTIC,    15, -1.131248026121e+00, 2.120925938306e-06, 6.9675e+00, 1.5437e-01, 
 2DIAGNOSTIC,    16, -1.131248029732e+00, 1.988467454125e-06, 7.1278e+00, 1.6033e-01, 
 2DIAGNOSTIC,    17, -1.131248034987e+00, 1.871645778299e-06, 7.2821e+00, 1.5426e-01, 
 2DIAGNOSTIC,    18, -1.131248045996e+00, 1.767921013605e-06, 7.4424e+00, 1.6024e-01, 
 2DIAGNOSTIC,    19, -1.131248063868e+00, 1.675290640435e-06, 7.6064e+00, 1.6405e-01, 
 2DIAGNOSTIC,    20, -1.131248075720e+00, 1.591975075585e-06, 7.8702e+00, 2.6381e-01, 
 2DIAGNOSTIC,    21, -1.131248075960e+00, 1.516467848489e-06, 8.4903e+00, 6.2004e-01, 
 2DIAGNOSTIC,    22, -1.131248075960e+00, 1.447679079544e-06, 8.7023e+00, 2.1205e-01, 
 2DIAGNOSTIC,    23, -1.131248075960e+00, 1.384718891564e-06, 8.9136e+00, 2.1131e-01, 
 2DIAGNOSTIC,    24, -1.131248075960e+00, 1.326862710323e-06, 9.0718e+00, 1.5819e-01, 
 2DIAGNOSTIC,    25, -1.131248075960e+00, 1.273523564452e-06, 9.2870e+00, 2.1524e-01, 
 2DIAGNOSTIC,    26, -1.131248075960e+00, 1.224221813402e-06, 9.4801e+00, 1.9304e-01, 
 2DIAGNOSTIC,    27, -1.131248075960e+00, 1.178552943140e-06, 9.6662e+00, 1.8616e-01, 
 2DIAGNOSTIC,    28, -1.131248075960e+00, 1.136205998169e-06, 9.8523e+00, 1.8607e-01, 
 2DIAGNOSTIC,    29, -1.131248075960e+00, 1.096921082806e-06, 1.0046e+01, 1.9340e-01, 
 2DIAGNOSTIC,    30, -1.131248075960e+00, 1.060354227617e-06, 1.0267e+01, 2.2131e-01, 
 2DIAGNOSTIC,    31, -1.131248075960e+00, 1.026148520128e-06, 1.0473e+01, 2.0602e-01, 
DIAGNOSTIC,Iteration,metricValue,convergenceValue,ITERATION_TIME_INDEX,SINCE_LAST
 2DIAGNOSTIC,     1, -1.017737499893e+00, 1.797693134862e+308, 1.1609e+01, 1.1361e+00, 
 2DIAGNOSTIC,     2, -1.017800020262e+00, 1.797693134862e+308, 1.2597e+01, 9.8795e-01, 
 2DIAGNOSTIC,     3, -1.017800032754e+00, 1.797693134862e+308, 1.3131e+01, 5.3416e-01, 
 2DIAGNOSTIC,     4, -1.017800678423e+00, 1.797693134862e+308, 1.3752e+01, 6.2092e-01, 
 2DIAGNOSTIC,     5, -1.017801184784e+00, 1.797693134862e+308, 1.4274e+01, 5.2190e-01, 
 2DIAGNOSTIC,     6, -1.017799760757e+00, 1.797693134862e+308, 1.4887e+01, 6.1304e-01, 
 2DIAGNOSTIC,     7, -1.017799846132e+00, 1.797693134862e+308, 1.5424e+01, 5.3650e-01, 
 2DIAGNOSTIC,     8, -1.017799984709e+00, 1.797693134862e+308, 1.5997e+01, 5.7304e-01, 
 2DIAGNOSTIC,     9, -1.017800589093e+00, 1.797693134862e+308, 1.6515e+01, 5.1836e-01, 
 2DIAGNOSTIC,    10, -1.017802233347e+00, 4.984149639994e-06, 1.7064e+01, 5.4858e-01, 
 2DIAGNOSTIC,    11, -1.017803456223e+00, 3.012394535498e-06, 1.7627e+01, 5.6301e-01, 
 2DIAGNOSTIC,    12, -1.017807625707e+00, 2.910652421695e-06, 1.8522e+01, 8.9513e-01, 
 2DIAGNOSTIC,    13, -1.017808197767e+00, 2.811120118018e-06, 1.9221e+01, 6.9972e-01, 
 2DIAGNOSTIC,    14, -1.017808215078e+00, 2.706083714901e-06, 2.1009e+01, 1.7879e+00, 
 2DIAGNOSTIC,    15, -1.017808215077e+00, 2.586425316670e-06, 2.2155e+01, 1.1456e+00, 
 2DIAGNOSTIC,    16, -1.017808215077e+00, 2.413744753904e-06, 2.2859e+01, 7.0378e-01, 
 2DIAGNOSTIC,    17, -1.017808215077e+00, 2.222833843012e-06, 2.3557e+01, 6.9806e-01, 
 2DIAGNOSTIC,    18, -1.017808215077e+00, 2.022753966283e-06, 2.4167e+01, 6.1013e-01, 
 2DIAGNOSTIC,    19, -1.017808215077e+00, 1.829426586060e-06, 2.4731e+01, 5.6408e-01, 
 2DIAGNOSTIC,    20, -1.017808215077e+00, 1.664308219372e-06, 2.5384e+01, 6.5343e-01, 
 2DIAGNOSTIC,    21, -1.017808215077e+00, 1.522806552308e-06, 2.5990e+01, 6.0517e-01, 
 2DIAGNOSTIC,    22, -1.017808215077e+00, 1.446134710509e-06, 2.6630e+01, 6.4031e-01, 
 2DIAGNOSTIC,    23, -1.017808215077e+00, 1.383048730548e-06, 2.7288e+01, 6.5850e-01, 
 2DIAGNOSTIC,    24, -1.017808215077e+00, 1.325421359853e-06, 2.7889e+01, 6.0021e-01, 
 2DIAGNOSTIC,    25, -1.017808215077e+00, 1.272404201939e-06, 2.8460e+01, 5.7168e-01, 
 2DIAGNOSTIC,    26, -1.017808215077e+00, 1.223465309404e-06, 2.9070e+01, 6.0994e-01, 
 2DIAGNOSTIC,    27, -1.017808215077e+00, 1.178151539237e-06, 2.9748e+01, 6.7814e-01, 
 2DIAGNOSTIC,    28, -1.017808215077e+00, 1.136074483502e-06, 3.0362e+01, 6.1413e-01, 
 2DIAGNOSTIC,    29, -1.017808215077e+00, 1.096899307940e-06, 3.0968e+01, 6.0525e-01, 
 2DIAGNOSTIC,    30, -1.017808215077e+00, 1.060335823193e-06, 3.1630e+01, 6.6279e-01, 
 2DIAGNOSTIC,    31, -1.017808215077e+00, 1.026131283853e-06, 3.2287e+01, 6.5646e-01, 
  Elapsed time (stage 0): 3.2885e+01


Stage 1
  iterations = 1000x500x250x100
  convergence threshold = 1.0000e-06
  convergence window size = 10
  number of levels = 4
  using the Mattes MI metric (number of bins = 32, weight = 1.0000e+00)
  preprocessing:  winsorizing the image intensities
  Shrink factors (level 1 out of 4): [12, 12]
  Shrink factors (level 2 out of 4): [8, 8]
  Shrink factors (level 3 out of 4): [4, 4]
  Shrink factors (level 4 out of 4): [2, 2]
  smoothing sigmas per level: [4, 3, 2, 1]
  regular sampling (percentage = 2.5000e-01)

*** Running AffineTransform registration ***

DIAGNOSTIC,Iteration,metricValue,convergenceValue,ITERATION_TIME_INDEX,SINCE_LAST
 2DIAGNOSTIC,     1, -1.266935204684e+00, 1.797693134862e+308, 8.3742e-01, 8.3742e-01, 
 2DIAGNOSTIC,     2, -1.268905782483e+00, 1.797693134862e+308, 8.5752e-01, 2.0101e-02, 
 2DIAGNOSTIC,     3, -1.272798953998e+00, 1.797693134862e+308, 8.7775e-01, 2.0228e-02, 
 2DIAGNOSTIC,     4, -1.280696895271e+00, 1.797693134862e+308, 9.0124e-01, 2.3494e-02, 
 2DIAGNOSTIC,     5, -1.286271993263e+00, 1.797693134862e+308, 9.3216e-01, 3.0919e-02, 
 2DIAGNOSTIC,     6, -1.286591521739e+00, 1.797693134862e+308, 9.5241e-01, 2.0252e-02, 
 2DIAGNOSTIC,     7, -1.287583465831e+00, 1.797693134862e+308, 9.7160e-01, 1.9183e-02, 
 2DIAGNOSTIC,     8, -1.288684172561e+00, 1.797693134862e+308, 9.9061e-01, 1.9014e-02, 
 2DIAGNOSTIC,     9, -1.290243188596e+00, 1.797693134862e+308, 1.0113e+00, 2.0739e-02, 
 2DIAGNOSTIC,    10, -1.291409107703e+00, 1.278693945768e-03, 1.0311e+00, 1.9779e-02, 
 2DIAGNOSTIC,    11, -1.291946089419e+00, 9.553125105405e-04, 1.0510e+00, 1.9874e-02, 
 2DIAGNOSTIC,    12, -1.292323001716e+00, 6.455375607546e-04, 1.0708e+00, 1.9816e-02, 
 2DIAGNOSTIC,    13, -1.292640888037e+00, 3.945208130606e-04, 1.0922e+00, 2.1427e-02, 
 2DIAGNOSTIC,    14, -1.292715643304e+00, 2.672460742545e-04, 1.1132e+00, 2.0911e-02, 
 2DIAGNOSTIC,    15, -1.292923485304e+00, 2.181063538553e-04, 1.1369e+00, 2.3773e-02, 
 2DIAGNOSTIC,    16, -1.292685666293e+00, 1.564130929463e-04, 1.1607e+00, 2.3788e-02, 
 2DIAGNOSTIC,    17, -1.292693948116e+00, 1.008953739795e-04, 1.1831e+00, 2.2412e-02, 
 2DIAGNOSTIC,    18, -1.292724846926e+00, 5.596466978160e-05, 1.2065e+00, 2.3321e-02, 
 2DIAGNOSTIC,    19, -1.292726759047e+00, 2.857225678867e-05, 1.2316e+00, 2.5197e-02, 
 2DIAGNOSTIC,    20, -1.292727504672e+00, 1.422157133718e-05, 1.2533e+00, 2.1672e-02, 
 2DIAGNOSTIC,    21, -1.292730246202e+00, 5.718787913341e-06, 1.2731e+00, 1.9807e-02, 
 2DIAGNOSTIC,    22, -1.292736085447e+00, 1.397249211069e-06, 1.2966e+00, 2.3522e-02, 
DIAGNOSTIC,Iteration,metricValue,convergenceValue,ITERATION_TIME_INDEX,SINCE_LAST
 2DIAGNOSTIC,     1, -1.231051408216e+00, 1.797693134862e+308, 2.0026e+00, 7.0594e-01, 
 2DIAGNOSTIC,     2, -1.231318488528e+00, 1.797693134862e+308, 2.0537e+00, 5.1103e-02, 
 2DIAGNOSTIC,     3, -1.231333216020e+00, 1.797693134862e+308, 2.1031e+00, 4.9445e-02, 
 2DIAGNOSTIC,     4, -1.231482644460e+00, 1.797693134862e+308, 2.1526e+00, 4.9414e-02, 
 2DIAGNOSTIC,     5, -1.231544140047e+00, 1.797693134862e+308, 2.2190e+00, 6.6432e-02, 
 2DIAGNOSTIC,     6, -1.231588184755e+00, 1.797693134862e+308, 2.2676e+00, 4.8612e-02, 
 2DIAGNOSTIC,     7, -1.231598118522e+00, 1.797693134862e+308, 2.3269e+00, 5.9316e-02, 
 2DIAGNOSTIC,     8, -1.231600114942e+00, 1.797693134862e+308, 2.3820e+00, 5.5108e-02, 
 2DIAGNOSTIC,     9, -1.231567273617e+00, 1.797693134862e+308, 2.4363e+00, 5.4287e-02, 
 2DIAGNOSTIC,    10, -1.231568110980e+00, 2.585950244133e-05, 2.4858e+00, 4.9512e-02, 
 2DIAGNOSTIC,    11, -1.231602626681e+00, 1.498782892881e-05, 2.5446e+00, 5.8812e-02, 
 2DIAGNOSTIC,    12, -1.231602645764e+00, 9.990816292244e-06, 2.6908e+00, 1.4616e-01, 
 2DIAGNOSTIC,    13, -1.231602645756e+00, 5.319766785680e-06, 2.8349e+00, 1.4407e-01, 
 2DIAGNOSTIC,    14, -1.231602645756e+00, 3.518984720910e-06, 2.8965e+00, 6.1666e-02, 
 2DIAGNOSTIC,    15, -1.231602645756e+00, 2.773245150939e-06, 2.9569e+00, 6.0346e-02, 
 2DIAGNOSTIC,    16, -1.231602645756e+00, 2.676262858325e-06, 3.0176e+00, 6.0755e-02, 
 2DIAGNOSTIC,    17, -1.231602645756e+00, 2.654472083641e-06, 3.0753e+00, 5.7647e-02, 
 2DIAGNOSTIC,    18, -1.231602645756e+00, 2.607771244577e-06, 3.1374e+00, 6.2122e-02, 
 2DIAGNOSTIC,    19, -1.231602645756e+00, 2.093974456406e-06, 3.1871e+00, 4.9680e-02, 
 2DIAGNOSTIC,    20, -1.231602645756e+00, 1.590804953426e-06, 3.2421e+00, 5.5030e-02, 
 2DIAGNOSTIC,    21, -1.231602645756e+00, 1.514838675457e-06, 3.3025e+00, 6.0376e-02, 
 2DIAGNOSTIC,    22, -1.231602645756e+00, 1.445978954372e-06, 3.3601e+00, 5.7642e-02, 
 2DIAGNOSTIC,    23, -1.231602645756e+00, 1.383107252853e-06, 3.4171e+00, 5.6977e-02, 
 2DIAGNOSTIC,    24, -1.231602645756e+00, 1.325475103481e-06, 3.4720e+00, 5.4942e-02, 
 2DIAGNOSTIC,    25, -1.231602645756e+00, 1.272453731917e-06, 3.5295e+00, 5.7474e-02, 
 2DIAGNOSTIC,    26, -1.231602645756e+00, 1.223511102544e-06, 3.5871e+00, 5.7544e-02, 
 2DIAGNOSTIC,    27, -1.231602645756e+00, 1.178194003006e-06, 3.6635e+00, 7.6425e-02, 
 2DIAGNOSTIC,    28, -1.231602645756e+00, 1.136113968195e-06, 3.7184e+00, 5.4912e-02, 
 2DIAGNOSTIC,    29, -1.231602645756e+00, 1.096936116447e-06, 3.7731e+00, 5.4671e-02, 
 2DIAGNOSTIC,    30, -1.231602645756e+00, 1.060370218686e-06, 3.8277e+00, 5.4622e-02, 
 2DIAGNOSTIC,    31, -1.231602645756e+00, 1.026163496044e-06, 3.8852e+00, 5.7516e-02, 
DIAGNOSTIC,Iteration,metricValue,convergenceValue,ITERATION_TIME_INDEX,SINCE_LAST
 2DIAGNOSTIC,     1, -1.158918511562e+00, 1.797693134862e+308, 4.6431e+00, 7.5788e-01, 
 2DIAGNOSTIC,     2, -1.159369301551e+00, 1.797693134862e+308, 4.8469e+00, 2.0379e-01, 
 2DIAGNOSTIC,     3, -1.159524056876e+00, 1.797693134862e+308, 5.0767e+00, 2.2981e-01, 
 2DIAGNOSTIC,     4, -1.159655625353e+00, 1.797693134862e+308, 5.2805e+00, 2.0378e-01, 
 2DIAGNOSTIC,     5, -1.159761237692e+00, 1.797693134862e+308, 5.5108e+00, 2.3030e-01, 
 2DIAGNOSTIC,     6, -1.159773658702e+00, 1.797693134862e+308, 5.7417e+00, 2.3096e-01, 
 2DIAGNOSTIC,     7, -1.159866848954e+00, 1.797693134862e+308, 5.9722e+00, 2.3050e-01, 
 2DIAGNOSTIC,     8, -1.159909531707e+00, 1.797693134862e+308, 6.6537e+00, 6.8152e-01, 
 2DIAGNOSTIC,     9, -1.159909517409e+00, 1.797693134862e+308, 6.8578e+00, 2.0406e-01, 
 2DIAGNOSTIC,    10, -1.159909533982e+00, 4.813546113000e-05, 7.0739e+00, 2.1606e-01, 
 2DIAGNOSTIC,    11, -1.159909562001e+00, 2.828878660710e-05, 7.2871e+00, 2.1323e-01, 
 2DIAGNOSTIC,    12, -1.159909609379e+00, 1.862127109661e-05, 7.4911e+00, 2.0405e-01, 
 2DIAGNOSTIC,    13, -1.159909689439e+00, 1.185476089198e-05, 7.7066e+00, 2.1542e-01, 
 2DIAGNOSTIC,    14, -1.159909824628e+00, 7.479403095811e-06, 7.9116e+00, 2.0500e-01, 
 2DIAGNOSTIC,    15, -1.159910052512e+00, 4.965196757759e-06, 8.1301e+00, 2.1849e-01, 
 2DIAGNOSTIC,    16, -1.159910435669e+00, 2.667479335708e-06, 8.3352e+00, 2.0518e-01, 
 2DIAGNOSTIC,    17, -1.159911077396e+00, 1.912459865132e-06, 8.5463e+00, 2.1108e-01, 
 2DIAGNOSTIC,    18, -1.159912145029e+00, 1.833030005997e-06, 8.7590e+00, 2.1265e-01, 
 2DIAGNOSTIC,    19, -1.159913900877e+00, 1.778094479779e-06, 8.9784e+00, 2.1948e-01, 
 2DIAGNOSTIC,    20, -1.159916742998e+00, 1.753655076750e-06, 9.2096e+00, 2.3117e-01, 
 2DIAGNOSTIC,    21, -1.159918477444e+00, 1.736335050899e-06, 9.4154e+00, 2.0576e-01, 
 2DIAGNOSTIC,    22, -1.159891054630e+00, 1.395004101935e-06, 9.6269e+00, 2.1155e-01, 
 2DIAGNOSTIC,    23, -1.159895479831e+00, 1.144968002249e-06, 9.8633e+00, 2.3636e-01, 
DIAGNOSTIC,Iteration,metricValue,convergenceValue,ITERATION_TIME_INDEX,SINCE_LAST
 2DIAGNOSTIC,     1, -1.047686372930e+00, 1.797693134862e+308, 1.1182e+01, 1.3188e+00, 
 2DIAGNOSTIC,     2, -1.047709025313e+00, 1.797693134862e+308, 1.2117e+01, 9.3454e-01, 
 2DIAGNOSTIC,     3, -1.047741300910e+00, 1.797693134862e+308, 1.2916e+01, 7.9966e-01, 
 2DIAGNOSTIC,     4, -1.047749541424e+00, 1.797693134862e+308, 1.3771e+01, 8.5450e-01, 
 2DIAGNOSTIC,     5, -1.047752621205e+00, 1.797693134862e+308, 1.4532e+01, 7.6156e-01, 
 2DIAGNOSTIC,     6, -1.047752715318e+00, 1.797693134862e+308, 1.5253e+01, 7.2053e-01, 
 2DIAGNOSTIC,     7, -1.047753004029e+00, 1.797693134862e+308, 1.5946e+01, 6.9282e-01, 
 2DIAGNOSTIC,     8, -1.047756586643e+00, 1.797693134862e+308, 1.6734e+01, 7.8790e-01, 
 2DIAGNOSTIC,     9, -1.047756161619e+00, 1.797693134862e+308, 1.7470e+01, 7.3606e-01, 
 2DIAGNOSTIC,    10, -1.047754120919e+00, 6.471108027234e-06, 1.8229e+01, 7.5907e-01, 
 2DIAGNOSTIC,    11, -1.047762638429e+00, 4.651549495374e-06, 1.8951e+01, 7.2229e-01, 
 2DIAGNOSTIC,    12, -1.047770431617e+00, 3.641500774532e-06, 1.9646e+01, 6.9524e-01, 
 2DIAGNOSTIC,    13, -1.047782530619e+00, 3.614733316740e-06, 2.0481e+01, 8.3464e-01, 
 2DIAGNOSTIC,    14, -1.047789087604e+00, 3.768660092399e-06, 2.1247e+01, 7.6650e-01, 
 2DIAGNOSTIC,    15, -1.047806581627e+00, 4.140161988728e-06, 2.2047e+01, 7.9982e-01, 
 2DIAGNOSTIC,    16, -1.047804208238e+00, 4.235272705530e-06, 2.2876e+01, 8.2831e-01, 
 2DIAGNOSTIC,    17, -1.047801948707e+00, 4.081442370164e-06, 2.3940e+01, 1.0641e+00, 
 2DIAGNOSTIC,    18, -1.047803148023e+00, 3.815443771087e-06, 2.4729e+01, 7.8966e-01, 
 2DIAGNOSTIC,    19, -1.047801147966e+00, 3.352546265802e-06, 2.5426e+01, 6.9672e-01, 
 2DIAGNOSTIC,    20, -1.047799904769e+00, 2.732345128868e-06, 2.6123e+01, 6.9676e-01, 
 2DIAGNOSTIC,    21, -1.047788914308e+00, 2.033467017055e-06, 2.6887e+01, 7.6475e-01, 
 2DIAGNOSTIC,    22, -1.047789649941e+00, 1.458881496712e-06, 2.7598e+01, 7.1093e-01, 
 2DIAGNOSTIC,    23, -1.047790822783e+00, 1.087288065395e-06, 2.8340e+01, 7.4138e-01, 
  Elapsed time (stage 1): 2.9112e+01


Stage 2
  iterations = 100x100x70x50x20
  convergence threshold = 1.0000e-06
  convergence window size = 10
  number of levels = 5
  using the CC metric (radius = 4, weight = 1.0000e+00)
  preprocessing:  winsorizing the image intensities
  Shrink factors (level 1 out of 5): [10, 10]
  Shrink factors (level 2 out of 5): [6, 6]
  Shrink factors (level 3 out of 5): [4, 4]
  Shrink factors (level 4 out of 5): [2, 2]
  Shrink factors (level 5 out of 5): [1, 1]
  smoothing sigmas per level: [5, 3, 2, 1, 0]
  Using default NONE metricSamplingStrategy 

*** Running SyN registration (varianceForUpdateField = 3.0000e+00, varianceForTotalField = 0.0000e+00) ***

XXDIAGNOSTIC,Iteration,metricValue,convergenceValue,ITERATION_TIME_INDEX,SINCE_LAST
 1DIAGNOSTIC,     1, -7.710630971796e-01, 1.797693134862e+308, 1.1069e+00, 1.1069e+00, 
 1DIAGNOSTIC,     2, -7.862772315943e-01, 1.797693134862e+308, 1.2317e+00, 1.2479e-01, 
 1DIAGNOSTIC,     3, -7.980248978674e-01, 1.797693134862e+308, 1.3538e+00, 1.2209e-01, 
 1DIAGNOSTIC,     4, -8.054353582783e-01, 1.797693134862e+308, 1.4744e+00, 1.2057e-01, 
 1DIAGNOSTIC,     5, -8.100773224264e-01, 1.797693134862e+308, 1.5944e+00, 1.2000e-01, 
 1DIAGNOSTIC,     6, -8.133268670470e-01, 1.797693134862e+308, 1.7153e+00, 1.2089e-01, 
 1DIAGNOSTIC,     7, -8.156465713652e-01, 1.797693134862e+308, 1.8354e+00, 1.2017e-01, 
 1DIAGNOSTIC,     8, -8.174091281878e-01, 1.797693134862e+308, 1.9553e+00, 1.1992e-01, 
 1DIAGNOSTIC,     9, -8.188378215367e-01, 1.797693134862e+308, 2.0785e+00, 1.2312e-01, 
 1DIAGNOSTIC,    10, -8.200536150525e-01, 3.402262926912e-03, 2.2021e+00, 1.2368e-01, 
 1DIAGNOSTIC,    11, -8.210980962007e-01, 2.156957333299e-03, 2.3277e+00, 1.2558e-01, 
 1DIAGNOSTIC,    12, -8.220368424575e-01, 1.396383779709e-03, 2.4520e+00, 1.2429e-01, 
 1DIAGNOSTIC,    13, -8.228752708161e-01, 9.650615565192e-04, 2.5800e+00, 1.2794e-01, 
 1DIAGNOSTIC,    14, -8.236519625703e-01, 7.118529884235e-04, 2.7053e+00, 1.2538e-01, 
 1DIAGNOSTIC,    15, -8.243545364954e-01, 5.515248458003e-04, 2.8323e+00, 1.2695e-01, 
 1DIAGNOSTIC,    16, -8.249975539939e-01, 4.453453168210e-04, 2.9599e+00, 1.2765e-01, 
 1DIAGNOSTIC,    17, -8.255891324692e-01, 3.702283625604e-04, 3.0851e+00, 1.2512e-01, 
 1DIAGNOSTIC,    18, -8.261343580405e-01, 3.138170075890e-04, 3.2124e+00, 1.2734e-01, 
 1DIAGNOSTIC,    19, -8.266363598104e-01, 2.695543855194e-04, 3.3391e+00, 1.2674e-01, 
 1DIAGNOSTIC,    20, -8.270985565108e-01, 2.338060701928e-04, 3.4648e+00, 1.2568e-01, 
 1DIAGNOSTIC,    21, -8.275268724885e-01, 2.040275758381e-04, 3.5914e+00, 1.2656e-01, 
 1DIAGNOSTIC,    22, -8.279240906397e-01, 1.789860315107e-04, 3.7173e+00, 1.2592e-01, 
 1DIAGNOSTIC,    23, -8.282928524685e-01, 1.575837183804e-04, 3.8430e+00, 1.2571e-01, 
 1DIAGNOSTIC,    24, -8.286362711979e-01, 1.393866771219e-04, 3.9697e+00, 1.2672e-01, 
 1DIAGNOSTIC,    25, -8.289574889419e-01, 1.237662811767e-04, 4.0962e+00, 1.2650e-01, 
 1DIAGNOSTIC,    26, -8.292574894995e-01, 1.102921757515e-04, 4.2244e+00, 1.2817e-01, 
 1DIAGNOSTIC,    27, -8.295377486757e-01, 9.863320956698e-05, 4.3500e+00, 1.2564e-01, 
 1DIAGNOSTIC,    28, -8.297986979727e-01, 8.849846270408e-05, 4.4772e+00, 1.2718e-01, 
 1DIAGNOSTIC,    29, -8.300421749446e-01, 7.963215630379e-05, 4.6033e+00, 1.2608e-01, 
 1DIAGNOSTIC,    30, -8.302707981431e-01, 7.182750900765e-05, 4.7309e+00, 1.2760e-01, 
 1DIAGNOSTIC,    31, -8.304866816638e-01, 6.494979306087e-05, 4.8568e+00, 1.2587e-01, 
 1DIAGNOSTIC,    32, -8.306913145413e-01, 5.888777337614e-05, 4.9841e+00, 1.2733e-01, 
 1DIAGNOSTIC,    33, -8.308853905583e-01, 5.354237643437e-05, 5.1115e+00, 1.2738e-01, 
 1DIAGNOSTIC,    34, -8.310709547883e-01, 4.884539220796e-05, 5.2389e+00, 1.2740e-01, 
 1DIAGNOSTIC,    35, -8.312481328986e-01, 4.473650781787e-05, 5.3651e+00, 1.2618e-01, 
 1DIAGNOSTIC,    36, -8.314175006485e-01, 4.114678437600e-05, 5.4915e+00, 1.2650e-01, 
 1DIAGNOSTIC,    37, -8.315790870850e-01, 3.800175198235e-05, 5.6176e+00, 1.2607e-01, 
 1DIAGNOSTIC,    38, -8.317335439406e-01, 3.522100469312e-05, 5.7440e+00, 1.2633e-01, 
 1DIAGNOSTIC,    39, -8.318810517184e-01, 3.273093769643e-05, 5.8722e+00, 1.2827e-01, 
 1DIAGNOSTIC,    40, -8.320209250762e-01, 3.046775322407e-05, 6.0018e+00, 1.2958e-01, 
 1DIAGNOSTIC,    41, -8.321527287224e-01, 2.837861432973e-05, 6.1296e+00, 1.2780e-01, 
 1DIAGNOSTIC,    42, -8.322765977284e-01, 2.642322157426e-05, 6.2583e+00, 1.2868e-01, 
 1DIAGNOSTIC,    43, -8.323930129431e-01, 2.457067227488e-05, 6.3857e+00, 1.2738e-01, 
 1DIAGNOSTIC,    44, -8.325025907538e-01, 2.281258167023e-05, 6.5117e+00, 1.2608e-01, 
 1DIAGNOSTIC,    45, -8.326053953245e-01, 2.114185012213e-05, 6.6388e+00, 1.2705e-01, 
 1DIAGNOSTIC,    46, -8.327020912192e-01, 1.956073780347e-05, 6.7665e+00, 1.2773e-01, 
 1DIAGNOSTIC,    47, -8.327928821174e-01, 1.807117773993e-05, 6.8926e+00, 1.2611e-01, 
 1DIAGNOSTIC,    48, -8.328780576331e-01, 1.667923590835e-05, 7.0216e+00, 1.2895e-01, 
 1DIAGNOSTIC,    49, -8.329578887025e-01, 1.539036817648e-05, 7.1494e+00, 1.2778e-01, 
 1DIAGNOSTIC,    50, -8.330327838893e-01, 1.420340259161e-05, 7.2772e+00, 1.2782e-01, 
 1DIAGNOSTIC,    51, -8.331030245762e-01, 1.311141168783e-05, 7.4032e+00, 1.2602e-01, 
 1DIAGNOSTIC,    52, -8.331688459184e-01, 1.210578170208e-05, 7.5302e+00, 1.2698e-01, 
 1DIAGNOSTIC,    53, -8.332303432823e-01, 1.117801913426e-05, 7.6577e+00, 1.2748e-01, 
 1DIAGNOSTIC,    54, -8.332882308327e-01, 1.032499696610e-05, 7.7840e+00, 1.2633e-01, 
 1DIAGNOSTIC,    55, -8.333427710149e-01, 9.541787596511e-06, 7.9103e+00, 1.2628e-01, 
 1DIAGNOSTIC,    56, -8.333940721581e-01, 8.824855427646e-06, 8.0369e+00, 1.2660e-01, 
 1DIAGNOSTIC,    57, -8.334422800966e-01, 8.169417012465e-06, 8.1649e+00, 1.2808e-01, 
 1DIAGNOSTIC,    58, -8.334882465912e-01, 7.574310666527e-06, 8.2925e+00, 1.2754e-01, 
 1DIAGNOSTIC,    59, -8.335322225094e-01, 7.037662868470e-06, 8.4202e+00, 1.2769e-01, 
 1DIAGNOSTIC,    60, -8.335739386471e-01, 6.554827111396e-06, 8.5479e+00, 1.2773e-01, 
 1DIAGNOSTIC,    61, -8.336132932990e-01, 6.119190278969e-06, 8.6756e+00, 1.2772e-01, 
 1DIAGNOSTIC,    62, -8.336506096560e-01, 5.724704885020e-06, 8.8021e+00, 1.2645e-01, 
 1DIAGNOSTIC,    63, -8.336853451639e-01, 5.360420267268e-06, 8.9317e+00, 1.2965e-01, 
 1DIAGNOSTIC,    64, -8.337181221737e-01, 5.021604893771e-06, 9.0577e+00, 1.2601e-01, 
 1DIAGNOSTIC,    65, -8.337491529672e-01, 4.704970933678e-06, 9.1879e+00, 1.3017e-01, 
 1DIAGNOSTIC,    66, -8.337791835925e-01, 4.410779324081e-06, 9.3149e+00, 1.2694e-01, 
 1DIAGNOSTIC,    67, -8.338072103729e-01, 4.133452217909e-06, 9.4415e+00, 1.2667e-01, 
 1DIAGNOSTIC,    68, -8.338334368137e-01, 3.872478813033e-06, 9.5681e+00, 1.2663e-01, 
 1DIAGNOSTIC,    69, -8.338582975181e-01, 3.629991824570e-06, 9.6972e+00, 1.2907e-01, 
 1DIAGNOSTIC,    70, -8.338821701481e-01, 3.407303971945e-06, 9.8259e+00, 1.2870e-01, 
 1DIAGNOSTIC,    71, -8.339050749483e-01, 3.203938574852e-06, 9.9534e+00, 1.2751e-01, 
 1DIAGNOSTIC,    72, -8.339268662451e-01, 3.019281676333e-06, 1.0083e+01, 1.2961e-01, 
 1DIAGNOSTIC,    73, -8.339477353459e-01, 2.849873733534e-06, 1.0211e+01, 1.2798e-01, 
 1DIAGNOSTIC,    74, -8.339677655210e-01, 2.694600361421e-06, 1.0338e+01, 1.2742e-01, 
 1DIAGNOSTIC,    75, -8.339870392150e-01, 2.552651226104e-06, 1.0465e+01, 1.2636e-01, 
 1DIAGNOSTIC,    76, -8.340054822415e-01, 2.425586703741e-06, 1.0593e+01, 1.2811e-01, 
 1DIAGNOSTIC,    77, -8.340232438534e-01, 2.310054084095e-06, 1.0720e+01, 1.2721e-01, 
 1DIAGNOSTIC,    78, -8.340405822791e-01, 2.204050242522e-06, 1.0849e+01, 1.2897e-01, 
 1DIAGNOSTIC,    79, -8.340575505218e-01, 2.107064466645e-06, 1.0978e+01, 1.2917e-01, 
 1DIAGNOSTIC,    80, -8.340741051767e-01, 2.019450463311e-06, 1.1109e+01, 1.3033e-01, 
 1DIAGNOSTIC,    81, -8.340900459629e-01, 1.940172715011e-06, 1.1235e+01, 1.2685e-01, 
 1DIAGNOSTIC,    82, -8.341054273167e-01, 1.867268587929e-06, 1.1363e+01, 1.2759e-01, 
 1DIAGNOSTIC,    83, -8.341205074320e-01, 1.800250029146e-06, 1.1492e+01, 1.2853e-01, 
 1DIAGNOSTIC,    84, -8.341352133188e-01, 1.738245377456e-06, 1.1619e+01, 1.2749e-01, 
 1DIAGNOSTIC,    85, -8.341491956307e-01, 1.679080256995e-06, 1.1751e+01, 1.3172e-01, 
 1DIAGNOSTIC,    86, -8.341624594228e-01, 1.620339035528e-06, 1.1879e+01, 1.2807e-01, 
 1DIAGNOSTIC,    87, -8.341755759682e-01, 1.562595902737e-06, 1.2006e+01, 1.2688e-01, 
 1DIAGNOSTIC,    88, -8.341884493737e-01, 1.506943430686e-06, 1.2134e+01, 1.2830e-01, 
 1DIAGNOSTIC,    89, -8.342006377274e-01, 1.452894003969e-06, 1.2261e+01, 1.2702e-01, 
 1DIAGNOSTIC,    90, -8.342122920554e-01, 1.400501679278e-06, 1.2389e+01, 1.2786e-01, 
 1DIAGNOSTIC,    91, -8.342232457953e-01, 1.348347969330e-06, 1.2519e+01, 1.3016e-01, 
 1DIAGNOSTIC,    92, -8.342334111594e-01, 1.294952104559e-06, 1.2648e+01, 1.2906e-01, 
 1DIAGNOSTIC,    93, -8.342429849974e-01, 1.240813270610e-06, 1.2775e+01, 1.2720e-01, 
 1DIAGNOSTIC,    94, -8.342516505225e-01, 1.185234202622e-06, 1.2903e+01, 1.2721e-01, 
 1DIAGNOSTIC,    95, -8.342615017602e-01, 1.134148470585e-06, 1.3030e+01, 1.2753e-01, 
 1DIAGNOSTIC,    96, -8.342718693912e-01, 1.090252727640e-06, 1.3160e+01, 1.3037e-01, 
 1DIAGNOSTIC,    97, -8.342825618859e-01, 1.057024368773e-06, 1.3289e+01, 1.2848e-01, 
 1DIAGNOSTIC,    98, -8.342927585300e-01, 1.033792806119e-06, 1.3421e+01, 1.3194e-01, 
 1DIAGNOSTIC,    99, -8.343021618491e-01, 1.016450256104e-06, 1.3547e+01, 1.2663e-01, 
 1DIAGNOSTIC,   100, -8.343106104936e-01, 1.000394374650e-06, 1.3675e+01, 1.2714e-01, 
XXDIAGNOSTIC,Iteration,metricValue,convergenceValue,ITERATION_TIME_INDEX,SINCE_LAST
 1DIAGNOSTIC,     1, -6.424993489481e-01, 1.797693134862e+308, 1.4626e+01, 9.5142e-01, 
 1DIAGNOSTIC,     2, -6.480457257615e-01, 1.797693134862e+308, 1.4962e+01, 3.3612e-01, 
 1DIAGNOSTIC,     3, -6.521269443912e-01, 1.797693134862e+308, 1.5290e+01, 3.2778e-01, 
 1DIAGNOSTIC,     4, -6.558110604615e-01, 1.797693134862e+308, 1.5610e+01, 3.2005e-01, 
 1DIAGNOSTIC,     5, -6.591981907155e-01, 1.797693134862e+308, 1.5937e+01, 3.2710e-01, 
 1DIAGNOSTIC,     6, -6.623560292268e-01, 1.797693134862e+308, 1.6262e+01, 3.2494e-01, 
 1DIAGNOSTIC,     7, -6.652444677824e-01, 1.797693134862e+308, 1.6591e+01, 3.2852e-01, 
 1DIAGNOSTIC,     8, -6.678903627179e-01, 1.797693134862e+308, 1.6924e+01, 3.3368e-01, 
 1DIAGNOSTIC,     9, -6.702500254867e-01, 1.797693134862e+308, 1.7252e+01, 3.2792e-01, 
 1DIAGNOSTIC,    10, -6.724043797514e-01, 2.816755158486e-03, 1.7580e+01, 3.2796e-01, 
 1DIAGNOSTIC,    11, -6.743777055974e-01, 2.298383983630e-03, 1.7913e+01, 3.3289e-01, 
 1DIAGNOSTIC,    12, -6.761894322480e-01, 1.922474853073e-03, 1.8252e+01, 3.3918e-01, 
 1DIAGNOSTIC,    13, -6.778491679302e-01, 1.619053643219e-03, 1.8587e+01, 3.3484e-01, 
 1DIAGNOSTIC,    14, -6.792978333104e-01, 1.367926869702e-03, 1.8924e+01, 3.3674e-01, 
 1DIAGNOSTIC,    15, -6.806277966751e-01, 1.159001409371e-03, 1.9260e+01, 3.3645e-01, 
 1DIAGNOSTIC,    16, -6.818490972940e-01, 9.859515492651e-04, 1.9594e+01, 3.3376e-01, 
 1DIAGNOSTIC,    17, -6.829721669041e-01, 8.423247458541e-04, 1.9928e+01, 3.3422e-01, 
 1DIAGNOSTIC,    18, -6.840054274926e-01, 7.232326943046e-04, 2.0262e+01, 3.3411e-01, 
 1DIAGNOSTIC,    19, -6.849592430741e-01, 6.232861630271e-04, 2.0597e+01, 3.3494e-01, 
 1DIAGNOSTIC,    20, -6.858422536406e-01, 5.394563142084e-04, 2.0933e+01, 3.3564e-01, 
 1DIAGNOSTIC,    21, -6.866617806276e-01, 4.693412366597e-04, 2.1268e+01, 3.3545e-01, 
 1DIAGNOSTIC,    22, -6.874232948685e-01, 4.109439863506e-04, 2.1609e+01, 3.4077e-01, 
 1DIAGNOSTIC,    23, -6.881321045098e-01, 3.624557704440e-04, 2.1946e+01, 3.3651e-01, 
 1DIAGNOSTIC,    24, -6.887947387841e-01, 3.209594396809e-04, 2.2287e+01, 3.4148e-01, 
 1DIAGNOSTIC,    25, -6.894151446781e-01, 2.853634686684e-04, 2.2629e+01, 3.4169e-01, 
 1DIAGNOSTIC,    26, -6.899961819403e-01, 2.547163376509e-04, 2.2967e+01, 3.3831e-01, 
 1DIAGNOSTIC,    27, -6.905416121225e-01, 2.282268530953e-04, 2.3302e+01, 3.3474e-01, 
 1DIAGNOSTIC,    28, -6.910543693390e-01, 2.052119386528e-04, 2.3643e+01, 3.4090e-01, 
 1DIAGNOSTIC,    29, -6.915372294592e-01, 1.851256080438e-04, 2.3980e+01, 3.3710e-01, 
 1DIAGNOSTIC,    30, -6.919927880406e-01, 1.675271523193e-04, 2.4319e+01, 3.3922e-01, 
 1DIAGNOSTIC,    31, -6.924235791399e-01, 1.520599512915e-04, 2.4654e+01, 3.3523e-01, 
 1DIAGNOSTIC,    32, -6.928313792296e-01, 1.384141425535e-04, 2.4995e+01, 3.4067e-01, 
 1DIAGNOSTIC,    33, -6.932180058962e-01, 1.263273530647e-04, 2.5330e+01, 3.3547e-01, 
 1DIAGNOSTIC,    34, -6.935851829814e-01, 1.156013199665e-04, 2.5666e+01, 3.3559e-01, 
 1DIAGNOSTIC,    35, -6.939343911792e-01, 1.060646282918e-04, 2.6002e+01, 3.3588e-01, 
 1DIAGNOSTIC,    36, -6.942668812198e-01, 9.755834333310e-05, 2.6336e+01, 3.3453e-01, 
 1DIAGNOSTIC,    37, -6.945842071527e-01, 8.995385237042e-05, 2.6673e+01, 3.3671e-01, 
 1DIAGNOSTIC,    38, -6.948881502623e-01, 8.314624866562e-05, 2.7017e+01, 3.4412e-01, 
 1DIAGNOSTIC,    39, -6.951787696490e-01, 7.703408985198e-05, 2.7352e+01, 3.3444e-01, 
 1DIAGNOSTIC,    40, -6.954578041670e-01, 7.153891995238e-05, 2.7688e+01, 3.3668e-01, 
 1DIAGNOSTIC,    41, -6.957262750635e-01, 6.659650944340e-05, 2.8026e+01, 3.3722e-01, 
 1DIAGNOSTIC,    42, -6.959839490815e-01, 6.213693025712e-05, 2.8370e+01, 3.4410e-01, 
 1DIAGNOSTIC,    43, -6.962315019521e-01, 5.809779532921e-05, 2.8714e+01, 3.4454e-01, 
 1DIAGNOSTIC,    44, -6.964702692932e-01, 5.443123293374e-05, 2.9053e+01, 3.3837e-01, 
 1DIAGNOSTIC,    45, -6.967012979627e-01, 5.109880838945e-05, 2.9389e+01, 3.3627e-01, 
 1DIAGNOSTIC,    46, -6.969248360609e-01, 4.806250762078e-05, 2.9726e+01, 3.3764e-01, 
 1DIAGNOSTIC,    47, -6.971417244144e-01, 4.529459092456e-05, 3.0067e+01, 3.4042e-01, 
 1DIAGNOSTIC,    48, -6.973521368526e-01, 4.277363131875e-05, 3.0410e+01, 3.4292e-01, 
 1DIAGNOSTIC,    49, -6.975566862757e-01, 4.047273865136e-05, 3.0746e+01, 3.3582e-01, 
 1DIAGNOSTIC,    50, -6.977550621188e-01, 3.836763074854e-05, 3.1081e+01, 3.3522e-01, 
 1DIAGNOSTIC,    51, -6.979476914286e-01, 3.643831785950e-05, 3.1419e+01, 3.3763e-01, 
 1DIAGNOSTIC,    52, -6.981339869351e-01, 3.465095085613e-05, 3.1764e+01, 3.4562e-01, 
 1DIAGNOSTIC,    53, -6.983142703997e-01, 3.297560575678e-05, 3.2104e+01, 3.3994e-01, 
 1DIAGNOSTIC,    54, -6.984881519129e-01, 3.138745912935e-05, 3.2438e+01, 3.3439e-01, 
 1DIAGNOSTIC,    55, -6.986557764329e-01, 2.987028869827e-05, 3.2774e+01, 3.3566e-01, 
 1DIAGNOSTIC,    56, -6.988167479426e-01, 2.840663378852e-05, 3.3109e+01, 3.3537e-01, 
 1DIAGNOSTIC,    57, -6.989706388823e-01, 2.698351609313e-05, 3.3447e+01, 3.3720e-01, 
 1DIAGNOSTIC,    58, -6.991181574174e-01, 2.559624222009e-05, 3.3781e+01, 3.3472e-01, 
 1DIAGNOSTIC,    59, -6.992587186257e-01, 2.424183003175e-05, 3.4116e+01, 3.3486e-01, 
 1DIAGNOSTIC,    60, -6.993926589493e-01, 2.291914650280e-05, 3.4452e+01, 3.3572e-01, 
 1DIAGNOSTIC,    61, -6.995199881259e-01, 2.163157432725e-05, 3.4790e+01, 3.3767e-01, 
 1DIAGNOSTIC,    62, -6.996421353785e-01, 2.038867809340e-05, 3.5129e+01, 3.3925e-01, 
 1DIAGNOSTIC,    63, -6.997591626358e-01, 1.920144366796e-05, 3.5467e+01, 3.3825e-01, 
 1DIAGNOSTIC,    64, -6.998716494904e-01, 1.807992145052e-05, 3.5807e+01, 3.3963e-01, 
 1DIAGNOSTIC,    65, -6.999798883216e-01, 1.703375451106e-05, 3.6147e+01, 3.4032e-01, 
 1DIAGNOSTIC,    66, -7.000844176744e-01, 1.606902848755e-05, 3.6485e+01, 3.3775e-01, 
 1DIAGNOSTIC,    67, -7.001854449223e-01, 1.518505897781e-05, 3.6823e+01, 3.3821e-01, 
 1DIAGNOSTIC,    68, -7.002834469919e-01, 1.438354548228e-05, 3.7158e+01, 3.3507e-01, 
 1DIAGNOSTIC,    69, -7.003788226218e-01, 1.365957333600e-05, 3.7492e+01, 3.3412e-01, 
 1DIAGNOSTIC,    70, -7.004717460693e-01, 1.300636365674e-05, 3.7831e+01, 3.3895e-01, 
 1DIAGNOSTIC,    71, -7.005621505338e-01, 1.241219849952e-05, 3.8167e+01, 3.3594e-01, 
 1DIAGNOSTIC,    72, -7.006501816258e-01, 1.187122976450e-05, 3.8502e+01, 3.3447e-01, 
 1DIAGNOSTIC,    73, -7.007360421483e-01, 1.137582151142e-05, 3.8845e+01, 3.4377e-01, 
 1DIAGNOSTIC,    74, -7.008201340310e-01, 1.092121204603e-05, 3.9185e+01, 3.3930e-01, 
 1DIAGNOSTIC,    75, -7.009025130013e-01, 1.050209808945e-05, 3.9525e+01, 3.4076e-01, 
 1DIAGNOSTIC,    76, -7.009828512697e-01, 1.011243448537e-05, 3.9862e+01, 3.3684e-01, 
 1DIAGNOSTIC,    77, -7.010612929967e-01, 9.746655055458e-06, 4.0200e+01, 3.3785e-01, 
 1DIAGNOSTIC,    78, -7.011377381527e-01, 9.400038536429e-06, 4.0538e+01, 3.3830e-01, 
 1DIAGNOSTIC,    79, -7.012125905799e-01, 9.071297898131e-06, 4.0875e+01, 3.3699e-01, 
 1DIAGNOSTIC,    80, -7.012854251116e-01, 8.757029422298e-06, 4.1214e+01, 3.3909e-01, 
 1DIAGNOSTIC,    81, -7.013564040260e-01, 8.454019975597e-06, 4.1554e+01, 3.3978e-01, 
 1DIAGNOSTIC,    82, -7.014253100017e-01, 8.158508042108e-06, 4.1890e+01, 3.3549e-01, 
 1DIAGNOSTIC,    83, -7.014925699489e-01, 7.869962874878e-06, 4.2230e+01, 3.4017e-01, 
 1DIAGNOSTIC,    84, -7.015579906494e-01, 7.588827720449e-06, 4.2566e+01, 3.3614e-01, 
 1DIAGNOSTIC,    85, -7.016213523426e-01, 7.314792866401e-06, 4.2905e+01, 3.3912e-01, 
 1DIAGNOSTIC,    86, -7.016827430940e-01, 7.046435270629e-06, 4.3241e+01, 3.3594e-01, 
 1DIAGNOSTIC,    87, -7.017424585031e-01, 6.784524630030e-06, 4.3585e+01, 3.4387e-01, 
 1DIAGNOSTIC,    88, -7.018004396889e-01, 6.528890655980e-06, 4.3929e+01, 3.4363e-01, 
 1DIAGNOSTIC,    89, -7.018567363119e-01, 6.281534033113e-06, 4.4270e+01, 3.4119e-01, 
 1DIAGNOSTIC,    90, -7.019112882483e-01, 6.041940922531e-06, 4.4606e+01, 3.3650e-01, 
 1DIAGNOSTIC,    91, -7.019640017105e-01, 5.809753274251e-06, 4.4945e+01, 3.3890e-01, 
 1DIAGNOSTIC,    92, -7.020150403138e-01, 5.584097476769e-06, 4.5290e+01, 3.4497e-01, 
 1DIAGNOSTIC,    93, -7.020646386480e-01, 5.366911597447e-06, 4.5627e+01, 3.3713e-01, 
 1DIAGNOSTIC,    94, -7.021126140551e-01, 5.158087939704e-06, 4.5963e+01, 3.3535e-01, 
 1DIAGNOSTIC,    95, -7.021590811665e-01, 4.956764685329e-06, 4.6305e+01, 3.4204e-01, 
 1DIAGNOSTIC,    96, -7.022041910460e-01, 4.762807012726e-06, 4.6640e+01, 3.3565e-01, 
 1DIAGNOSTIC,    97, -7.022482768412e-01, 4.578412512730e-06, 4.6981e+01, 3.4019e-01, 
 1DIAGNOSTIC,    98, -7.022911844878e-01, 4.404206155261e-06, 4.7321e+01, 3.4087e-01, 
 1DIAGNOSTIC,    99, -7.023328703924e-01, 4.240261312708e-06, 4.7661e+01, 3.3990e-01, 
 1DIAGNOSTIC,   100, -7.023734290992e-01, 4.086188573314e-06, 4.7998e+01, 3.3691e-01, 
XXDIAGNOSTIC,Iteration,metricValue,convergenceValue,ITERATION_TIME_INDEX,SINCE_LAST
 1DIAGNOSTIC,     1, -5.185143919118e-01, 1.797693134862e+308, 4.9230e+01, 1.2316e+00, 
 1DIAGNOSTIC,     2, -5.226018730011e-01, 1.797693134862e+308, 4.9949e+01, 7.1963e-01, 
 1DIAGNOSTIC,     3, -5.255826261987e-01, 1.797693134862e+308, 5.0655e+01, 7.0600e-01, 
 1DIAGNOSTIC,     4, -5.284061459424e-01, 1.797693134862e+308, 5.1362e+01, 7.0668e-01, 
 1DIAGNOSTIC,     5, -5.310861198388e-01, 1.797693134862e+308, 5.2068e+01, 7.0538e-01, 
 1DIAGNOSTIC,     6, -5.335633888925e-01, 1.797693134862e+308, 5.2789e+01, 7.2114e-01, 
 1DIAGNOSTIC,     7, -5.358657937392e-01, 1.797693134862e+308, 5.3509e+01, 7.2001e-01, 
 1DIAGNOSTIC,     8, -5.379317230749e-01, 1.797693134862e+308, 5.4229e+01, 7.2080e-01, 
 1DIAGNOSTIC,     9, -5.398557831746e-01, 1.797693134862e+308, 5.4969e+01, 7.3953e-01, 
 1DIAGNOSTIC,    10, -5.416311326077e-01, 2.717039233312e-03, 5.5707e+01, 7.3774e-01, 
 1DIAGNOSTIC,    11, -5.431562523545e-01, 2.243787418868e-03, 5.6472e+01, 7.6485e-01, 
 1DIAGNOSTIC,    12, -5.445624600999e-01, 1.891328268808e-03, 5.7205e+01, 7.3380e-01, 
 1DIAGNOSTIC,    13, -5.458626539586e-01, 1.596573419704e-03, 5.7937e+01, 7.3204e-01, 
 1DIAGNOSTIC,    14, -5.470659665179e-01, 1.350714555906e-03, 5.8672e+01, 7.3506e-01, 
 1DIAGNOSTIC,    15, -5.481806984170e-01, 1.147605874629e-03, 5.9412e+01, 7.3922e-01, 
 1DIAGNOSTIC,    16, -5.492157647025e-01, 9.801402937638e-04, 6.0148e+01, 7.3659e-01, 
 1DIAGNOSTIC,    17, -5.501784597845e-01, 8.431007842560e-04, 6.0885e+01, 7.3697e-01, 
 1DIAGNOSTIC,    18, -5.510758191045e-01, 7.297200834930e-04, 6.1621e+01, 7.3529e-01, 
 1DIAGNOSTIC,    19, -5.519130285603e-01, 6.367068229405e-04, 6.2356e+01, 7.3511e-01, 
 1DIAGNOSTIC,    20, -5.526957385973e-01, 5.607552736490e-04, 6.3093e+01, 7.3711e-01, 
 1DIAGNOSTIC,    21, -5.534294744198e-01, 4.959927228885e-04, 6.3831e+01, 7.3828e-01, 
 1DIAGNOSTIC,    22, -5.541187412745e-01, 4.405100281615e-04, 6.4566e+01, 7.3498e-01, 
 1DIAGNOSTIC,    23, -5.547674016335e-01, 3.928051646317e-04, 6.5305e+01, 7.3911e-01, 
 1DIAGNOSTIC,    24, -5.553793784879e-01, 3.516433707645e-04, 6.6055e+01, 7.4997e-01, 
 1DIAGNOSTIC,    25, -5.559578605872e-01, 3.159924736964e-04, 6.6793e+01, 7.3804e-01, 
 1DIAGNOSTIC,    26, -5.565060956901e-01, 2.850199330378e-04, 6.7529e+01, 7.3571e-01, 
 1DIAGNOSTIC,    27, -5.570266069276e-01, 2.580278091952e-04, 6.8263e+01, 7.3446e-01, 
 1DIAGNOSTIC,    28, -5.575214260257e-01, 2.344320902117e-04, 6.9005e+01, 7.4159e-01, 
 1DIAGNOSTIC,    29, -5.579923556939e-01, 2.137193497446e-04, 6.9752e+01, 7.4673e-01, 
 1DIAGNOSTIC,    30, -5.584405551601e-01, 1.954462932394e-04, 7.0499e+01, 7.4774e-01, 
 1DIAGNOSTIC,    31, -5.588675346154e-01, 1.792469489434e-04, 7.1247e+01, 7.4776e-01, 
 1DIAGNOSTIC,    32, -5.592752862136e-01, 1.648236192838e-04, 7.1985e+01, 7.3762e-01, 
 1DIAGNOSTIC,    33, -5.596655345279e-01, 1.519312733469e-04, 7.2724e+01, 7.3953e-01, 
 1DIAGNOSTIC,    34, -5.600393950648e-01, 1.403695754585e-04, 7.3462e+01, 7.3787e-01, 
 1DIAGNOSTIC,    35, -5.603978332606e-01, 1.299694908169e-04, 7.4202e+01, 7.4026e-01, 
 1DIAGNOSTIC,    36, -5.607420018034e-01, 1.205974585100e-04, 7.4962e+01, 7.5916e-01, 
 1DIAGNOSTIC,    37, -5.610726960845e-01, 1.121383641492e-04, 7.5701e+01, 7.3966e-01, 
 1DIAGNOSTIC,    38, -5.613902612074e-01, 1.044834053668e-04, 7.6451e+01, 7.4935e-01, 
 1DIAGNOSTIC,    39, -5.616957559240e-01, 9.753982111381e-05, 7.7188e+01, 7.3718e-01, 
 1DIAGNOSTIC,    40, -5.619897766427e-01, 9.121693507395e-05, 7.7922e+01, 7.3458e-01, 
 1DIAGNOSTIC,    41, -5.622728366660e-01, 8.543259382829e-05, 7.8663e+01, 7.4036e-01, 
 1DIAGNOSTIC,    42, -5.625455640920e-01, 8.012308714399e-05, 7.9407e+01, 7.4450e-01, 
 1DIAGNOSTIC,    43, -5.628085020976e-01, 7.523923954521e-05, 8.0148e+01, 7.4050e-01, 
 1DIAGNOSTIC,    44, -5.630622071676e-01, 7.073915628429e-05, 8.0888e+01, 7.4051e-01, 
 1DIAGNOSTIC,    45, -5.633071346144e-01, 6.658557956746e-05, 8.1632e+01, 7.4341e-01, 
 1DIAGNOSTIC,    46, -5.635436604855e-01, 6.274790054421e-05, 8.2375e+01, 7.4352e-01, 
 1DIAGNOSTIC,    47, -5.637721434831e-01, 5.919821510205e-05, 8.3119e+01, 7.4335e-01, 
 1DIAGNOSTIC,    48, -5.639932619122e-01, 5.591003867110e-05, 8.3857e+01, 7.3869e-01, 
 1DIAGNOSTIC,    49, -5.642072790987e-01, 5.286212868993e-05, 8.4604e+01, 7.4672e-01, 
 1DIAGNOSTIC,    50, -5.644144004000e-01, 5.003327343569e-05, 8.5343e+01, 7.3909e-01, 
 1DIAGNOSTIC,    51, -5.646150982514e-01, 4.740477146268e-05, 8.6082e+01, 7.3907e-01, 
 1DIAGNOSTIC,    52, -5.648097259024e-01, 4.496053526575e-05, 8.6828e+01, 7.4563e-01, 
 1DIAGNOSTIC,    53, -5.649983776275e-01, 4.268391179433e-05, 8.7574e+01, 7.4633e-01, 
 1DIAGNOSTIC,    54, -5.651810908222e-01, 4.055807491377e-05, 8.8312e+01, 7.3822e-01, 
 1DIAGNOSTIC,    55, -5.653584766901e-01, 3.857121404879e-05, 8.9063e+01, 7.5027e-01, 
 1DIAGNOSTIC,    56, -5.655306945878e-01, 3.671128649793e-05, 8.9802e+01, 7.3942e-01, 
 1DIAGNOSTIC,    57, -5.656978637037e-01, 3.496600325169e-05, 9.0542e+01, 7.3967e-01, 
 1DIAGNOSTIC,    58, -5.658602610700e-01, 3.332783131023e-05, 9.1275e+01, 7.3350e-01, 
 1DIAGNOSTIC,    59, -5.660180776515e-01, 3.178928740045e-05, 9.2018e+01, 7.4328e-01, 
 1DIAGNOSTIC,    60, -5.661713935082e-01, 3.034153007898e-05, 9.2751e+01, 7.3308e-01, 
 1DIAGNOSTIC,    61, -5.663206433522e-01, 2.898014331711e-05, 9.3486e+01, 7.3481e-01, 
 1DIAGNOSTIC,    62, -5.664657971136e-01, 2.769997626809e-05, 9.4218e+01, 7.3127e-01, 
 1DIAGNOSTIC,    63, -5.666069310679e-01, 2.649416888488e-05, 9.4953e+01, 7.3518e-01, 
 1DIAGNOSTIC,    64, -5.667441664125e-01, 2.535428173497e-05, 9.5692e+01, 7.3975e-01, 
 1DIAGNOSTIC,    65, -5.668779699557e-01, 2.427819842838e-05, 9.6438e+01, 7.4515e-01, 
 1DIAGNOSTIC,    66, -5.670084807939e-01, 2.326342306533e-05, 9.7179e+01, 7.4171e-01, 
 1DIAGNOSTIC,    67, -5.671356908407e-01, 2.230573469803e-05, 9.7914e+01, 7.3490e-01, 
 1DIAGNOSTIC,    68, -5.672598218545e-01, 2.140246533024e-05, 9.8655e+01, 7.4111e-01, 
 1DIAGNOSTIC,    69, -5.673808938114e-01, 2.055014244287e-05, 9.9392e+01, 7.3700e-01, 
 1DIAGNOSTIC,    70, -5.674990555205e-01, 1.974468909495e-05, 1.0013e+02, 7.3862e-01, 
XXDIAGNOSTIC,Iteration,metricValue,convergenceValue,ITERATION_TIME_INDEX,SINCE_LAST
 1DIAGNOSTIC,     1, -3.258088656532e-01, 1.797693134862e+308, 1.0350e+02, 3.3724e+00, 
 1DIAGNOSTIC,     2, -3.306307910268e-01, 1.797693134862e+308, 1.0638e+02, 2.8723e+00, 
 1DIAGNOSTIC,     3, -3.346323464589e-01, 1.797693134862e+308, 1.0921e+02, 2.8314e+00, 
 1DIAGNOSTIC,     4, -3.382913602933e-01, 1.797693134862e+308, 1.1205e+02, 2.8412e+00, 
 1DIAGNOSTIC,     5, -3.416446634926e-01, 1.797693134862e+308, 1.1491e+02, 2.8657e+00, 
 1DIAGNOSTIC,     6, -3.447436915543e-01, 1.797693134862e+308, 1.1777e+02, 2.8556e+00, 
 1DIAGNOSTIC,     7, -3.476010041545e-01, 1.797693134862e+308, 1.2058e+02, 2.8083e+00, 
 1DIAGNOSTIC,     8, -3.501973075711e-01, 1.797693134862e+308, 1.2346e+02, 2.8785e+00, 
 1DIAGNOSTIC,     9, -3.527578002855e-01, 1.797693134862e+308, 1.2628e+02, 2.8287e+00, 
 1DIAGNOSTIC,    10, -3.550644846564e-01, 5.350535561302e-03, 1.2913e+02, 2.8448e+00, 
 1DIAGNOSTIC,    11, -3.573217522620e-01, 4.452745754019e-03, 1.3199e+02, 2.8643e+00, 
 1DIAGNOSTIC,    12, -3.594631521094e-01, 3.783417191966e-03, 1.3488e+02, 2.8855e+00, 
 1DIAGNOSTIC,    13, -3.614962501057e-01, 3.255973539408e-03, 1.3773e+02, 2.8490e+00, 
 1DIAGNOSTIC,    14, -3.633112133124e-01, 2.827328353983e-03, 1.4057e+02, 2.8463e+00, 
 1DIAGNOSTIC,    15, -3.651548825847e-01, 2.479549739692e-03, 1.4347e+02, 2.8967e+00, 
 1DIAGNOSTIC,    16, -3.669197747970e-01, 2.194011640834e-03, 1.4630e+02, 2.8250e+00, 
 1DIAGNOSTIC,    17, -3.684835545866e-01, 1.949938760829e-03, 1.4920e+02, 2.8996e+00, 
 1DIAGNOSTIC,    18, -3.700974042622e-01, 1.741036863767e-03, 1.5209e+02, 2.8967e+00, 
 1DIAGNOSTIC,    19, -3.715226339403e-01, 1.561093005298e-03, 1.5493e+02, 2.8326e+00, 
 1DIAGNOSTIC,    20, -3.728871542079e-01, 1.400839153572e-03, 1.5786e+02, 2.9343e+00, 
 1DIAGNOSTIC,    21, -3.743184950540e-01, 1.265335479521e-03, 1.6077e+02, 2.9117e+00, 
 1DIAGNOSTIC,    22, -3.755718257148e-01, 1.146482909201e-03, 1.6375e+02, 2.9778e+00, 
 1DIAGNOSTIC,    23, -3.767744712278e-01, 1.042350884106e-03, 1.6664e+02, 2.8947e+00, 
 1DIAGNOSTIC,    24, -3.779322363104e-01, 9.471068654030e-04, 1.6960e+02, 2.9518e+00, 
 1DIAGNOSTIC,    25, -3.791710904160e-01, 8.677572135989e-04, 1.7247e+02, 2.8780e+00, 
 1DIAGNOSTIC,    26, -3.802399468996e-01, 7.985118011896e-04, 1.7535e+02, 2.8743e+00, 
 1DIAGNOSTIC,    27, -3.812687104013e-01, 7.344473212705e-04, 1.7823e+02, 2.8859e+00, 
 1DIAGNOSTIC,    28, -3.822614268436e-01, 6.786983589930e-04, 1.8106e+02, 2.8292e+00, 
 1DIAGNOSTIC,    29, -3.832194100952e-01, 6.269050673210e-04, 1.8399e+02, 2.9287e+00, 
 1DIAGNOSTIC,    30, -3.842686650021e-01, 5.818595342373e-04, 1.8694e+02, 2.9444e+00, 
 1DIAGNOSTIC,    31, -3.851531313213e-01, 5.426532043294e-04, 1.8987e+02, 2.9366e+00, 
 1DIAGNOSTIC,    32, -3.859977384320e-01, 5.054431948976e-04, 1.9285e+02, 2.9733e+00, 
 1DIAGNOSTIC,    33, -3.868165948294e-01, 4.700847088843e-04, 1.9579e+02, 2.9416e+00, 
 1DIAGNOSTIC,    34, -3.876026422376e-01, 4.362837602444e-04, 1.9870e+02, 2.9114e+00, 
 1DIAGNOSTIC,    35, -3.884895979974e-01, 4.098217035677e-04, 2.0160e+02, 2.9048e+00, 
 1DIAGNOSTIC,    36, -3.892187875073e-01, 3.842365840097e-04, 2.0452e+02, 2.9134e+00, 
 1DIAGNOSTIC,    37, -3.899186560855e-01, 3.594701310470e-04, 2.0741e+02, 2.8885e+00, 
 1DIAGNOSTIC,    38, -3.905944682748e-01, 3.355567115435e-04, 2.1029e+02, 2.8817e+00, 
 1DIAGNOSTIC,    39, -3.912452582966e-01, 3.124255401553e-04, 2.1319e+02, 2.9071e+00, 
 1DIAGNOSTIC,    40, -3.920120830955e-01, 2.953931708420e-04, 2.1608e+02, 2.8819e+00, 
 1DIAGNOSTIC,    41, -3.926226751857e-01, 2.787782932877e-04, 2.1901e+02, 2.9380e+00, 
 1DIAGNOSTIC,    42, -3.932106023042e-01, 2.624207226599e-04, 2.2190e+02, 2.8859e+00, 
 1DIAGNOSTIC,    43, -3.937811104505e-01, 2.464369129226e-04, 2.2479e+02, 2.8865e+00, 
 1DIAGNOSTIC,    44, -3.943343388779e-01, 2.307063745060e-04, 2.2772e+02, 2.9319e+00, 
 1DIAGNOSTIC,    45, -3.950022461238e-01, 2.198491853947e-04, 2.3067e+02, 2.9529e+00, 
 1DIAGNOSTIC,    46, -3.955241910589e-01, 2.089851656653e-04, 2.3363e+02, 2.9582e+00, 
 1DIAGNOSTIC,    47, -3.960246065603e-01, 1.979837633700e-04, 2.3656e+02, 2.9303e+00, 
 1DIAGNOSTIC,    48, -3.965115308057e-01, 1.868718442393e-04, 2.3939e+02, 2.8283e+00, 
 1DIAGNOSTIC,    49, -3.969857194361e-01, 1.755930721141e-04, 2.4231e+02, 2.9178e+00, 
 1DIAGNOSTIC,    50, -3.975823073853e-01, 1.685086965857e-04, 2.4522e+02, 2.9146e+00, 
XXDIAGNOSTIC,Iteration,metricValue,convergenceValue,ITERATION_TIME_INDEX,SINCE_LAST
 1DIAGNOSTIC,     1, -2.579347918766e-01, 1.797693134862e+308, 2.5742e+02, 1.2199e+01, 
 1DIAGNOSTIC,     2, -2.618768201918e-01, 1.797693134862e+308, 2.6886e+02, 1.1436e+01, 
 1DIAGNOSTIC,     3, -2.665040890561e-01, 1.797693134862e+308, 2.8033e+02, 1.1477e+01, 
 1DIAGNOSTIC,     4, -2.708329090358e-01, 1.797693134862e+308, 2.9153e+02, 1.1197e+01, 
 1DIAGNOSTIC,     5, -2.741796828630e-01, 1.797693134862e+308, 3.0293e+02, 1.1397e+01, 
 1DIAGNOSTIC,     6, -2.773953821206e-01, 1.797693134862e+308, 3.1459e+02, 1.1659e+01, 
 1DIAGNOSTIC,     7, -2.804157191725e-01, 1.797693134862e+308, 3.2589e+02, 1.1308e+01, 
 1DIAGNOSTIC,     8, -2.831152288955e-01, 1.797693134862e+308, 3.3743e+02, 1.1533e+01, 
 1DIAGNOSTIC,     9, -2.856502647402e-01, 1.797693134862e+308, 3.4896e+02, 1.1531e+01, 
 1DIAGNOSTIC,    10, -2.878936283182e-01, 6.979089497024e-03, 3.6059e+02, 1.1632e+01, 
 1DIAGNOSTIC,    11, -2.900197398140e-01, 5.798193889402e-03, 3.7210e+02, 1.1506e+01, 
 1DIAGNOSTIC,    12, -2.920528816201e-01, 4.805663329852e-03, 3.8400e+02, 1.1905e+01, 
 1DIAGNOSTIC,    13, -2.939957574717e-01, 4.047693733197e-03, 3.9582e+02, 1.1818e+01, 
 1DIAGNOSTIC,    14, -2.957983930726e-01, 3.476209886465e-03, 4.0729e+02, 1.1472e+01, 
 1DIAGNOSTIC,    15, -2.975077034698e-01, 3.004658131176e-03, 4.1897e+02, 1.1684e+01, 
 1DIAGNOSTIC,    16, -2.992188906197e-01, 2.626467487771e-03, 4.3075e+02, 1.1774e+01, 
 1DIAGNOSTIC,    17, -3.008724648225e-01, 2.326232774533e-03, 4.4212e+02, 1.1367e+01, 
 1DIAGNOSTIC,    18, -3.024543487797e-01, 2.081358416321e-03, 4.5361e+02, 1.1495e+01, 
 1DIAGNOSTIC,    19, -3.041622581286e-01, 1.891168699080e-03, 4.6513e+02, 1.1520e+01, 
 1DIAGNOSTIC,    20, -3.056193197740e-01, 1.726951854222e-03, 4.7680e+02, 1.1671e+01, 
  Elapsed time (stage 2): 477.4


Total elapsed time: 539.4
